#
# There is insufficient memory for the Java Runtime Environment to continue.
# Native memory allocation (malloc) failed to allocate 1903856 bytes for Chunk::new
# Possible reasons:
#   The system is out of physical RAM or swap space
#   The process is running with CompressedOops enabled, and the Java Heap may be blocking the growth of the native heap
# Possible solutions:
#   Reduce memory load on the system
#   Increase physical memory or swap space
#   Check if swap backing store is full
#   Decrease Java heap size (-Xmx/-Xms)
#   Decrease number of Java threads
#   Decrease Java thread stack sizes (-Xss)
#   Set larger code cache with -XX:ReservedCodeCacheSize=
#   JVM is running with Unscaled Compressed Oops mode in which the Java heap is
#     placed in the first 4GB address space. The Java Heap base address is the
#     maximum limit for the native heap growth. Please use -XX:HeapBaseMinAddress
#     to set the Java Heap base and to place the Java Heap above 4GB virtual address.
# This output file may be truncated or incomplete.
#
#  Out of Memory Error (allocation.cpp:389), pid=101788, tid=0x0000000000009a54
#
# JRE version: OpenJDK Runtime Environment (8.0_242-b01) (build 1.8.0_242-release-1644-b01)
# Java VM: OpenJDK 64-Bit Server VM (25.242-b01 mixed mode windows-amd64 compressed oops)
# Failed to write core dump. Minidumps are not enabled by default on client versions of Windows
#

---------------  T H R E A D  ---------------

Current thread (0x00000000164f9000):  JavaThread "C2 CompilerThread0" daemon [_thread_in_native, id=39508, stack(0x0000000019220000,0x0000000019320000)]

Stack: [0x0000000019220000,0x0000000019320000]
[error occurred during error reporting (printing stack bounds), id 0xc0000005]

Native frames: (J=compiled Java code, j=interpreted, Vv=VM code, C=native code)


Current CompileTask:
C2: 108846 15792 %     4       com.android.tools.r8.z.a.a.f::a @ 66 (6058 bytes)


---------------  P R O C E S S  ---------------

Java Threads: ( => current thread )
  0x000000001e626800 JavaThread "WorkerExecutor Queue Thread 7" [_thread_blocked, id=270568, stack(0x0000000032300000,0x0000000032400000)]
  0x000000001e619000 JavaThread "WorkerExecutor Queue Thread 6" [_thread_in_Java, id=38048, stack(0x0000000032200000,0x0000000032300000)]
  0x000000001e620000 JavaThread "WorkerExecutor Queue Thread 5" [_thread_in_Java, id=222836, stack(0x0000000032100000,0x0000000032200000)]
  0x000000001e61d000 JavaThread "WorkerExecutor Queue Thread 4" [_thread_in_Java, id=176096, stack(0x0000000032000000,0x0000000032100000)]
  0x000000001e61e800 JavaThread "WorkerExecutor Queue Thread 3" [_thread_in_vm, id=228800, stack(0x0000000031d50000,0x0000000031e50000)]
  0x000000001e61f000 JavaThread "WorkerExecutor Queue Thread 2" [_thread_in_Java, id=238380, stack(0x0000000031510000,0x0000000031610000)]
  0x000000001e623000 JavaThread "ForkJoinPool.commonPool-worker-13" daemon [_thread_blocked, id=208720, stack(0x0000000031b10000,0x0000000031c10000)]
  0x000000001e617000 JavaThread "ForkJoinPool.commonPool-worker-4" daemon [_thread_blocked, id=138060, stack(0x0000000031a10000,0x0000000031b10000)]
  0x000000001e61d800 JavaThread "ForkJoinPool.commonPool-worker-11" daemon [_thread_blocked, id=186076, stack(0x0000000031910000,0x0000000031a10000)]
  0x000000001e616000 JavaThread "ForkJoinPool.commonPool-worker-2" daemon [_thread_blocked, id=265744, stack(0x0000000031810000,0x0000000031910000)]
  0x000000001e61c000 JavaThread "ForkJoinPool.commonPool-worker-9" daemon [_thread_blocked, id=40860, stack(0x0000000031710000,0x0000000031810000)]
  0x000000001e61a800 JavaThread "RMI TCP Connection(5)-127.0.0.1" daemon [_thread_in_native, id=59648, stack(0x0000000031610000,0x0000000031710000)]
  0x000000001e615800 JavaThread "WorkerExecutor Queue" [_thread_in_Java, id=178132, stack(0x0000000030810000,0x0000000030910000)]
  0x000000001e61a000 JavaThread "RMI TCP Connection(4)-127.0.0.1" daemon [_thread_in_native, id=92004, stack(0x0000000030a10000,0x0000000030b10000)]
  0x000000001e614800 JavaThread "RMI TCP Connection(6)-127.0.0.1" daemon [_thread_in_native, id=53460, stack(0x0000000030910000,0x0000000030a10000)]
  0x000000001e617800 JavaThread "Cache worker for execution history cache (D:\Monkeytech\inDEV\WoodSpoon\WoodSpoonEatersNew\.gradle\6.5\executionHistory)" [_thread_blocked, id=242360, stack(0x0000000030710000,0x0000000030810000)]
  0x000000001e618800 JavaThread "Execution worker for ':' Thread 11" [_thread_blocked, id=206440, stack(0x000000002f6d0000,0x000000002f7d0000)]
  0x000000001e611000 JavaThread "Execution worker for ':' Thread 10" [_thread_blocked, id=39604, stack(0x000000002f5d0000,0x000000002f6d0000)]
  0x000000001e60f800 JavaThread "Execution worker for ':' Thread 9" [_thread_blocked, id=39048, stack(0x000000002f4d0000,0x000000002f5d0000)]
  0x000000001e610000 JavaThread "Execution worker for ':' Thread 8" [_thread_blocked, id=89372, stack(0x000000002f3d0000,0x000000002f4d0000)]
  0x000000001e614000 JavaThread "Execution worker for ':' Thread 7" [_thread_blocked, id=135664, stack(0x000000002f2d0000,0x000000002f3d0000)]
  0x000000001e611800 JavaThread "Execution worker for ':' Thread 6" [_thread_blocked, id=58540, stack(0x000000002f1d0000,0x000000002f2d0000)]
  0x00000000206b4800 JavaThread "Execution worker for ':' Thread 5" [_thread_blocked, id=65908, stack(0x000000002f0d0000,0x000000002f1d0000)]
  0x00000000206b4000 JavaThread "Execution worker for ':' Thread 4" [_thread_blocked, id=148260, stack(0x000000002efd0000,0x000000002f0d0000)]
  0x00000000206b1800 JavaThread "Execution worker for ':' Thread 3" [_thread_blocked, id=62648, stack(0x000000002e600000,0x000000002e700000)]
  0x00000000206b1000 JavaThread "Execution worker for ':' Thread 2" [_thread_blocked, id=79056, stack(0x000000002e500000,0x000000002e600000)]
  0x00000000206ac000 JavaThread "Execution worker for ':'" [_thread_blocked, id=67432, stack(0x000000002c030000,0x000000002c130000)]
  0x00000000206af000 JavaThread "Cache worker for file content cache (D:\Monkeytech\inDEV\WoodSpoon\WoodSpoonEatersNew\.gradle\6.5\fileContent)" [_thread_blocked, id=130372, stack(0x000000002bf30000,0x000000002c030000)]
  0x00000000206b2800 JavaThread "Cache worker for Build Output Cleanup Cache (D:\Monkeytech\inDEV\WoodSpoon\WoodSpoonEatersNew\.gradle\buildOutputCleanup)" [_thread_blocked, id=94920, stack(0x000000002be30000,0x000000002bf30000)]
  0x00000000206ae800 JavaThread "jar transforms Thread 248" [_thread_blocked, id=246828, stack(0x000000002bd30000,0x000000002be30000)]
  0x00000000206a7800 JavaThread "jar transforms Thread 247" [_thread_blocked, id=229972, stack(0x000000002bb30000,0x000000002bc30000)]
  0x00000000206ad800 JavaThread "jar transforms Thread 246" [_thread_blocked, id=280880, stack(0x000000002ba30000,0x000000002bb30000)]
  0x00000000206a6000 JavaThread "jar transforms Thread 245" [_thread_blocked, id=72296, stack(0x000000002b930000,0x000000002ba30000)]
  0x00000000206a7000 JavaThread "jar transforms Thread 244" [_thread_blocked, id=194532, stack(0x000000002b830000,0x000000002b930000)]
  0x00000000206a9000 JavaThread "jar transforms Thread 243" [_thread_blocked, id=37256, stack(0x000000002b730000,0x000000002b830000)]
  0x00000000206ab800 JavaThread "jar transforms Thread 242" [_thread_blocked, id=101048, stack(0x000000002b630000,0x000000002b730000)]
  0x00000000206aa800 JavaThread "jar transforms Thread 241" [_thread_blocked, id=174576, stack(0x000000002b530000,0x000000002b630000)]
  0x00000000206a8800 JavaThread "jar transforms Thread 240" [_thread_blocked, id=215900, stack(0x000000002b430000,0x000000002b530000)]
  0x00000000206aa000 JavaThread "jar transforms Thread 239" [_thread_blocked, id=227064, stack(0x000000002b330000,0x000000002b430000)]
  0x00000000206ad000 JavaThread "jar transforms Thread 238" [_thread_blocked, id=272212, stack(0x000000002b230000,0x000000002b330000)]
  0x00000000206a5800 JavaThread "jar transforms Thread 237" [_thread_blocked, id=175400, stack(0x000000002b130000,0x000000002b230000)]
  0x000000001e71a000 JavaThread "jar transforms Thread 236" [_thread_blocked, id=10060, stack(0x000000002b030000,0x000000002b130000)]
  0x000000001e719000 JavaThread "jar transforms Thread 235" [_thread_blocked, id=99932, stack(0x000000002af30000,0x000000002b030000)]
  0x000000001e718800 JavaThread "jar transforms Thread 234" [_thread_blocked, id=242304, stack(0x000000002ae30000,0x000000002af30000)]
  0x000000001e717800 JavaThread "jar transforms Thread 233" [_thread_blocked, id=52808, stack(0x000000002ad30000,0x000000002ae30000)]
  0x000000001e710000 JavaThread "jar transforms Thread 232" [_thread_blocked, id=204888, stack(0x000000002ac30000,0x000000002ad30000)]
  0x000000001e716000 JavaThread "jar transforms Thread 231" [_thread_blocked, id=163204, stack(0x000000002ab30000,0x000000002ac30000)]
  0x000000001e715800 JavaThread "jar transforms Thread 230" [_thread_blocked, id=138248, stack(0x000000002aa30000,0x000000002ab30000)]
  0x000000001e714000 JavaThread "jar transforms Thread 229" [_thread_blocked, id=230772, stack(0x000000002a930000,0x000000002aa30000)]
  0x000000001e717000 JavaThread "jar transforms Thread 228" [_thread_blocked, id=42400, stack(0x000000002a830000,0x000000002a930000)]
  0x000000001e713000 JavaThread "jar transforms Thread 227" [_thread_blocked, id=119020, stack(0x000000002a730000,0x000000002a830000)]
  0x000000001e714800 JavaThread "jar transforms Thread 226" [_thread_blocked, id=197268, stack(0x000000002a630000,0x000000002a730000)]
  0x000000001e70e000 JavaThread "jar transforms Thread 225" [_thread_blocked, id=188036, stack(0x000000002a530000,0x000000002a630000)]
  0x000000001e70f800 JavaThread "jar transforms Thread 224" [_thread_blocked, id=173908, stack(0x000000002a430000,0x000000002a530000)]
  0x000000001e70e800 JavaThread "jar transforms Thread 223" [_thread_blocked, id=165928, stack(0x000000002a330000,0x000000002a430000)]
  0x000000001e70b800 JavaThread "jar transforms Thread 222" [_thread_blocked, id=49688, stack(0x000000002a230000,0x000000002a330000)]
  0x000000001e70d000 JavaThread "jar transforms Thread 221" [_thread_blocked, id=288580, stack(0x000000002a130000,0x000000002a230000)]
  0x000000001e712800 JavaThread "jar transforms Thread 220" [_thread_blocked, id=3548, stack(0x000000002a030000,0x000000002a130000)]
  0x000000001e711800 JavaThread "jar transforms Thread 219" [_thread_blocked, id=229040, stack(0x0000000029f30000,0x000000002a030000)]
  0x000000001e70c800 JavaThread "jar transforms Thread 218" [_thread_blocked, id=172452, stack(0x0000000029e30000,0x0000000029f30000)]
  0x000000001e711000 JavaThread "jar transforms Thread 217" [_thread_blocked, id=79568, stack(0x0000000029d30000,0x0000000029e30000)]
  0x000000001e70b000 JavaThread "jar transforms Thread 216" [_thread_blocked, id=65964, stack(0x0000000029c30000,0x0000000029d30000)]
  0x000000001e1cf000 JavaThread "jar transforms Thread 215" [_thread_blocked, id=139352, stack(0x0000000029b30000,0x0000000029c30000)]
  0x000000001e1ce800 JavaThread "jar transforms Thread 214" [_thread_blocked, id=209832, stack(0x0000000029a30000,0x0000000029b30000)]
  0x000000001e1cd800 JavaThread "jar transforms Thread 213" [_thread_blocked, id=217616, stack(0x0000000029930000,0x0000000029a30000)]
  0x000000001e1cd000 JavaThread "jar transforms Thread 212" [_thread_blocked, id=132736, stack(0x0000000029830000,0x0000000029930000)]
  0x000000001e1cc000 JavaThread "jar transforms Thread 211" [_thread_blocked, id=141596, stack(0x0000000029730000,0x0000000029830000)]
  0x000000001e1c5000 JavaThread "jar transforms Thread 210" [_thread_blocked, id=40892, stack(0x0000000029630000,0x0000000029730000)]
  0x000000001e1c4800 JavaThread "jar transforms Thread 209" [_thread_blocked, id=245636, stack(0x0000000029530000,0x0000000029630000)]
  0x000000001e1cb800 JavaThread "jar transforms Thread 208" [_thread_blocked, id=102520, stack(0x0000000029430000,0x0000000029530000)]
  0x000000001e1ca800 JavaThread "jar transforms Thread 207" [_thread_blocked, id=53476, stack(0x0000000029330000,0x0000000029430000)]
  0x000000001e1c9800 JavaThread "jar transforms Thread 206" [_thread_blocked, id=197292, stack(0x0000000029230000,0x0000000029330000)]
  0x000000001e1c9000 JavaThread "jar transforms Thread 205" [_thread_blocked, id=205308, stack(0x0000000029130000,0x0000000029230000)]
  0x000000001e1c1800 JavaThread "jar transforms Thread 204" [_thread_blocked, id=146244, stack(0x0000000029030000,0x0000000029130000)]
  0x000000001e1c8000 JavaThread "jar transforms Thread 203" [_thread_blocked, id=277120, stack(0x0000000028f30000,0x0000000029030000)]
  0x000000001e1c2000 JavaThread "jar transforms Thread 202" [_thread_blocked, id=121452, stack(0x0000000028e30000,0x0000000028f30000)]
  0x000000001e1c7800 JavaThread "jar transforms Thread 201" [_thread_blocked, id=271168, stack(0x0000000028d30000,0x0000000028e30000)]
  0x000000001e1c3800 JavaThread "jar transforms Thread 200" [_thread_blocked, id=46384, stack(0x0000000028c30000,0x0000000028d30000)]
  0x000000001e1c6800 JavaThread "jar transforms Thread 199" [_thread_blocked, id=185692, stack(0x0000000028b30000,0x0000000028c30000)]
  0x000000001e1c0800 JavaThread "jar transforms Thread 198" [_thread_blocked, id=203340, stack(0x0000000028a30000,0x0000000028b30000)]
  0x000000001e1c3000 JavaThread "jar transforms Thread 197" [_thread_blocked, id=133708, stack(0x0000000028930000,0x0000000028a30000)]
  0x000000001e1c0000 JavaThread "jar transforms Thread 196" [_thread_blocked, id=20308, stack(0x0000000028830000,0x0000000028930000)]
  0x000000001e1c6000 JavaThread "jar transforms Thread 195" [_thread_blocked, id=185888, stack(0x0000000028730000,0x0000000028830000)]
  0x000000001b3ad000 JavaThread "jar transforms Thread 194" [_thread_blocked, id=223240, stack(0x0000000028630000,0x0000000028730000)]
  0x000000001b3ac000 JavaThread "jar transforms Thread 193" [_thread_blocked, id=142292, stack(0x0000000028530000,0x0000000028630000)]
  0x000000001b3ab800 JavaThread "jar transforms Thread 192" [_thread_blocked, id=167056, stack(0x0000000028430000,0x0000000028530000)]
  0x000000001b3b0800 JavaThread "jar transforms Thread 191" [_thread_blocked, id=174364, stack(0x0000000028330000,0x0000000028430000)]
  0x000000001b3b0000 JavaThread "jar transforms Thread 190" [_thread_blocked, id=282844, stack(0x0000000028230000,0x0000000028330000)]
  0x000000001b3ae800 JavaThread "jar transforms Thread 189" [_thread_blocked, id=192292, stack(0x0000000028130000,0x0000000028230000)]
  0x000000001b3ad800 JavaThread "jar transforms Thread 188" [_thread_blocked, id=237024, stack(0x0000000028030000,0x0000000028130000)]
  0x000000001e4ba800 JavaThread "jar transforms Thread 187" [_thread_blocked, id=46912, stack(0x0000000027f30000,0x0000000028030000)]
  0x000000001e4bf000 JavaThread "jar transforms Thread 186" [_thread_blocked, id=111468, stack(0x0000000027e30000,0x0000000027f30000)]
  0x000000001e4b7800 JavaThread "jar transforms Thread 185" [_thread_blocked, id=176464, stack(0x0000000027d30000,0x0000000027e30000)]
  0x000000001e4b6000 JavaThread "jar transforms Thread 184" [_thread_blocked, id=174868, stack(0x0000000027c30000,0x0000000027d30000)]
  0x000000001e4bd000 JavaThread "jar transforms Thread 183" [_thread_blocked, id=15584, stack(0x0000000027b30000,0x0000000027c30000)]
  0x000000001e4bc000 JavaThread "jar transforms Thread 182" [_thread_blocked, id=308, stack(0x0000000027a30000,0x0000000027b30000)]
  0x000000001e4b1800 JavaThread "jar transforms Thread 181" [_thread_blocked, id=246896, stack(0x0000000027930000,0x0000000027a30000)]
  0x000000001e4b7000 JavaThread "jar transforms Thread 180" [_thread_blocked, id=181120, stack(0x0000000027550000,0x0000000027650000)]
  0x000000001e4b5800 JavaThread "jar transforms Thread 179" [_thread_blocked, id=156144, stack(0x0000000027450000,0x0000000027550000)]
  0x000000001e4b4800 JavaThread "jar transforms Thread 178" [_thread_blocked, id=98384, stack(0x0000000027350000,0x0000000027450000)]
  0x000000001e4b8800 JavaThread "jar transforms Thread 177" [_thread_blocked, id=240460, stack(0x0000000027250000,0x0000000027350000)]
  0x000000001e4b3000 JavaThread "jar transforms Thread 176" [_thread_blocked, id=43864, stack(0x0000000027150000,0x0000000027250000)]
  0x000000001e4b4000 JavaThread "jar transforms Thread 175" [_thread_blocked, id=115932, stack(0x0000000027050000,0x0000000027150000)]
  0x00000000199d8800 JavaThread "jar transforms Thread 174" [_thread_blocked, id=85836, stack(0x0000000026f50000,0x0000000027050000)]
  0x00000000199d7000 JavaThread "jar transforms Thread 173" [_thread_blocked, id=252224, stack(0x0000000026e50000,0x0000000026f50000)]
  0x00000000199d7800 JavaThread "jar transforms Thread 172" [_thread_blocked, id=74220, stack(0x0000000026d50000,0x0000000026e50000)]
  0x00000000199d6000 JavaThread "jar transforms Thread 171" [_thread_blocked, id=235864, stack(0x0000000026c50000,0x0000000026d50000)]
  0x00000000199d5800 JavaThread "jar transforms Thread 170" [_thread_blocked, id=108832, stack(0x0000000026b50000,0x0000000026c50000)]
  0x00000000199d4800 JavaThread "jar transforms Thread 169" [_thread_blocked, id=253124, stack(0x0000000026a50000,0x0000000026b50000)]
  0x00000000199d3000 JavaThread "jar transforms Thread 168" [_thread_blocked, id=270024, stack(0x0000000026950000,0x0000000026a50000)]
  0x00000000199d2800 JavaThread "jar transforms Thread 167" [_thread_blocked, id=100656, stack(0x0000000026850000,0x0000000026950000)]
  0x00000000199d1800 JavaThread "jar transforms Thread 166" [_thread_blocked, id=87048, stack(0x0000000026750000,0x0000000026850000)]
  0x00000000199d4000 JavaThread "jar transforms Thread 165" [_thread_blocked, id=210896, stack(0x0000000026650000,0x0000000026750000)]
  0x00000000199ca800 JavaThread "jar transforms Thread 164" [_thread_blocked, id=221428, stack(0x0000000026550000,0x0000000026650000)]
  0x00000000199ce000 JavaThread "jar transforms Thread 163" [_thread_blocked, id=269388, stack(0x0000000026450000,0x0000000026550000)]
  0x00000000199cd000 JavaThread "jar transforms Thread 162" [_thread_blocked, id=76876, stack(0x0000000026350000,0x0000000026450000)]
  0x00000000199ca000 JavaThread "jar transforms Thread 161" [_thread_blocked, id=126612, stack(0x0000000026250000,0x0000000026350000)]
  0x00000000199d1000 JavaThread "jar transforms Thread 160" [_thread_blocked, id=47384, stack(0x0000000026150000,0x0000000026250000)]
  0x000000001bd26000 JavaThread "jar transforms Thread 159" [_thread_blocked, id=85064, stack(0x0000000026050000,0x0000000026150000)]
  0x000000001bd25000 JavaThread "jar transforms Thread 158" [_thread_blocked, id=214884, stack(0x0000000025f50000,0x0000000026050000)]
  0x000000001bd26800 JavaThread "jar transforms Thread 157" [_thread_blocked, id=122340, stack(0x0000000025e50000,0x0000000025f50000)]
  0x000000001bd1d800 JavaThread "jar transforms Thread 156" [_thread_blocked, id=81232, stack(0x0000000025d50000,0x0000000025e50000)]
  0x000000001bd24000 JavaThread "jar transforms Thread 155" [_thread_blocked, id=136820, stack(0x0000000025c50000,0x0000000025d50000)]
  0x000000001bd21000 JavaThread "jar transforms Thread 154" [_thread_blocked, id=131644, stack(0x0000000025b50000,0x0000000025c50000)]
  0x000000001bd22800 JavaThread "jar transforms Thread 153" [_thread_blocked, id=102836, stack(0x0000000025a50000,0x0000000025b50000)]
  0x000000001bd19800 JavaThread "jar transforms Thread 152" [_thread_blocked, id=29552, stack(0x0000000025950000,0x0000000025a50000)]
  0x000000001bd1f800 JavaThread "jar transforms Thread 151" [_thread_blocked, id=237092, stack(0x0000000025850000,0x0000000025950000)]
  0x000000001bd20800 JavaThread "jar transforms Thread 150" [_thread_blocked, id=83832, stack(0x0000000025750000,0x0000000025850000)]
  0x000000001bd1c000 JavaThread "jar transforms Thread 149" [_thread_blocked, id=113860, stack(0x0000000025650000,0x0000000025750000)]
  0x000000001bd18000 JavaThread "jar transforms Thread 148" [_thread_blocked, id=28452, stack(0x0000000025550000,0x0000000025650000)]
  0x000000001bd1b000 JavaThread "jar transforms Thread 147" [_thread_blocked, id=77848, stack(0x0000000025450000,0x0000000025550000)]
  0x000000001bd1f000 JavaThread "jar transforms Thread 146" [_thread_blocked, id=95436, stack(0x0000000025350000,0x0000000025450000)]
  0x000000001bd1c800 JavaThread "jar transforms Thread 145" [_thread_blocked, id=136636, stack(0x0000000025250000,0x0000000025350000)]
  0x000000001bd19000 JavaThread "jar transforms Thread 144" [_thread_blocked, id=55424, stack(0x0000000025150000,0x0000000025250000)]
  0x000000001bd1e000 JavaThread "jar transforms Thread 143" [_thread_blocked, id=77240, stack(0x0000000025050000,0x0000000025150000)]
  0x000000001bd17800 JavaThread "jar transforms Thread 142" [_thread_blocked, id=45264, stack(0x0000000024f50000,0x0000000025050000)]
  0x000000001bd1a800 JavaThread "jar transforms Thread 141" [_thread_blocked, id=67416, stack(0x0000000024e50000,0x0000000024f50000)]
  0x000000001ebc3000 JavaThread "jar transforms Thread 140" [_thread_blocked, id=277216, stack(0x0000000024d50000,0x0000000024e50000)]
  0x000000001ebc5000 JavaThread "jar transforms Thread 139" [_thread_blocked, id=45420, stack(0x0000000024c50000,0x0000000024d50000)]
  0x000000001ebc2000 JavaThread "jar transforms Thread 138" [_thread_blocked, id=180712, stack(0x0000000024b50000,0x0000000024c50000)]
  0x000000001ebc9000 JavaThread "jar transforms Thread 137" [_thread_blocked, id=30688, stack(0x0000000024a50000,0x0000000024b50000)]
  0x000000001ebc6000 JavaThread "jar transforms Thread 136" [_thread_blocked, id=135372, stack(0x0000000024950000,0x0000000024a50000)]
  0x000000001ebc8000 JavaThread "jar transforms Thread 135" [_thread_blocked, id=224920, stack(0x0000000024850000,0x0000000024950000)]
  0x000000001ebc0800 JavaThread "jar transforms Thread 134" [_thread_blocked, id=84904, stack(0x0000000024750000,0x0000000024850000)]
  0x000000001ebc6800 JavaThread "jar transforms Thread 133" [_thread_blocked, id=117240, stack(0x0000000024650000,0x0000000024750000)]
  0x000000001ebc7800 JavaThread "jar transforms Thread 132" [_thread_blocked, id=221152, stack(0x0000000024550000,0x0000000024650000)]
  0x000000001ebc4800 JavaThread "jar transforms Thread 131" [_thread_blocked, id=266312, stack(0x0000000024450000,0x0000000024550000)]
  0x000000001ebc3800 JavaThread "jar transforms Thread 130" [_thread_blocked, id=130788, stack(0x0000000024350000,0x0000000024450000)]
  0x000000001ebc1800 JavaThread "jar transforms Thread 129" [_thread_blocked, id=273744, stack(0x0000000024250000,0x0000000024350000)]
  0x000000001ebbb800 JavaThread "jar transforms Thread 128" [_thread_blocked, id=281764, stack(0x0000000024050000,0x0000000024150000)]
  0x000000001ebc0000 JavaThread "jar transforms Thread 127" [_thread_blocked, id=69652, stack(0x0000000023f50000,0x0000000024050000)]
  0x000000001ebbd800 JavaThread "jar transforms Thread 126" [_thread_blocked, id=160720, stack(0x0000000023e50000,0x0000000023f50000)]
  0x000000001ebbe800 JavaThread "jar transforms Thread 125" [_thread_blocked, id=37120, stack(0x0000000023d50000,0x0000000023e50000)]
  0x000000001ebba800 JavaThread "Build operations Thread 12" [_thread_blocked, id=87388, stack(0x0000000023c50000,0x0000000023d50000)]
  0x000000001ebbd000 JavaThread "Build operations Thread 11" [_thread_blocked, id=149972, stack(0x0000000023b50000,0x0000000023c50000)]
  0x000000001ebbf000 JavaThread "Build operations Thread 10" [_thread_blocked, id=136816, stack(0x0000000023a50000,0x0000000023b50000)]
  0x000000001ebbc000 JavaThread "Build operations Thread 9" [_thread_blocked, id=93704, stack(0x0000000023950000,0x0000000023a50000)]
  0x000000001ebb3000 JavaThread "Build operations Thread 8" [_thread_blocked, id=260560, stack(0x0000000023850000,0x0000000023950000)]
  0x000000001ebba000 JavaThread "Build operations Thread 7" [_thread_blocked, id=206168, stack(0x0000000023750000,0x0000000023850000)]
  0x000000001ebb2800 JavaThread "Build operations Thread 6" [_thread_blocked, id=153800, stack(0x0000000023650000,0x0000000023750000)]
  0x000000001ebb8800 JavaThread "Build operations Thread 5" [_thread_blocked, id=88232, stack(0x0000000023550000,0x0000000023650000)]
  0x000000001ebb7800 JavaThread "Build operations Thread 4" [_thread_blocked, id=10520, stack(0x0000000023450000,0x0000000023550000)]
  0x000000001ebb4800 JavaThread "Build operations Thread 3" [_thread_blocked, id=146924, stack(0x0000000023350000,0x0000000023450000)]
  0x000000001ebb7000 JavaThread "Build operations Thread 2" [_thread_blocked, id=224572, stack(0x0000000021b80000,0x0000000021c80000)]
  0x000000001ebb6000 JavaThread "Build operations" [_thread_blocked, id=272072, stack(0x0000000021380000,0x0000000021480000)]
  0x000000001ebb4000 JavaThread "Cache worker for cache directory md-rule (C:\Users\mitte\.gradle\caches\6.5\md-rule)" [_thread_blocked, id=238072, stack(0x0000000020030000,0x0000000020130000)]
  0x000000001ebb9000 JavaThread "Cache worker for cache directory md-supplier (C:\Users\mitte\.gradle\caches\6.5\md-supplier)" [_thread_blocked, id=271548, stack(0x000000001ff30000,0x0000000020030000)]
  0x000000001ebb5800 JavaThread "Cache worker for checksums cache (D:\Monkeytech\inDEV\WoodSpoon\WoodSpoonEatersNew\.gradle\checksums)" [_thread_blocked, id=143412, stack(0x000000001ec10000,0x000000001ed10000)]
  0x000000001ebab000 JavaThread "Cache worker for file hash cache (D:\Monkeytech\inDEV\WoodSpoon\WoodSpoonEatersNew\.gradle\6.5\fileHashes)" [_thread_blocked, id=225808, stack(0x000000001d440000,0x000000001d540000)]
  0x000000001ebb1800 JavaThread "Thread-176" [_thread_blocked, id=45436, stack(0x000000001d140000,0x000000001d240000)]
  0x000000001ebaa000 JavaThread "Stdin handler" [_thread_blocked, id=19696, stack(0x000000001d040000,0x000000001d140000)]
  0x000000001ebb1000 JavaThread "Asynchronous log dispatcher for DefaultDaemonConnection: socket connection from /127.0.0.1:53925 to /127.0.0.1:53951" [_thread_blocked, id=274644, stack(0x000000001cd40000,0x000000001ce40000)]
  0x000000001ebab800 JavaThread "Daemon worker Thread 2" [_thread_blocked, id=251684, stack(0x000000001cb40000,0x000000001cc40000)]
  0x000000001ebb0000 JavaThread "Cancel handler" [_thread_blocked, id=116836, stack(0x00000000007e0000,0x00000000008e0000)]
  0x000000001ebaf800 JavaThread "Handler for socket connection from /127.0.0.1:53925 to /127.0.0.1:53951" [_thread_in_native, id=81672, stack(0x00000000006e0000,0x00000000007e0000)]
  0x000000001ebae000 JavaThread "Daemon Thread 2" [_thread_blocked, id=7656, stack(0x00000000005e0000,0x00000000006e0000)]
  0x000000001ebac800 JavaThread "RMI Reaper" [_thread_blocked, id=218092, stack(0x0000000030610000,0x0000000030710000)]
  0x00000000199cc000 JavaThread "RMI TCP Accept-0" daemon [_thread_in_native, id=242400, stack(0x0000000030510000,0x0000000030610000)]
  0x000000001e4bb800 JavaThread "GC Daemon" daemon [_thread_blocked, id=136176, stack(0x0000000030410000,0x0000000030510000)]
  0x000000001e4c0800 JavaThread "RMI Scheduler(0)" daemon [_thread_blocked, id=206308, stack(0x000000002fbd0000,0x000000002fcd0000)]
  0x000000001bd23800 JavaThread "Memory manager" [_thread_blocked, id=78492, stack(0x0000000024150000,0x0000000024250000)]
  0x00000000199cf800 JavaThread "Cache worker for file content cache (C:\Users\mitte\.gradle\caches\6.5\fileContent)" [_thread_blocked, id=74644, stack(0x0000000021c80000,0x0000000021d80000)]
  0x00000000199ce800 JavaThread "Cache worker for execution history cache (C:\Users\mitte\.gradle\caches\6.5\executionHistory)" [_thread_blocked, id=160324, stack(0x0000000021480000,0x0000000021580000)]
  0x000000001b3aa800 JavaThread "Cache worker for file hash cache (C:\Users\mitte\.gradle\caches\6.5\fileHashes)" [_thread_blocked, id=98220, stack(0x000000001d940000,0x000000001da40000)]
  0x000000001b3aa000 JavaThread "File lock request listener" [_thread_in_native, id=81392, stack(0x000000001d840000,0x000000001d940000)]
  0x000000001b3af000 JavaThread "Cache worker for journal cache (C:\Users\mitte\.gradle\caches\journal-1)" [_thread_blocked, id=72032, stack(0x000000001d740000,0x000000001d840000)]
  0x000000001b2cf800 JavaThread "Daemon periodic checks" [_thread_blocked, id=25372, stack(0x000000001ca40000,0x000000001cb40000)]
  0x000000001b32d800 JavaThread "Incoming local TCP Connector on port 53925" [_thread_in_native, id=146408, stack(0x000000001c800000,0x000000001c900000)]
  0x000000001af58000 JavaThread "Daemon health stats" [_thread_blocked, id=109400, stack(0x000000001c1c0000,0x000000001c2c0000)]
  0x0000000017c5d800 JavaThread "Service Thread" daemon [_thread_blocked, id=101748, stack(0x0000000019620000,0x0000000019720000)]
  0x0000000017be6000 JavaThread "C1 CompilerThread3" daemon [_thread_in_native, id=255492, stack(0x0000000019520000,0x0000000019620000)]
  0x0000000017be5000 JavaThread "C2 CompilerThread2" daemon [_thread_in_native, id=264188, stack(0x0000000019420000,0x0000000019520000)]
  0x00000000164fe000 JavaThread "C2 CompilerThread1" daemon [_thread_in_native, id=247244, stack(0x0000000019320000,0x0000000019420000)]
=>0x00000000164f9000 JavaThread "C2 CompilerThread0" daemon [_thread_in_native, id=39508, stack(0x0000000019220000,0x0000000019320000)]
  0x0000000017bdb800 JavaThread "Attach Listener" daemon [_thread_blocked, id=230832, stack(0x0000000019120000,0x0000000019220000)]
  0x0000000017be0000 JavaThread "Signal Dispatcher" daemon [_thread_blocked, id=39720, stack(0x0000000019020000,0x0000000019120000)]
  0x000000000252b000 JavaThread "Finalizer" daemon [_thread_blocked, id=283004, stack(0x0000000018e20000,0x0000000018f20000)]
  0x0000000017bc3000 JavaThread "Reference Handler" daemon [_thread_blocked, id=114616, stack(0x0000000018d20000,0x0000000018e20000)]
  0x000000000242e800 JavaThread "main" [_thread_blocked, id=51280, stack(0x00000000022a0000,0x00000000023a0000)]

Other Threads:
  0x00000000164e5800 VMThread [stack: 0x0000000018c20000,0x0000000018d20000] [id=97580]
  0x0000000017c5f000 WatcherThread [stack: 0x0000000019720000,0x0000000019820000] [id=271404]

VM state:not at safepoint (normal execution)

VM Mutex/Monitor currently owned by a thread: None

heap address: 0x00000000a0000000, size: 1536 MB, Compressed Oops mode: 32-bit
Narrow klass base: 0x0000000000000000, Narrow klass shift: 3
Compressed class space size: 1073741824 Address: 0x0000000100000000

Heap:
 PSYoungGen      total 374784K, used 246551K [0x00000000e0000000, 0x0000000100000000, 0x0000000100000000)
  eden space 290816K, 84% used [0x00000000e0000000,0x00000000ef0c5eb0,0x00000000f1c00000)
  from space 83968K, 0% used [0x00000000f1c00000,0x00000000f1c00000,0x00000000f6e00000)
  to   space 122368K, 0% used [0x00000000f8880000,0x00000000f8880000,0x0000000100000000)
 ParOldGen       total 726016K, used 136081K [0x00000000a0000000, 0x00000000cc500000, 0x00000000e0000000)
  object space 726016K, 18% used [0x00000000a0000000,0x00000000a84e4538,0x00000000cc500000)
 Metaspace       used 97782K, capacity 103650K, committed 103960K, reserved 1138688K
  class space    used 13058K, capacity 14281K, committed 14368K, reserved 1048576K

Card table byte_map: [0x00000000118f0000,0x0000000011c00000] byte_map_base: 0x00000000113f0000

Marking Bits: (ParMarkBitMap*) 0x000000006648f030
 Begin Bits: [0x0000000012800000, 0x0000000014000000)
 End Bits:   [0x0000000014000000, 0x0000000015800000)

Polling page: 0x0000000002210000

CodeCache: size=245760Kb used=46277Kb max_used=46277Kb free=199482Kb
 bounds [0x0000000002530000, 0x00000000052a0000, 0x0000000011530000]
 total_blobs=14377 nmethods=13479 adapters=809
 compilation: enabled

Compilation events (10 events):
Event: 108.844 Thread 0x0000000017be6000 nmethod 16206 0x000000000527e610 code [0x000000000527e760, 0x000000000527e870]
Event: 108.844 Thread 0x0000000017be6000 16274       3       com.android.tools.r8.q.a.a.b.S::iterator (5 bytes)
Event: 108.844 Thread 0x0000000017be6000 nmethod 16274 0x000000000527e8d0 code [0x000000000527ea40, 0x000000000527ec48]
Event: 108.844 Thread 0x0000000017be6000 16273       3       com.android.tools.r8.s.b.W0::equals (85 bytes)
Event: 108.845 Thread 0x0000000017be6000 nmethod 16273 0x000000000527ecd0 code [0x000000000527ee60, 0x000000000527f4e8]
Event: 108.845 Thread 0x0000000017be6000 16272       3       com.android.tools.r8.t.a.a.a.c::c (41 bytes)
Event: 108.845 Thread 0x0000000017be6000 nmethod 16272 0x000000000527f650 code [0x000000000527f7a0, 0x000000000527f990]
Event: 108.845 Thread 0x0000000017be6000 16154       1       com.android.tools.r8.q.a.a.b.W0::c (5 bytes)
Event: 108.845 Thread 0x0000000017be6000 nmethod 16154 0x000000000527fa10 code [0x000000000527fb60, 0x000000000527fc70]
Event: 108.845 Thread 0x0000000017be6000 16279       3       com.android.tools.r8.ir.conversion.N::a (866 bytes)

GC Heap History (10 events):
Event: 104.939 GC heap before
{Heap before GC invocations=19 (full 3):
 PSYoungGen      total 431104K, used 431092K [0x00000000e0000000, 0x0000000100000000, 0x0000000100000000)
  eden space 362496K, 100% used [0x00000000e0000000,0x00000000f6200000,0x00000000f6200000)
  from space 68608K, 99% used [0x00000000f6200000,0x00000000fa4fd338,0x00000000fa500000)
  to   space 88576K, 0% used [0x00000000fa980000,0x00000000fa980000,0x0000000100000000)
 ParOldGen       total 497152K, used 96968K [0x00000000a0000000, 0x00000000be580000, 0x00000000e0000000)
  object space 497152K, 19% used [0x00000000a0000000,0x00000000a5eb2390,0x00000000be580000)
 Metaspace       used 89319K, capacity 94304K, committed 94488K, reserved 1130496K
  class space    used 11608K, capacity 12550K, committed 12576K, reserved 1048576K
Event: 104.963 GC heap after
Heap after GC invocations=19 (full 3):
 PSYoungGen      total 412160K, used 84101K [0x00000000e0000000, 0x0000000100000000, 0x0000000100000000)
  eden space 323584K, 0% used [0x00000000e0000000,0x00000000e0000000,0x00000000f3c00000)
  from space 88576K, 94% used [0x00000000fa980000,0x00000000ffba1510,0x0000000100000000)
  to   space 100352K, 0% used [0x00000000f3c00000,0x00000000f3c00000,0x00000000f9e00000)
 ParOldGen       total 497152K, used 96976K [0x00000000a0000000, 0x00000000be580000, 0x00000000e0000000)
  object space 497152K, 19% used [0x00000000a0000000,0x00000000a5eb4390,0x00000000be580000)
 Metaspace       used 89319K, capacity 94304K, committed 94488K, reserved 1130496K
  class space    used 11608K, capacity 12550K, committed 12576K, reserved 1048576K
}
Event: 105.489 GC heap before
{Heap before GC invocations=20 (full 3):
 PSYoungGen      total 412160K, used 407685K [0x00000000e0000000, 0x0000000100000000, 0x0000000100000000)
  eden space 323584K, 100% used [0x00000000e0000000,0x00000000f3c00000,0x00000000f3c00000)
  from space 88576K, 94% used [0x00000000fa980000,0x00000000ffba1510,0x0000000100000000)
  to   space 100352K, 0% used [0x00000000f3c00000,0x00000000f3c00000,0x00000000f9e00000)
 ParOldGen       total 497152K, used 96976K [0x00000000a0000000, 0x00000000be580000, 0x00000000e0000000)
  object space 497152K, 19% used [0x00000000a0000000,0x00000000a5eb4390,0x00000000be580000)
 Metaspace       used 91949K, capacity 96902K, committed 97176K, reserved 1134592K
  class space    used 11886K, capacity 12839K, committed 12960K, reserved 1048576K
Event: 105.510 GC heap after
Heap after GC invocations=20 (full 3):
 PSYoungGen      total 415744K, used 92065K [0x00000000e0000000, 0x0000000100000000, 0x0000000100000000)
  eden space 323584K, 0% used [0x00000000e0000000,0x00000000e0000000,0x00000000f3c00000)
  from space 92160K, 99% used [0x00000000f3c00000,0x00000000f95e86d8,0x00000000f9600000)
  to   space 108544K, 0% used [0x00000000f9600000,0x00000000f9600000,0x0000000100000000)
 ParOldGen       total 497152K, used 96984K [0x00000000a0000000, 0x00000000be580000, 0x00000000e0000000)
  object space 497152K, 19% used [0x00000000a0000000,0x00000000a5eb6390,0x00000000be580000)
 Metaspace       used 91949K, capacity 96902K, committed 97176K, reserved 1134592K
  class space    used 11886K, capacity 12839K, committed 12960K, reserved 1048576K
}
Event: 107.926 GC heap before
{Heap before GC invocations=21 (full 3):
 PSYoungGen      total 415744K, used 415649K [0x00000000e0000000, 0x0000000100000000, 0x0000000100000000)
  eden space 323584K, 100% used [0x00000000e0000000,0x00000000f3c00000,0x00000000f3c00000)
  from space 92160K, 99% used [0x00000000f3c00000,0x00000000f95e86d8,0x00000000f9600000)
  to   space 108544K, 0% used [0x00000000f9600000,0x00000000f9600000,0x0000000100000000)
 ParOldGen       total 497152K, used 96984K [0x00000000a0000000, 0x00000000be580000, 0x00000000e0000000)
  object space 497152K, 19% used [0x00000000a0000000,0x00000000a5eb6390,0x00000000be580000)
 Metaspace       used 92649K, capacity 97660K, committed 97944K, reserved 1134592K
  class space    used 11943K, capacity 12914K, committed 12960K, reserved 1048576K
Event: 107.944 GC heap after
Heap after GC invocations=21 (full 3):
 PSYoungGen      total 399360K, used 76188K [0x00000000e0000000, 0x0000000100000000, 0x0000000100000000)
  eden space 290816K, 0% used [0x00000000e0000000,0x00000000e0000000,0x00000000f1c00000)
  from space 108544K, 70% used [0x00000000f9600000,0x00000000fe0671b8,0x0000000100000000)
  to   space 116736K, 0% used [0x00000000f1c00000,0x00000000f1c00000,0x00000000f8e00000)
 ParOldGen       total 497152K, used 96992K [0x00000000a0000000, 0x00000000be580000, 0x00000000e0000000)
  object space 497152K, 19% used [0x00000000a0000000,0x00000000a5eb8390,0x00000000be580000)
 Metaspace       used 92649K, capacity 97660K, committed 97944K, reserved 1134592K
  class space    used 11943K, capacity 12914K, committed 12960K, reserved 1048576K
}
Event: 108.148 GC heap before
{Heap before GC invocations=22 (full 3):
 PSYoungGen      total 399360K, used 212982K [0x00000000e0000000, 0x0000000100000000, 0x0000000100000000)
  eden space 290816K, 47% used [0x00000000e0000000,0x00000000e85966d8,0x00000000f1c00000)
  from space 108544K, 70% used [0x00000000f9600000,0x00000000fe0671b8,0x0000000100000000)
  to   space 116736K, 0% used [0x00000000f1c00000,0x00000000f1c00000,0x00000000f8e00000)
 ParOldGen       total 497152K, used 96992K [0x00000000a0000000, 0x00000000be580000, 0x00000000e0000000)
  object space 497152K, 19% used [0x00000000a0000000,0x00000000a5eb8390,0x00000000be580000)
 Metaspace       used 93398K, capacity 98532K, committed 98584K, reserved 1134592K
  class space    used 12065K, capacity 13046K, committed 13088K, reserved 1048576K
Event: 108.167 GC heap after
Heap after GC invocations=22 (full 3):
 PSYoungGen      total 374784K, used 83892K [0x00000000e0000000, 0x0000000100000000, 0x0000000100000000)
  eden space 290816K, 0% used [0x00000000e0000000,0x00000000e0000000,0x00000000f1c00000)
  from space 83968K, 99% used [0x00000000f1c00000,0x00000000f6ded2c0,0x00000000f6e00000)
  to   space 122368K, 0% used [0x00000000f8880000,0x00000000f8880000,0x0000000100000000)
 ParOldGen       total 497152K, used 97000K [0x00000000a0000000, 0x00000000be580000, 0x00000000e0000000)
  object space 497152K, 19% used [0x00000000a0000000,0x00000000a5eba390,0x00000000be580000)
 Metaspace       used 93398K, capacity 98532K, committed 98584K, reserved 1134592K
  class space    used 12065K, capacity 13046K, committed 13088K, reserved 1048576K
}
Event: 108.167 GC heap before
{Heap before GC invocations=23 (full 4):
 PSYoungGen      total 374784K, used 83892K [0x00000000e0000000, 0x0000000100000000, 0x0000000100000000)
  eden space 290816K, 0% used [0x00000000e0000000,0x00000000e0000000,0x00000000f1c00000)
  from space 83968K, 99% used [0x00000000f1c00000,0x00000000f6ded2c0,0x00000000f6e00000)
  to   space 122368K, 0% used [0x00000000f8880000,0x00000000f8880000,0x0000000100000000)
 ParOldGen       total 497152K, used 97000K [0x00000000a0000000, 0x00000000be580000, 0x00000000e0000000)
  object space 497152K, 19% used [0x00000000a0000000,0x00000000a5eba390,0x00000000be580000)
 Metaspace       used 93398K, capacity 98532K, committed 98584K, reserved 1134592K
  class space    used 12065K, capacity 13046K, committed 13088K, reserved 1048576K
Event: 108.432 GC heap after
Heap after GC invocations=23 (full 4):
 PSYoungGen      total 374784K, used 0K [0x00000000e0000000, 0x0000000100000000, 0x0000000100000000)
  eden space 290816K, 0% used [0x00000000e0000000,0x00000000e0000000,0x00000000f1c00000)
  from space 83968K, 0% used [0x00000000f1c00000,0x00000000f1c00000,0x00000000f6e00000)
  to   space 122368K, 0% used [0x00000000f8880000,0x00000000f8880000,0x0000000100000000)
 ParOldGen       total 726016K, used 136081K [0x00000000a0000000, 0x00000000cc500000, 0x00000000e0000000)
  object space 726016K, 18% used [0x00000000a0000000,0x00000000a84e4538,0x00000000cc500000)
 Metaspace       used 89871K, capacity 93794K, committed 98584K, reserved 1134592K
  class space    used 11642K, capacity 12457K, committed 13088K, reserved 1048576K
}

Deoptimization events (10 events):
Event: 108.777 Thread 0x000000001e619000 Uncommon trap: reason=unstable_if action=reinterpret pc=0x0000000004835e0c method=java.util.concurrent.ConcurrentHashMap.addCount(JI)V @ 168
Event: 108.785 Thread 0x000000001e61f000 Uncommon trap: reason=unstable_if action=reinterpret pc=0x00000000034af2e4 method=java.util.concurrent.ConcurrentHashMap.addCount(JI)V @ 168
Event: 108.786 Thread 0x000000001e61f000 Uncommon trap: reason=unstable_if action=reinterpret pc=0x0000000002a0662c method=java.util.concurrent.ConcurrentHashMap.transfer([Ljava/util/concurrent/ConcurrentHashMap$Node;[Ljava/util/concurrent/ConcurrentHashMap$Node;)V @ 277
Event: 108.792 Thread 0x000000001e61e800 Uncommon trap: reason=class_check action=maybe_recompile pc=0x00000000051c6094 method=java.util.Map.computeIfAbsent(Ljava/lang/Object;Ljava/util/function/Function;)Ljava/lang/Object; @ 7
Event: 108.792 Thread 0x000000001e61f000 Uncommon trap: reason=class_check action=maybe_recompile pc=0x00000000051c6094 method=java.util.Map.computeIfAbsent(Ljava/lang/Object;Ljava/util/function/Function;)Ljava/lang/Object; @ 7
Event: 108.792 Thread 0x000000001e615800 Uncommon trap: reason=class_check action=maybe_recompile pc=0x00000000051c6094 method=java.util.Map.computeIfAbsent(Ljava/lang/Object;Ljava/util/function/Function;)Ljava/lang/Object; @ 7
Event: 108.792 Thread 0x000000001e61d000 Uncommon trap: reason=class_check action=maybe_recompile pc=0x00000000051c6094 method=java.util.Map.computeIfAbsent(Ljava/lang/Object;Ljava/util/function/Function;)Ljava/lang/Object; @ 7
Event: 108.817 Thread 0x000000001e620000 Uncommon trap: reason=unstable_if action=reinterpret pc=0x0000000003c56740 method=java.util.HashMap.computeIfAbsent(Ljava/lang/Object;Ljava/util/function/Function;)Ljava/lang/Object; @ 145
Event: 108.826 Thread 0x000000001e619000 Uncommon trap: reason=unstable_if action=reinterpret pc=0x0000000002815884 method=com.android.tools.r8.graph.i0.a([C)I @ 29
Event: 108.827 Thread 0x000000001e615800 Uncommon trap: reason=bimorphic action=maybe_recompile pc=0x00000000041b2274 method=java.util.stream.AbstractPipeline.copyIntoWithCancel(Ljava/util/stream/Sink;Ljava/util/Spliterator;)V @ 24

Classes redefined (0 events):
No events

Internal exceptions (10 events):
Event: 108.786 Thread 0x000000001e61f000 Exception <a 'java/lang/NoSuchMethodError': java.lang.Object.lambda$comparingInt$7b0bb60$1(Ljava/util/function/ToIntFunction;Ljava/lang/Object;Ljava/lang/Object;)I> (0x00000000edb5c2a8) thrown at [C:\src\AOSP-openjdk-git\hotspot\src\share\vm\interpreter\l
Event: 108.786 Thread 0x000000001e620000 Exception <a 'java/lang/NoSuchMethodError': java.lang.Object.lambda$comparingInt$7b0bb60$1(Ljava/util/function/ToIntFunction;Ljava/lang/Object;Ljava/lang/Object;)I> (0x00000000edd44f98) thrown at [C:\src\AOSP-openjdk-git\hotspot\src\share\vm\interpreter\l
Event: 108.786 Thread 0x000000001e61d000 Exception <a 'java/lang/NoSuchMethodError': java.lang.Object.lambda$comparingInt$7b0bb60$1(Ljava/util/function/ToIntFunction;Ljava/lang/Object;Ljava/lang/Object;)I> (0x00000000edd697d0) thrown at [C:\src\AOSP-openjdk-git\hotspot\src\share\vm\interpreter\l
Event: 108.786 Thread 0x000000001e619000 Exception <a 'java/lang/NoSuchMethodError': java.lang.Object.lambda$comparingInt$7b0bb60$1(Ljava/util/function/ToIntFunction;Ljava/lang/Object;Ljava/lang/Object;)I> (0x00000000edde1688) thrown at [C:\src\AOSP-openjdk-git\hotspot\src\share\vm\interpreter\l
Event: 108.786 Thread 0x000000001e615800 Exception <a 'java/lang/NoSuchMethodError': java.lang.Object.lambda$comparingInt$7b0bb60$1(Ljava/util/function/ToIntFunction;Ljava/lang/Object;Ljava/lang/Object;)I> (0x00000000ed75a5d8) thrown at [C:\src\AOSP-openjdk-git\hotspot\src\share\vm\interpreter\l
Event: 108.787 Thread 0x000000001e615800 Exception <a 'java/lang/NoSuchMethodError': java.lang.Object.lambda$maxBy$1(Ljava/util/Comparator;Ljava/lang/Object;Ljava/lang/Object;)Ljava/lang/Object;> (0x00000000ed75df40) thrown at [C:\src\AOSP-openjdk-git\hotspot\src\share\vm\interpreter\linkResolve
Event: 108.787 Thread 0x000000001e61d000 Exception <a 'java/lang/NoSuchMethodError': java.lang.Object.lambda$maxBy$1(Ljava/util/Comparator;Ljava/lang/Object;Ljava/lang/Object;)Ljava/lang/Object;> (0x00000000edd6d158) thrown at [C:\src\AOSP-openjdk-git\hotspot\src\share\vm\interpreter\linkResolve
Event: 108.787 Thread 0x000000001e619000 Exception <a 'java/lang/NoSuchMethodError': java.lang.Object.lambda$maxBy$1(Ljava/util/Comparator;Ljava/lang/Object;Ljava/lang/Object;)Ljava/lang/Object;> (0x00000000edde4ff0) thrown at [C:\src\AOSP-openjdk-git\hotspot\src\share\vm\interpreter\linkResolve
Event: 108.787 Thread 0x000000001e61f000 Exception <a 'java/lang/NoSuchMethodError': java.lang.Object.lambda$maxBy$1(Ljava/util/Comparator;Ljava/lang/Object;Ljava/lang/Object;)Ljava/lang/Object;> (0x00000000edb60758) thrown at [C:\src\AOSP-openjdk-git\hotspot\src\share\vm\interpreter\linkResolve
Event: 108.787 Thread 0x000000001e620000 Exception <a 'java/lang/NoSuchMethodError': java.lang.Object.lambda$maxBy$1(Ljava/util/Comparator;Ljava/lang/Object;Ljava/lang/Object;)Ljava/lang/Object;> (0x00000000edd48af0) thrown at [C:\src\AOSP-openjdk-git\hotspot\src\share\vm\interpreter\linkResolve

Events (10 events):
Event: 108.842 loading class com/android/tools/r8/code/h
Event: 108.842 loading class com/android/tools/r8/code/h done
Event: 108.842 loading class com/android/tools/r8/t/a/a/a/h/v0
Event: 108.842 loading class com/android/tools/r8/t/a/a/a/h/v0 done
Event: 108.842 loading class com/android/tools/r8/code/j
Event: 108.842 loading class com/android/tools/r8/code/j done
Event: 108.842 loading class com/android/tools/r8/code/e
Event: 108.842 loading class com/android/tools/r8/code/e done
Event: 108.842 loading class com/android/tools/r8/code/g
Event: 108.842 loading class com/android/tools/r8/code/g done


Dynamic libraries:
0x00007ff7482c0000 - 0x00007ff7482f1000 	C:\Program Files\Android\Android Studio\jre\bin\java.exe
0x00007ffbd49b0000 - 0x00007ffbd4ba5000 	C:\WINDOWS\SYSTEM32\ntdll.dll
0x00007ffbd2ce0000 - 0x00007ffbd2d9d000 	C:\WINDOWS\System32\KERNEL32.DLL
0x00007ffbd2490000 - 0x00007ffbd2758000 	C:\WINDOWS\System32\KERNELBASE.dll
0x00007ffbd2ef0000 - 0x00007ffbd2f9c000 	C:\WINDOWS\System32\ADVAPI32.dll
0x00007ffbd3c70000 - 0x00007ffbd3d0e000 	C:\WINDOWS\System32\msvcrt.dll
0x00007ffbd45f0000 - 0x00007ffbd468b000 	C:\WINDOWS\System32\sechost.dll
0x00007ffbd2da0000 - 0x00007ffbd2ecb000 	C:\WINDOWS\System32\RPCRT4.dll
0x00007ffbd47d0000 - 0x00007ffbd4970000 	C:\WINDOWS\System32\USER32.dll
0x00007ffbd2460000 - 0x00007ffbd2482000 	C:\WINDOWS\System32\win32u.dll
0x00007ffbd2a10000 - 0x00007ffbd2a3a000 	C:\WINDOWS\System32\GDI32.dll
0x00007ffbd2250000 - 0x00007ffbd235b000 	C:\WINDOWS\System32\gdi32full.dll
0x00007ffbd2970000 - 0x00007ffbd2a0d000 	C:\WINDOWS\System32\msvcp_win.dll
0x00007ffbd2360000 - 0x00007ffbd2460000 	C:\WINDOWS\System32\ucrtbase.dll
0x00007ffbc8140000 - 0x00007ffbc83da000 	C:\WINDOWS\WinSxS\amd64_microsoft.windows.common-controls_6595b64144ccf1df_6.0.19041.844_none_ca00b6081b84eb1d\COMCTL32.dll
0x00007ffbd2c50000 - 0x00007ffbd2c80000 	C:\WINDOWS\System32\IMM32.DLL
0x0000000065b00000 - 0x0000000065bd2000 	C:\Program Files\Android\Android Studio\jre\jre\bin\msvcr100.dll
0x0000000065cc0000 - 0x000000006650b000 	C:\Program Files\Android\Android Studio\jre\jre\bin\server\jvm.dll
0x00007ffbd2ee0000 - 0x00007ffbd2ee8000 	C:\WINDOWS\System32\PSAPI.DLL
0x00007ffbb0500000 - 0x00007ffbb0509000 	C:\WINDOWS\SYSTEM32\WSOCK32.dll
0x00007ffbbf790000 - 0x00007ffbbf7b7000 	C:\WINDOWS\SYSTEM32\WINMM.dll
0x00007ffbc6ee0000 - 0x00007ffbc6eea000 	C:\WINDOWS\SYSTEM32\VERSION.dll
0x00007ffbd4740000 - 0x00007ffbd47ab000 	C:\WINDOWS\System32\WS2_32.dll
0x00007ffbca810000 - 0x00007ffbca81f000 	C:\Program Files\Android\Android Studio\jre\jre\bin\verify.dll
0x00007ffbbdb60000 - 0x00007ffbbdb89000 	C:\Program Files\Android\Android Studio\jre\jre\bin\java.dll
0x00007ffbbdb40000 - 0x00007ffbbdb56000 	C:\Program Files\Android\Android Studio\jre\jre\bin\zip.dll
0x00007ffbd3d10000 - 0x00007ffbd4452000 	C:\WINDOWS\System32\SHELL32.dll
0x00007ffbd0220000 - 0x00007ffbd09b0000 	C:\WINDOWS\SYSTEM32\windows.storage.dll
0x00007ffbd3910000 - 0x00007ffbd3c65000 	C:\WINDOWS\System32\combase.dll
0x00007ffbd1b60000 - 0x00007ffbd1b8c000 	C:\WINDOWS\SYSTEM32\Wldp.dll
0x00007ffbd3740000 - 0x00007ffbd37ee000 	C:\WINDOWS\System32\SHCORE.dll
0x00007ffbd4590000 - 0x00007ffbd45e5000 	C:\WINDOWS\System32\shlwapi.dll
0x00007ffbd2030000 - 0x00007ffbd204f000 	C:\WINDOWS\SYSTEM32\profapi.dll
0x00007ffbbd940000 - 0x00007ffbbd95a000 	C:\Program Files\Android\Android Studio\jre\jre\bin\net.dll
0x00007ffbd18d0000 - 0x00007ffbd193a000 	C:\WINDOWS\system32\mswsock.dll
0x00007ffbbd870000 - 0x00007ffbbd883000 	C:\Program Files\Android\Android Studio\jre\jre\bin\nio.dll
0x00007ffbbdba0000 - 0x00007ffbbdbc7000 	C:\Users\mitte\.gradle\native\f6784746aeab05261644944871eae4fe03e0ef1612fff0a4a95f87b438bc6780\windows-amd64\native-platform.dll
0x00007ffbc63d0000 - 0x00007ffbc63dd000 	C:\Program Files\Android\Android Studio\jre\jre\bin\management.dll
0x00007ffbd1aa0000 - 0x00007ffbd1ab8000 	C:\WINDOWS\SYSTEM32\CRYPTSP.dll
0x00007ffbd1200000 - 0x00007ffbd1234000 	C:\WINDOWS\system32\rsaenh.dll
0x00007ffbd21c0000 - 0x00007ffbd21e7000 	C:\WINDOWS\System32\bcrypt.dll
0x00007ffbd1ff0000 - 0x00007ffbd201e000 	C:\WINDOWS\SYSTEM32\USERENV.dll
0x00007ffbd2140000 - 0x00007ffbd21c0000 	C:\WINDOWS\System32\bcryptprimitives.dll
0x00007ffbd1ac0000 - 0x00007ffbd1acc000 	C:\WINDOWS\SYSTEM32\CRYPTBASE.dll
0x00007ffbd1570000 - 0x00007ffbd15ab000 	C:\WINDOWS\SYSTEM32\IPHLPAPI.DLL
0x00007ffbd3730000 - 0x00007ffbd3738000 	C:\WINDOWS\System32\NSI.dll
0x00007ffbc9150000 - 0x00007ffbc9167000 	C:\WINDOWS\SYSTEM32\dhcpcsvc6.DLL
0x00007ffbc9130000 - 0x00007ffbc914d000 	C:\WINDOWS\SYSTEM32\dhcpcsvc.DLL
0x00007ffbd15c0000 - 0x00007ffbd168c000 	C:\WINDOWS\SYSTEM32\DNSAPI.dll
0x00007ffbca070000 - 0x00007ffbca07b000 	C:\WINDOWS\SYSTEM32\WINNSI.DLL
0x00007ffbc68e0000 - 0x00007ffbc68fe000 	C:\Users\mitte\AppData\Local\Temp\native-platform3897980772731304993dir\native-platform.dll

VM Arguments:
jvm_args: -Xmx1536m -Dfile.encoding=windows-1252 -Duser.country=GB -Duser.language=en -Duser.variant 
java_command: org.gradle.launcher.daemon.bootstrap.GradleDaemon 6.5
java_class_path (initial): C:\Users\mitte\.gradle\wrapper\dists\gradle-6.5-bin\6nifqtx7604sqp1q6g8wikw7p\gradle-6.5\lib\gradle-launcher-6.5.jar
Launcher Type: SUN_STANDARD

Environment Variables:
PATH=C:\Program Files (x86)\Common Files\Intel\Shared Libraries\redist\intel64\compiler;C:\Windows\system32;C:\Windows;C:\Windows\System32\Wbem;C:\Windows\System32\WindowsPowerShell\v1.0\;C:\Windows\System32\OpenSSH\;C:\Program Files (x86)\NVIDIA Corporation\PhysX\Common;C:\Program Files\NVIDIA Corporation\NVIDIA NvDLISR;C:\Program Files\nodejs\;C:\ProgramData\chocolatey\bin;C:\Users\mitte\AppData\Local\Programs\Python\Python39;C:\Users\mitte\AppData\Local\Programs\Python\Python39\Scripts;C:\WINDOWS\system32;C:\WINDOWS;C:\WINDOWS\System32\Wbem;C:\WINDOWS\System32\WindowsPowerShell\v1.0\;C:\WINDOWS\System32\OpenSSH\;C:\Program Files\Git\cmd;C:\Users\mitte\AppData\Local\Microsoft\WindowsApps;C:\Users\mitte\AppData\Local\Programs\Microsoft VS Code\bin;C:\Users\mitte\AppData\Roaming\npm;C:\Program Files\heroku\bin;C:\Users\mitte\AppData\Local\Programs\Python\Python39\;
USERNAME=mitte
OS=Windows_NT
PROCESSOR_IDENTIFIER=Intel64 Family 6 Model 165 Stepping 2, GenuineIntel



---------------  S Y S T E M  ---------------

OS: Windows 10.0 , 64 bit Build 19041 (10.0.19041.928)

CPU:total 12 (initial active 12) (6 cores per cpu, 2 threads per core) family 6 model 165 stepping 2, cmov, cx8, fxsr, mmx, sse, sse2, sse3, ssse3, sse4.1, sse4.2, popcnt, avx, avx2, aes, clmul, erms, 3dnowpref, lzcnt, ht, tsc, tscinvbit, bmi1, bmi2, adx

Memory: 4k page, physical 33334688k(15874596k free), swap 52534728k(4212k free)

vm_info: OpenJDK 64-Bit Server VM (25.242-b01) for windows-amd64 JRE (1.8.0_242-release-1644-b01), built by "builder" with MS VC++ 10.0 (VS2010)

time: Tue Jun 08 12:52:59 2021
timezone: Jerusalem Summer Time
elapsed time: 108 seconds (0d 0h 1m 48s)

