#
# There is insufficient memory for the Java Runtime Environment to continue.
# Native memory allocation (malloc) failed to allocate 1964496 bytes for Chunk::new
# Possible reasons:
#   The system is out of physical RAM or swap space
#   The process is running with CompressedOops enabled, and the Java Heap may be blocking the growth of the native heap
# Possible solutions:
#   Reduce memory load on the system
#   Increase physical memory or swap space
#   Check if swap backing store is full
#   Decrease Java heap size (-Xmx/-Xms)
#   Decrease number of Java threads
#   Decrease Java thread stack sizes (-Xss)
#   Set larger code cache with -XX:ReservedCodeCacheSize=
#   JVM is running with Unscaled Compressed Oops mode in which the Java heap is
#     placed in the first 4GB address space. The Java Heap base address is the
#     maximum limit for the native heap growth. Please use -XX:HeapBaseMinAddress
#     to set the Java Heap base and to place the Java Heap above 4GB virtual address.
# This output file may be truncated or incomplete.
#
#  Out of Memory Error (allocation.cpp:389), pid=68596, tid=0x000000000001adc8
#
# JRE version: OpenJDK Runtime Environment (8.0_242-b01) (build 1.8.0_242-release-1644-b01)
# Java VM: OpenJDK 64-Bit Server VM (25.242-b01 mixed mode windows-amd64 compressed oops)
# Failed to write core dump. Minidumps are not enabled by default on client versions of Windows
#

---------------  T H R E A D  ---------------

Current thread (0x000000001814d000):  JavaThread "C2 CompilerThread1" daemon [_thread_in_native, id=110024, stack(0x0000000019890000,0x0000000019990000)]

Stack: [0x0000000019890000,0x0000000019990000]
[error occurred during error reporting (printing stack bounds), id 0xc0000005]

Native frames: (J=compiled Java code, j=interpreted, Vv=VM code, C=native code)


Current CompileTask:
C2:26634846 58721       4       com.android.tools.r8.z.a.a.f::a (6058 bytes)


---------------  P R O C E S S  ---------------

Java Threads: ( => current thread )
  0x000000001e338800 JavaThread "WorkerExecutor Queue Thread 12" [_thread_blocked, id=158372, stack(0x0000000039920000,0x0000000039a20000)]
  0x000000001e331800 JavaThread "WorkerExecutor Queue Thread 11" [_thread_blocked, id=177684, stack(0x0000000039820000,0x0000000039920000)]
  0x000000001e329000 JavaThread "WorkerExecutor Queue Thread 10" [_thread_in_Java, id=102808, stack(0x0000000039720000,0x0000000039820000)]
  0x000000001e32d000 JavaThread "WorkerExecutor Queue Thread 9" [_thread_blocked, id=81960, stack(0x0000000038980000,0x0000000038a80000)]
  0x000000001e32e000 JavaThread "WorkerExecutor Queue Thread 8" [_thread_in_native, id=251240, stack(0x0000000038880000,0x0000000038980000)]
  0x000000001e32b800 JavaThread "WorkerExecutor Queue Thread 7" [_thread_blocked, id=31672, stack(0x0000000038780000,0x0000000038880000)]
  0x000000001e320000 JavaThread "WorkerExecutor Queue Thread 6" [_thread_blocked, id=213020, stack(0x0000000037e00000,0x0000000037f00000)]
  0x000000002769e000 JavaThread "stdout" [_thread_in_native, id=174288, stack(0x0000000038400000,0x0000000038500000)]
  0x000000002769d000 JavaThread "stderr" [_thread_in_native, id=183900, stack(0x00000000380d0000,0x00000000381d0000)]
  0x000000002769c800 JavaThread "pool-155-thread-1" [_thread_blocked, id=178532, stack(0x0000000037fd0000,0x00000000380d0000)]
  0x0000000027698800 JavaThread "WorkerExecutor Queue Thread 5" [_thread_blocked, id=169868, stack(0x0000000037900000,0x0000000037a00000)]
  0x000000002769b000 JavaThread "WorkerExecutor Queue Thread 4" [_thread_blocked, id=120392, stack(0x0000000037520000,0x0000000037620000)]
  0x000000001b258800 JavaThread "WorkerExecutor Queue Thread 3" [_thread_blocked, id=206460, stack(0x0000000037420000,0x0000000037520000)]
  0x000000001b257000 JavaThread "WorkerExecutor Queue Thread 2" [_thread_blocked, id=121020, stack(0x0000000037320000,0x0000000037420000)]
  0x000000001b256000 JavaThread "WorkerExecutor Queue" [_thread_blocked, id=225336, stack(0x0000000037220000,0x0000000037320000)]
  0x000000001b255800 JavaThread "Cache worker for execution history cache (D:\Monkeytech\inDEV\WoodSpoon\WoodSpoonEatersNew\.gradle\6.5\executionHistory)" [_thread_blocked, id=63808, stack(0x0000000037120000,0x0000000037220000)]
  0x000000001b254800 JavaThread "Execution worker for ':' Thread 11" [_thread_blocked, id=282476, stack(0x0000000037020000,0x0000000037120000)]
  0x000000001b25b800 JavaThread "Execution worker for ':' Thread 10" [_thread_blocked, id=265284, stack(0x0000000036f20000,0x0000000037020000)]
  0x000000001b25a800 JavaThread "Execution worker for ':' Thread 9" [_thread_blocked, id=261444, stack(0x0000000036e20000,0x0000000036f20000)]
  0x000000001b254000 JavaThread "Execution worker for ':' Thread 8" [_thread_blocked, id=240208, stack(0x0000000036d20000,0x0000000036e20000)]
  0x000000001b25a000 JavaThread "Execution worker for ':' Thread 7" [_thread_blocked, id=133672, stack(0x0000000036c20000,0x0000000036d20000)]
  0x000000001b24f800 JavaThread "Execution worker for ':' Thread 6" [_thread_blocked, id=87200, stack(0x0000000036b20000,0x0000000036c20000)]
  0x000000001b24e000 JavaThread "Execution worker for ':' Thread 5" [_thread_blocked, id=153328, stack(0x0000000036a20000,0x0000000036b20000)]
  0x000000001b253000 JavaThread "Execution worker for ':' Thread 4" [_thread_blocked, id=134108, stack(0x0000000036920000,0x0000000036a20000)]
  0x000000001b24e800 JavaThread "Execution worker for ':' Thread 3" [_thread_blocked, id=174224, stack(0x0000000036820000,0x0000000036920000)]
  0x000000001a135000 JavaThread "Execution worker for ':' Thread 2" [_thread_blocked, id=113036, stack(0x0000000036720000,0x0000000036820000)]
  0x000000001a134000 JavaThread "Execution worker for ':'" [_thread_blocked, id=226180, stack(0x0000000036620000,0x0000000036720000)]
  0x000000001a130800 JavaThread "Cache worker for file content cache (D:\Monkeytech\inDEV\WoodSpoon\WoodSpoonEatersNew\.gradle\6.5\fileContent)" [_thread_blocked, id=276044, stack(0x0000000036520000,0x0000000036620000)]
  0x000000001a129000 JavaThread "Cache worker for Build Output Cleanup Cache (D:\Monkeytech\inDEV\WoodSpoon\WoodSpoonEatersNew\.gradle\buildOutputCleanup)" [_thread_blocked, id=149408, stack(0x0000000024100000,0x0000000024200000)]
  0x000000001a12e000 JavaThread "Build operations Thread 12" [_thread_blocked, id=264664, stack(0x0000000024000000,0x0000000024100000)]
  0x000000001a12f800 JavaThread "Build operations Thread 11" [_thread_blocked, id=167740, stack(0x0000000023f00000,0x0000000024000000)]
  0x000000001a12d800 JavaThread "Build operations Thread 10" [_thread_blocked, id=37316, stack(0x0000000023e00000,0x0000000023f00000)]
  0x000000001a12c800 JavaThread "Build operations Thread 9" [_thread_blocked, id=218524, stack(0x0000000023d00000,0x0000000023e00000)]
  0x000000001a127800 JavaThread "Build operations Thread 8" [_thread_blocked, id=77876, stack(0x0000000023c00000,0x0000000023d00000)]
  0x000000001a12c000 JavaThread "Build operations Thread 7" [_thread_blocked, id=175900, stack(0x0000000023b00000,0x0000000023c00000)]
  0x000000001a126800 JavaThread "Build operations Thread 6" [_thread_blocked, id=211604, stack(0x0000000023a00000,0x0000000023b00000)]
  0x000000001a129800 JavaThread "Build operations Thread 5" [_thread_blocked, id=47032, stack(0x0000000023200000,0x0000000023300000)]
  0x000000001e481000 JavaThread "Build operations Thread 4" [_thread_blocked, id=77380, stack(0x00000000219b0000,0x0000000021ab0000)]
  0x000000001e479800 JavaThread "Build operations Thread 3" [_thread_blocked, id=239828, stack(0x00000000218b0000,0x00000000219b0000)]
  0x000000001e480000 JavaThread "Build operations Thread 2" [_thread_blocked, id=90788, stack(0x0000000020700000,0x0000000020800000)]
  0x000000001e47e800 JavaThread "Build operations" [_thread_blocked, id=52688, stack(0x0000000020350000,0x0000000020450000)]
  0x000000001e478800 JavaThread "Cache worker for cache directory md-rule (C:\Users\mitte\.gradle\caches\6.5\md-rule)" [_thread_blocked, id=278412, stack(0x000000001d9b0000,0x000000001dab0000)]
  0x000000001e47f800 JavaThread "Cache worker for cache directory md-supplier (C:\Users\mitte\.gradle\caches\6.5\md-supplier)" [_thread_blocked, id=158932, stack(0x000000001d8b0000,0x000000001d9b0000)]
  0x000000001e47c800 JavaThread "Cache worker for checksums cache (D:\Monkeytech\inDEV\WoodSpoon\WoodSpoonEatersNew\.gradle\checksums)" [_thread_blocked, id=36068, stack(0x000000001d7b0000,0x000000001d8b0000)]
  0x000000001e474000 JavaThread "Cache worker for file hash cache (D:\Monkeytech\inDEV\WoodSpoon\WoodSpoonEatersNew\.gradle\6.5\fileHashes)" [_thread_blocked, id=271392, stack(0x000000001d6b0000,0x000000001d7b0000)]
  0x000000001e477000 JavaThread "Thread-9191" [_thread_blocked, id=207516, stack(0x000000001d5b0000,0x000000001d6b0000)]
  0x000000001e478000 JavaThread "Stdin handler" [_thread_blocked, id=124924, stack(0x000000001d2b0000,0x000000001d3b0000)]
  0x000000001e475800 JavaThread "Asynchronous log dispatcher for DefaultDaemonConnection: socket connection from /127.0.0.1:56323 to /127.0.0.1:51574" [_thread_blocked, id=207116, stack(0x000000001cc70000,0x000000001cd70000)]
  0x000000001e47b000 JavaThread "Cancel handler" [_thread_blocked, id=163720, stack(0x000000001cb70000,0x000000001cc70000)]
  0x000000001e475000 JavaThread "Handler for socket connection from /127.0.0.1:56323 to /127.0.0.1:51574" [_thread_in_native, id=98456, stack(0x0000000000ca0000,0x0000000000da0000)]
  0x000000001ef27800 JavaThread "jar transforms Thread 6324" [_thread_blocked, id=221744, stack(0x0000000036420000,0x0000000036520000)]
  0x000000001ef1a800 JavaThread "jar transforms Thread 6323" [_thread_blocked, id=128868, stack(0x0000000036320000,0x0000000036420000)]
  0x000000001ef1a000 JavaThread "jar transforms Thread 6322" [_thread_blocked, id=46956, stack(0x0000000036220000,0x0000000036320000)]
  0x000000001ef1d800 JavaThread "jar transforms Thread 6321" [_thread_blocked, id=53756, stack(0x0000000036120000,0x0000000036220000)]
  0x000000001ef20000 JavaThread "jar transforms Thread 6320" [_thread_blocked, id=177620, stack(0x0000000036020000,0x0000000036120000)]
  0x000000001ef11800 JavaThread "jar transforms Thread 6319" [_thread_blocked, id=261984, stack(0x0000000035f20000,0x0000000036020000)]
  0x000000001ef18800 JavaThread "jar transforms Thread 6318" [_thread_blocked, id=40252, stack(0x0000000035e20000,0x0000000035f20000)]
  0x000000001ef11000 JavaThread "jar transforms Thread 6317" [_thread_blocked, id=122084, stack(0x0000000035d20000,0x0000000035e20000)]
  0x000000001ef17000 JavaThread "jar transforms Thread 6316" [_thread_blocked, id=106184, stack(0x0000000035c20000,0x0000000035d20000)]
  0x000000001ef13000 JavaThread "jar transforms Thread 6315" [_thread_blocked, id=127760, stack(0x0000000035b20000,0x0000000035c20000)]
  0x000000001ef17800 JavaThread "jar transforms Thread 6314" [_thread_blocked, id=90136, stack(0x0000000035a20000,0x0000000035b20000)]
  0x000000001ef0f800 JavaThread "jar transforms Thread 6313" [_thread_blocked, id=116732, stack(0x0000000035920000,0x0000000035a20000)]
  0x000000001ef0e800 JavaThread "jar transforms Thread 6312" [_thread_blocked, id=69680, stack(0x0000000035820000,0x0000000035920000)]
  0x000000001ef15800 JavaThread "jar transforms Thread 6311" [_thread_blocked, id=131280, stack(0x0000000035720000,0x0000000035820000)]
  0x000000001ef12800 JavaThread "jar transforms Thread 6310" [_thread_blocked, id=72436, stack(0x0000000035620000,0x0000000035720000)]
  0x000000001ef14800 JavaThread "jar transforms Thread 6309" [_thread_blocked, id=156328, stack(0x0000000035520000,0x0000000035620000)]
  0x000000001ef0e000 JavaThread "jar transforms Thread 6308" [_thread_blocked, id=177056, stack(0x0000000035420000,0x0000000035520000)]
  0x000000001ef0d000 JavaThread "jar transforms Thread 6307" [_thread_blocked, id=93336, stack(0x0000000035320000,0x0000000035420000)]
  0x000000001ef14000 JavaThread "jar transforms Thread 6306" [_thread_blocked, id=265732, stack(0x0000000035220000,0x0000000035320000)]
  0x000000001ef10000 JavaThread "jar transforms Thread 6305" [_thread_blocked, id=106536, stack(0x0000000035120000,0x0000000035220000)]
  0x0000000024d4d000 JavaThread "jar transforms Thread 6304" [_thread_blocked, id=195120, stack(0x0000000035020000,0x0000000035120000)]
  0x0000000024d54000 JavaThread "jar transforms Thread 6303" [_thread_blocked, id=21240, stack(0x0000000034f20000,0x0000000035020000)]
  0x0000000024d53000 JavaThread "jar transforms Thread 6302" [_thread_blocked, id=201360, stack(0x0000000034e20000,0x0000000034f20000)]
  0x0000000024d4b800 JavaThread "jar transforms Thread 6301" [_thread_blocked, id=74964, stack(0x0000000034d20000,0x0000000034e20000)]
  0x0000000024d51800 JavaThread "jar transforms Thread 6300" [_thread_blocked, id=245276, stack(0x0000000034c20000,0x0000000034d20000)]
  0x0000000024d4c800 JavaThread "jar transforms Thread 6299" [_thread_blocked, id=79104, stack(0x0000000034720000,0x0000000034820000)]
  0x0000000024d52800 JavaThread "jar transforms Thread 6298" [_thread_blocked, id=112444, stack(0x0000000034620000,0x0000000034720000)]
  0x0000000024d51000 JavaThread "jar transforms Thread 6297" [_thread_blocked, id=233876, stack(0x0000000033690000,0x0000000033790000)]
  0x0000000024d4e000 JavaThread "jar transforms Thread 6296" [_thread_blocked, id=253224, stack(0x0000000033590000,0x0000000033690000)]
  0x0000000024d50000 JavaThread "jar transforms Thread 6295" [_thread_blocked, id=199548, stack(0x0000000033490000,0x0000000033590000)]
  0x0000000024d4b000 JavaThread "jar transforms Thread 6294" [_thread_blocked, id=277660, stack(0x0000000033390000,0x0000000033490000)]
  0x0000000024d4a000 JavaThread "jar transforms Thread 6293" [_thread_blocked, id=107236, stack(0x0000000033290000,0x0000000033390000)]
  0x0000000024d42800 JavaThread "jar transforms Thread 6292" [_thread_blocked, id=221024, stack(0x0000000033190000,0x0000000033290000)]
  0x0000000024d42000 JavaThread "jar transforms Thread 6291" [_thread_blocked, id=94828, stack(0x0000000033090000,0x0000000033190000)]
  0x0000000024d45800 JavaThread "jar transforms Thread 6290" [_thread_blocked, id=200140, stack(0x0000000032f90000,0x0000000033090000)]
  0x0000000024d48800 JavaThread "jar transforms Thread 6289" [_thread_blocked, id=157404, stack(0x0000000032e90000,0x0000000032f90000)]
  0x0000000024d44000 JavaThread "jar transforms Thread 6288" [_thread_blocked, id=97924, stack(0x0000000032d90000,0x0000000032e90000)]
  0x0000000024d46800 JavaThread "jar transforms Thread 6287" [_thread_blocked, id=61400, stack(0x0000000032c90000,0x0000000032d90000)]
  0x0000000024d48000 JavaThread "jar transforms Thread 6286" [_thread_blocked, id=140896, stack(0x0000000032b90000,0x0000000032c90000)]
  0x0000000024d47000 JavaThread "jar transforms Thread 6285" [_thread_blocked, id=128536, stack(0x0000000032a90000,0x0000000032b90000)]
  0x0000000024d45000 JavaThread "jar transforms Thread 6284" [_thread_blocked, id=263412, stack(0x0000000032990000,0x0000000032a90000)]
  0x0000000024d3a000 JavaThread "jar transforms Thread 6283" [_thread_blocked, id=146192, stack(0x0000000032890000,0x0000000032990000)]
  0x0000000024d41000 JavaThread "jar transforms Thread 6282" [_thread_blocked, id=236364, stack(0x0000000032790000,0x0000000032890000)]
  0x0000000024d3e800 JavaThread "jar transforms Thread 6281" [_thread_blocked, id=273576, stack(0x00000000316c0000,0x00000000317c0000)]
  0x0000000024d3e000 JavaThread "jar transforms Thread 6280" [_thread_blocked, id=100412, stack(0x0000000030fc0000,0x00000000310c0000)]
  0x0000000024d39800 JavaThread "jar transforms Thread 6279" [_thread_blocked, id=148700, stack(0x0000000030ec0000,0x0000000030fc0000)]
  0x0000000024d3d000 JavaThread "jar transforms Thread 6278" [_thread_blocked, id=268152, stack(0x0000000030cc0000,0x0000000030dc0000)]
  0x0000000024d40000 JavaThread "jar transforms Thread 6277" [_thread_blocked, id=240400, stack(0x0000000030bc0000,0x0000000030cc0000)]
  0x0000000024d3f800 JavaThread "jar transforms Thread 6276" [_thread_blocked, id=29636, stack(0x0000000030ac0000,0x0000000030bc0000)]
  0x0000000024d3c800 JavaThread "jar transforms Thread 6275" [_thread_blocked, id=107588, stack(0x00000000305c0000,0x00000000306c0000)]
  0x0000000024d35000 JavaThread "jar transforms Thread 6274" [_thread_blocked, id=91532, stack(0x000000002fe50000,0x000000002ff50000)]
  0x0000000024d36800 JavaThread "jar transforms Thread 6273" [_thread_blocked, id=170888, stack(0x000000002fd50000,0x000000002fe50000)]
  0x0000000024d38800 JavaThread "jar transforms Thread 6272" [_thread_blocked, id=284712, stack(0x000000002fc50000,0x000000002fd50000)]
  0x0000000024d38000 JavaThread "jar transforms Thread 6271" [_thread_blocked, id=247888, stack(0x000000002fb50000,0x000000002fc50000)]
  0x0000000024d35800 JavaThread "jar transforms Thread 6270" [_thread_blocked, id=154076, stack(0x000000002fa50000,0x000000002fb50000)]
  0x0000000024d37000 JavaThread "jar transforms Thread 6269" [_thread_blocked, id=266372, stack(0x000000002f950000,0x000000002fa50000)]
  0x0000000024d3b800 JavaThread "jar transforms Thread 6268" [_thread_blocked, id=44520, stack(0x000000002f850000,0x000000002f950000)]
  0x0000000024d3b000 JavaThread "jar transforms Thread 6267" [_thread_blocked, id=141776, stack(0x000000002f750000,0x000000002f850000)]
  0x00000000324b1000 JavaThread "jar transforms Thread 6266" [_thread_blocked, id=14216, stack(0x000000002f450000,0x000000002f550000)]
  0x00000000324af800 JavaThread "jar transforms Thread 6265" [_thread_blocked, id=202368, stack(0x000000002f250000,0x000000002f350000)]
  0x00000000324b1800 JavaThread "jar transforms Thread 6264" [_thread_blocked, id=90772, stack(0x000000002ccb0000,0x000000002cdb0000)]
  0x00000000324ae800 JavaThread "jar transforms Thread 6263" [_thread_blocked, id=160884, stack(0x000000002c400000,0x000000002c500000)]
  0x00000000324b0000 JavaThread "jar transforms Thread 6262" [_thread_blocked, id=247924, stack(0x000000002c300000,0x000000002c400000)]
  0x00000000324a7000 JavaThread "jar transforms Thread 6261" [_thread_blocked, id=98492, stack(0x000000002c200000,0x000000002c300000)]
  0x00000000324ae000 JavaThread "jar transforms Thread 6260" [_thread_blocked, id=178632, stack(0x000000002c100000,0x000000002c200000)]
  0x00000000324ac800 JavaThread "jar transforms Thread 6259" [_thread_blocked, id=130976, stack(0x000000002c000000,0x000000002c100000)]
  0x00000000324a6800 JavaThread "jar transforms Thread 6258" [_thread_blocked, id=217652, stack(0x000000002bf00000,0x000000002c000000)]
  0x00000000324ab000 JavaThread "jar transforms Thread 6257" [_thread_blocked, id=16292, stack(0x000000002be00000,0x000000002bf00000)]
  0x00000000324aa000 JavaThread "jar transforms Thread 6256" [_thread_blocked, id=121220, stack(0x000000002bd00000,0x000000002be00000)]
  0x00000000324ad000 JavaThread "jar transforms Thread 6255" [_thread_blocked, id=237680, stack(0x000000002bc00000,0x000000002bd00000)]
  0x00000000324ab800 JavaThread "jar transforms Thread 6254" [_thread_blocked, id=103064, stack(0x000000002bb00000,0x000000002bc00000)]
  0x00000000324a9800 JavaThread "jar transforms Thread 6253" [_thread_blocked, id=252304, stack(0x000000002ba00000,0x000000002bb00000)]
  0x00000000324a8800 JavaThread "jar transforms Thread 6252" [_thread_blocked, id=104372, stack(0x000000002b900000,0x000000002ba00000)]
  0x00000000324a8000 JavaThread "jar transforms Thread 6251" [_thread_blocked, id=67188, stack(0x000000002b800000,0x000000002b900000)]
  0x000000003249f000 JavaThread "jar transforms Thread 6250" [_thread_blocked, id=67424, stack(0x000000002b700000,0x000000002b800000)]
  0x00000000324a5800 JavaThread "jar transforms Thread 6249" [_thread_blocked, id=197948, stack(0x000000002b600000,0x000000002b700000)]
  0x00000000324a5000 JavaThread "jar transforms Thread 6248" [_thread_blocked, id=48580, stack(0x000000002b500000,0x000000002b600000)]
  0x00000000324a4000 JavaThread "jar transforms Thread 6247" [_thread_blocked, id=122220, stack(0x000000002b400000,0x000000002b500000)]
  0x00000000324a3800 JavaThread "jar transforms Thread 6246" [_thread_blocked, id=178520, stack(0x000000002b300000,0x000000002b400000)]
  0x00000000324a2800 JavaThread "jar transforms Thread 6245" [_thread_blocked, id=157084, stack(0x000000002b200000,0x000000002b300000)]
  0x00000000324a2000 JavaThread "jar transforms Thread 6244" [_thread_blocked, id=184832, stack(0x000000002b100000,0x000000002b200000)]
  0x00000000324a1000 JavaThread "jar transforms Thread 6243" [_thread_blocked, id=251484, stack(0x000000002b000000,0x000000002b100000)]
  0x00000000324a0800 JavaThread "jar transforms Thread 6242" [_thread_blocked, id=257368, stack(0x000000002af00000,0x000000002b000000)]
  0x000000003249e000 JavaThread "jar transforms Thread 6241" [_thread_blocked, id=253856, stack(0x000000002ae00000,0x000000002af00000)]
  0x000000003249f800 JavaThread "jar transforms Thread 6240" [_thread_blocked, id=255184, stack(0x000000002ad00000,0x000000002ae00000)]
  0x0000000032496800 JavaThread "jar transforms Thread 6239" [_thread_blocked, id=169756, stack(0x000000002ac00000,0x000000002ad00000)]
  0x000000003249d800 JavaThread "jar transforms Thread 6238" [_thread_blocked, id=271716, stack(0x000000002ab00000,0x000000002ac00000)]
  0x0000000032496000 JavaThread "jar transforms Thread 6237" [_thread_blocked, id=109740, stack(0x000000002aa00000,0x000000002ab00000)]
  0x000000003249c800 JavaThread "jar transforms Thread 6236" [_thread_blocked, id=15364, stack(0x000000002a7f0000,0x000000002a8f0000)]
  0x000000003249c000 JavaThread "jar transforms Thread 6235" [_thread_blocked, id=250560, stack(0x000000002a6f0000,0x000000002a7f0000)]
  0x000000003249b000 JavaThread "jar transforms Thread 6234" [_thread_blocked, id=184800, stack(0x000000002a5f0000,0x000000002a6f0000)]
  0x0000000032493800 JavaThread "jar transforms Thread 6233" [_thread_blocked, id=288696, stack(0x000000002a4f0000,0x000000002a5f0000)]
  0x0000000032499000 JavaThread "jar transforms Thread 6232" [_thread_blocked, id=200380, stack(0x000000002a3f0000,0x000000002a4f0000)]
  0x0000000032499800 JavaThread "jar transforms Thread 6231" [_thread_blocked, id=195976, stack(0x000000002a2f0000,0x000000002a3f0000)]
  0x0000000032495000 JavaThread "jar transforms Thread 6230" [_thread_blocked, id=273336, stack(0x000000002a1f0000,0x000000002a2f0000)]
  0x0000000032494000 JavaThread "jar transforms Thread 6229" [_thread_blocked, id=138404, stack(0x000000002a0f0000,0x000000002a1f0000)]
  0x000000003249a800 JavaThread "jar transforms Thread 6228" [_thread_blocked, id=32988, stack(0x0000000028c00000,0x0000000028d00000)]
  0x0000000032497800 JavaThread "jar transforms Thread 6227" [_thread_blocked, id=221528, stack(0x0000000028b00000,0x0000000028c00000)]
  0x000000001e490800 JavaThread "jar transforms Thread 6226" [_thread_blocked, id=149820, stack(0x0000000028a00000,0x0000000028b00000)]
  0x000000001e491800 JavaThread "jar transforms Thread 6225" [_thread_blocked, id=151412, stack(0x0000000028900000,0x0000000028a00000)]
  0x000000001e492000 JavaThread "jar transforms Thread 6224" [_thread_blocked, id=70204, stack(0x0000000028800000,0x0000000028900000)]
  0x000000001e490000 JavaThread "jar transforms Thread 6223" [_thread_blocked, id=232256, stack(0x00000000284d0000,0x00000000285d0000)]
  0x000000001e48f000 JavaThread "jar transforms Thread 6222" [_thread_blocked, id=138688, stack(0x0000000026fe0000,0x00000000270e0000)]
  0x000000001e493000 JavaThread "jar transforms Thread 6221" [_thread_blocked, id=244472, stack(0x0000000026ee0000,0x0000000026fe0000)]
  0x000000001e487800 JavaThread "jar transforms Thread 6220" [_thread_blocked, id=101548, stack(0x0000000026de0000,0x0000000026ee0000)]
  0x000000001e48e800 JavaThread "jar transforms Thread 6219" [_thread_blocked, id=252092, stack(0x0000000026ce0000,0x0000000026de0000)]
  0x000000001e48d800 JavaThread "jar transforms Thread 6218" [_thread_blocked, id=186828, stack(0x0000000026be0000,0x0000000026ce0000)]
  0x000000001e486000 JavaThread "jar transforms Thread 6217" [_thread_blocked, id=202696, stack(0x0000000026ae0000,0x0000000026be0000)]
  0x000000001e48d000 JavaThread "jar transforms Thread 6216" [_thread_blocked, id=284500, stack(0x00000000269e0000,0x0000000026ae0000)]
  0x000000001e485800 JavaThread "jar transforms Thread 6215" [_thread_blocked, id=87840, stack(0x00000000268e0000,0x00000000269e0000)]
  0x000000001e489000 JavaThread "jar transforms Thread 6214" [_thread_blocked, id=44164, stack(0x00000000267e0000,0x00000000268e0000)]
  0x000000001e48c000 JavaThread "jar transforms Thread 6213" [_thread_blocked, id=59384, stack(0x00000000266e0000,0x00000000267e0000)]
  0x000000001e487000 JavaThread "jar transforms Thread 6212" [_thread_blocked, id=158096, stack(0x00000000265e0000,0x00000000266e0000)]
  0x000000001e48b800 JavaThread "jar transforms Thread 6211" [_thread_blocked, id=116972, stack(0x00000000264e0000,0x00000000265e0000)]
  0x000000001e48a800 JavaThread "jar transforms Thread 6210" [_thread_blocked, id=228516, stack(0x00000000263e0000,0x00000000264e0000)]
  0x000000001e484000 JavaThread "jar transforms Thread 6209" [_thread_blocked, id=5816, stack(0x00000000260c0000,0x00000000261c0000)]
  0x000000001e483000 JavaThread "jar transforms Thread 6208" [_thread_blocked, id=179104, stack(0x0000000025fc0000,0x00000000260c0000)]
  0x000000001e484800 JavaThread "jar transforms Thread 6207" [_thread_blocked, id=150120, stack(0x0000000025ec0000,0x0000000025fc0000)]
  0x000000001e48a000 JavaThread "jar transforms Thread 6206" [_thread_blocked, id=285792, stack(0x0000000025dc0000,0x0000000025ec0000)]
  0x000000001e488800 JavaThread "jar transforms Thread 6205" [_thread_blocked, id=84612, stack(0x0000000025cc0000,0x0000000025dc0000)]
  0x000000001e47b800 JavaThread "jar transforms Thread 6204" [_thread_blocked, id=30504, stack(0x0000000024500000,0x0000000024600000)]
  0x000000001e482800 JavaThread "jar transforms Thread 6203" [_thread_blocked, id=139016, stack(0x0000000024400000,0x0000000024500000)]
  0x000000001e481800 JavaThread "jar transforms Thread 6202" [_thread_blocked, id=205044, stack(0x0000000024300000,0x0000000024400000)]
  0x000000001e47a000 JavaThread "jar transforms Thread 6201" [_thread_blocked, id=144236, stack(0x0000000024200000,0x0000000024300000)]
  0x000000002dbd9800 JavaThread "Daemon worker Thread 47" [_thread_blocked, id=254604, stack(0x000000001d0b0000,0x000000001d1b0000)]
  0x000000002dbd7000 JavaThread "Daemon Thread 47" [_thread_blocked, id=16040, stack(0x0000000000da0000,0x0000000000ea0000)]
  0x000000001e32f800 JavaThread "RMI Reaper" [_thread_blocked, id=199288, stack(0x0000000038300000,0x0000000038400000)]
  0x000000001e32e800 JavaThread "GC Daemon" daemon [_thread_blocked, id=94924, stack(0x0000000038200000,0x0000000038300000)]
  0x000000001e334000 JavaThread "Cache worker for Java compile cache (C:\Users\mitte\.gradle\caches\6.5\javaCompile)" [_thread_blocked, id=103280, stack(0x0000000000ba0000,0x0000000000ca0000)]
  0x000000001e324000 JavaThread "RMI TCP Accept-0" daemon [_thread_in_native, id=89704, stack(0x0000000030dc0000,0x0000000030ec0000)]
  0x000000001e327000 JavaThread "RMI Scheduler(0)" daemon [_thread_blocked, id=231580, stack(0x000000002f350000,0x000000002f450000)]
  0x000000001e328800 JavaThread "MarlinRenderer Disposer" daemon [_thread_blocked, id=37904, stack(0x00000000313c0000,0x00000000314c0000)]
  0x000000001e324800 JavaThread "Java2D Disposer" daemon [_thread_blocked, id=183264, stack(0x00000000310c0000,0x00000000311c0000)]
  0x000000001a132800 JavaThread "Memory manager" [_thread_blocked, id=141780, stack(0x000000002c900000,0x000000002ca00000)]
  0x000000001be1e800 JavaThread "Cache worker for file content cache (C:\Users\mitte\.gradle\caches\6.5\fileContent)" [_thread_blocked, id=111664, stack(0x0000000023300000,0x0000000023400000)]
  0x000000001be1c000 JavaThread "Cache worker for execution history cache (C:\Users\mitte\.gradle\caches\6.5\executionHistory)" [_thread_blocked, id=154116, stack(0x0000000021ab0000,0x0000000021bb0000)]
  0x000000001be20000 JavaThread "Cache worker for file hash cache (C:\Users\mitte\.gradle\caches\6.5\fileHashes)" [_thread_blocked, id=61752, stack(0x000000001deb0000,0x000000001dfb0000)]
  0x000000001be23000 JavaThread "File lock request listener" [_thread_in_native, id=163100, stack(0x000000001ddb0000,0x000000001deb0000)]
  0x000000001bc47000 JavaThread "Cache worker for journal cache (C:\Users\mitte\.gradle\caches\journal-1)" [_thread_blocked, id=265892, stack(0x000000001dcb0000,0x000000001ddb0000)]
  0x000000001b980000 JavaThread "Daemon periodic checks" [_thread_blocked, id=108640, stack(0x000000001cfb0000,0x000000001d0b0000)]
  0x000000001b972800 JavaThread "Incoming local TCP Connector on port 56323" [_thread_in_native, id=278628, stack(0x000000001cd70000,0x000000001ce70000)]
  0x000000001b8df800 JavaThread "Daemon health stats" [_thread_blocked, id=66856, stack(0x000000001c730000,0x000000001c830000)]
  0x00000000181d3800 JavaThread "Service Thread" daemon [_thread_blocked, id=219480, stack(0x0000000019b90000,0x0000000019c90000)]
  0x0000000018153000 JavaThread "C1 CompilerThread3" daemon [_thread_blocked, id=168160, stack(0x0000000019a90000,0x0000000019b90000)]
  0x0000000018152800 JavaThread "C2 CompilerThread2" daemon [_thread_in_native, id=98936, stack(0x0000000019990000,0x0000000019a90000)]
=>0x000000001814d000 JavaThread "C2 CompilerThread1" daemon [_thread_in_native, id=110024, stack(0x0000000019890000,0x0000000019990000)]
  0x0000000018146000 JavaThread "C2 CompilerThread0" daemon [_thread_in_native, id=138232, stack(0x0000000019790000,0x0000000019890000)]
  0x0000000018143000 JavaThread "Attach Listener" daemon [_thread_blocked, id=194772, stack(0x0000000019690000,0x0000000019790000)]
  0x0000000018141000 JavaThread "Signal Dispatcher" daemon [_thread_blocked, id=135352, stack(0x0000000019590000,0x0000000019690000)]
  0x0000000016a62800 JavaThread "Finalizer" daemon [_thread_blocked, id=147360, stack(0x0000000019390000,0x0000000019490000)]
  0x0000000018133000 JavaThread "Reference Handler" daemon [_thread_blocked, id=31824, stack(0x0000000019290000,0x0000000019390000)]
  0x000000000299e800 JavaThread "main" [_thread_blocked, id=144644, stack(0x00000000027b0000,0x00000000028b0000)]

Other Threads:
  0x0000000016a55800 VMThread [stack: 0x0000000019190000,0x0000000019290000] [id=208196]
  0x00000000181d5800 WatcherThread [stack: 0x0000000019c90000,0x0000000019d90000] [id=131780]

VM state:not at safepoint (normal execution)

VM Mutex/Monitor currently owned by a thread: None

heap address: 0x00000000a0000000, size: 1536 MB, Compressed Oops mode: 32-bit
Narrow klass base: 0x0000000000000000, Narrow klass shift: 3
Compressed class space size: 1073741824 Address: 0x0000000100000000

Heap:
 PSYoungGen      total 376320K, used 123048K [0x00000000e0000000, 0x00000000fed00000, 0x0000000100000000)
  eden space 243712K, 46% used [0x00000000e0000000,0x00000000e6f11818,0x00000000eee00000)
  from space 132608K, 7% used [0x00000000f6b80000,0x00000000f74d88d0,0x00000000fed00000)
  to   space 128512K, 0% used [0x00000000eee00000,0x00000000eee00000,0x00000000f6b80000)
 ParOldGen       total 1048576K, used 692288K [0x00000000a0000000, 0x00000000e0000000, 0x00000000e0000000)
  object space 1048576K, 66% used [0x00000000a0000000,0x00000000ca410098,0x00000000e0000000)
 Metaspace       used 130154K, capacity 139470K, committed 158616K, reserved 1187840K
  class space    used 15734K, capacity 17331K, committed 19888K, reserved 1048576K

Card table byte_map: [0x0000000011e60000,0x0000000012170000] byte_map_base: 0x0000000011960000

Marking Bits: (ParMarkBitMap*) 0x000000006648f030
 Begin Bits: [0x0000000012d70000, 0x0000000014570000)
 End Bits:   [0x0000000014570000, 0x0000000015d70000)

Polling page: 0x0000000000a40000

CodeCache: size=245760Kb used=134856Kb max_used=139598Kb free=110903Kb
 bounds [0x0000000002aa0000, 0x000000000b3d0000, 0x0000000011aa0000]
 total_blobs=35761 nmethods=34650 adapters=1020
 compilation: enabled

Compilation events (10 events):
Event: 26634.723 Thread 0x0000000018153000 58759       2       com.android.tools.r8.s.c.g$$Lambda$2883/1076665163::test (8 bytes)
Event: 26634.724 Thread 0x0000000018153000 nmethod 58759 0x00000000076f3e10 code [0x00000000076f3f80, 0x00000000076f41e8]
Event: 26634.726 Thread 0x0000000018153000 58761       1       com.android.tools.r8.s.d.r::d (5 bytes)
Event: 26634.726 Thread 0x0000000018153000 nmethod 58761 0x000000000695f8d0 code [0x000000000695fa20, 0x000000000695fb30]
Event: 26634.728 Thread 0x0000000018153000 58762       1       com.android.tools.r8.s.d.r::f (2 bytes)
Event: 26634.728 Thread 0x0000000018153000 nmethod 58762 0x0000000002e4c850 code [0x0000000002e4c9a0, 0x0000000002e4cab0]
Event: 26634.731 Thread 0x0000000018153000 58760       2       com.android.tools.r8.graph.W::L (34 bytes)
Event: 26634.731 Thread 0x0000000018153000 nmethod 58760 0x000000000b374c50 code [0x000000000b374da0, 0x000000000b374ff0]
Event: 26634.734 Thread 0x0000000018153000 58763       2       com.android.tools.r8.dex.P$d::a (238 bytes)
Event: 26634.736 Thread 0x0000000018153000 nmethod 58763 0x00000000078d1490 code [0x00000000078d1780, 0x00000000078d23a8]

GC Heap History (10 events):
Event: 26634.203 GC heap before
{Heap before GC invocations=502 (full 12):
 PSYoungGen      total 346624K, used 188944K [0x00000000e0000000, 0x00000000ff000000, 0x0000000100000000)
  eden space 181248K, 100% used [0x00000000e0000000,0x00000000eb100000,0x00000000eb100000)
  from space 165376K, 4% used [0x00000000eb100000,0x00000000eb8841b0,0x00000000f5280000)
  to   space 160256K, 0% used [0x00000000f5380000,0x00000000f5380000,0x00000000ff000000)
 ParOldGen       total 1048576K, used 663900K [0x00000000a0000000, 0x00000000e0000000, 0x00000000e0000000)
  object space 1048576K, 63% used [0x00000000a0000000,0x00000000c8857330,0x00000000e0000000)
 Metaspace       used 130021K, capacity 139264K, committed 158616K, reserved 1187840K
  class space    used 15717K, capacity 17314K, committed 19888K, reserved 1048576K
Event: 26634.217 GC heap after
Heap after GC invocations=502 (full 12):
 PSYoungGen      total 352768K, used 8694K [0x00000000e0000000, 0x00000000fef00000, 0x0000000100000000)
  eden space 193536K, 0% used [0x00000000e0000000,0x00000000e0000000,0x00000000ebd00000)
  from space 159232K, 5% used [0x00000000f5380000,0x00000000f5bfd808,0x00000000fef00000)
  to   space 154112K, 0% used [0x00000000ebd00000,0x00000000ebd00000,0x00000000f5380000)
 ParOldGen       total 1048576K, used 670854K [0x00000000a0000000, 0x00000000e0000000, 0x00000000e0000000)
  object space 1048576K, 63% used [0x00000000a0000000,0x00000000c8f21940,0x00000000e0000000)
 Metaspace       used 130021K, capacity 139264K, committed 158616K, reserved 1187840K
  class space    used 15717K, capacity 17314K, committed 19888K, reserved 1048576K
}
Event: 26634.337 GC heap before
{Heap before GC invocations=503 (full 12):
 PSYoungGen      total 352768K, used 202230K [0x00000000e0000000, 0x00000000fef00000, 0x0000000100000000)
  eden space 193536K, 100% used [0x00000000e0000000,0x00000000ebd00000,0x00000000ebd00000)
  from space 159232K, 5% used [0x00000000f5380000,0x00000000f5bfd808,0x00000000fef00000)
  to   space 154112K, 0% used [0x00000000ebd00000,0x00000000ebd00000,0x00000000f5380000)
 ParOldGen       total 1048576K, used 670854K [0x00000000a0000000, 0x00000000e0000000, 0x00000000e0000000)
  object space 1048576K, 63% used [0x00000000a0000000,0x00000000c8f21940,0x00000000e0000000)
 Metaspace       used 130030K, capacity 139268K, committed 158616K, reserved 1187840K
  class space    used 15718K, capacity 17314K, committed 19888K, reserved 1048576K
Event: 26634.351 GC heap after
Heap after GC invocations=503 (full 12):
 PSYoungGen      total 347648K, used 7490K [0x00000000e0000000, 0x00000000fef00000, 0x0000000100000000)
  eden space 193536K, 0% used [0x00000000e0000000,0x00000000e0000000,0x00000000ebd00000)
  from space 154112K, 4% used [0x00000000ebd00000,0x00000000ec450b08,0x00000000f5380000)
  to   space 147968K, 0% used [0x00000000f5e80000,0x00000000f5e80000,0x00000000fef00000)
 ParOldGen       total 1048576K, used 678553K [0x00000000a0000000, 0x00000000e0000000, 0x00000000e0000000)
  object space 1048576K, 64% used [0x00000000a0000000,0x00000000c96a65f8,0x00000000e0000000)
 Metaspace       used 130030K, capacity 139268K, committed 158616K, reserved 1187840K
  class space    used 15718K, capacity 17314K, committed 19888K, reserved 1048576K
}
Event: 26634.457 GC heap before
{Heap before GC invocations=504 (full 12):
 PSYoungGen      total 347648K, used 200849K [0x00000000e0000000, 0x00000000fef00000, 0x0000000100000000)
  eden space 193536K, 99% used [0x00000000e0000000,0x00000000ebcd3b60,0x00000000ebd00000)
  from space 154112K, 4% used [0x00000000ebd00000,0x00000000ec450b08,0x00000000f5380000)
  to   space 147968K, 0% used [0x00000000f5e80000,0x00000000f5e80000,0x00000000fef00000)
 ParOldGen       total 1048576K, used 678553K [0x00000000a0000000, 0x00000000e0000000, 0x00000000e0000000)
  object space 1048576K, 64% used [0x00000000a0000000,0x00000000c96a65f8,0x00000000e0000000)
 Metaspace       used 130066K, capacity 139364K, committed 158616K, reserved 1187840K
  class space    used 15722K, capacity 17320K, committed 19888K, reserved 1048576K
Event: 26634.465 GC heap after
Heap after GC invocations=504 (full 12):
 PSYoungGen      total 363520K, used 7517K [0x00000000e0000000, 0x00000000fed00000, 0x0000000100000000)
  eden space 217600K, 0% used [0x00000000e0000000,0x00000000e0000000,0x00000000ed480000)
  from space 145920K, 5% used [0x00000000f5e80000,0x00000000f65d76b8,0x00000000fed00000)
  to   space 141312K, 0% used [0x00000000ed480000,0x00000000ed480000,0x00000000f5e80000)
 ParOldGen       total 1048576K, used 684469K [0x00000000a0000000, 0x00000000e0000000, 0x00000000e0000000)
  object space 1048576K, 65% used [0x00000000a0000000,0x00000000c9c6d6e8,0x00000000e0000000)
 Metaspace       used 130066K, capacity 139364K, committed 158616K, reserved 1187840K
  class space    used 15722K, capacity 17320K, committed 19888K, reserved 1048576K
}
Event: 26634.573 GC heap before
{Heap before GC invocations=505 (full 12):
 PSYoungGen      total 363520K, used 225117K [0x00000000e0000000, 0x00000000fed00000, 0x0000000100000000)
  eden space 217600K, 100% used [0x00000000e0000000,0x00000000ed480000,0x00000000ed480000)
  from space 145920K, 5% used [0x00000000f5e80000,0x00000000f65d76b8,0x00000000fed00000)
  to   space 141312K, 0% used [0x00000000ed480000,0x00000000ed480000,0x00000000f5e80000)
 ParOldGen       total 1048576K, used 684469K [0x00000000a0000000, 0x00000000e0000000, 0x00000000e0000000)
  object space 1048576K, 65% used [0x00000000a0000000,0x00000000c9c6d6e8,0x00000000e0000000)
 Metaspace       used 130066K, capacity 139364K, committed 158616K, reserved 1187840K
  class space    used 15722K, capacity 17320K, committed 19888K, reserved 1048576K
Event: 26634.581 GC heap after
Heap after GC invocations=505 (full 12):
 PSYoungGen      total 358912K, used 4609K [0x00000000e0000000, 0x00000000fef80000, 0x0000000100000000)
  eden space 217600K, 0% used [0x00000000e0000000,0x00000000e0000000,0x00000000ed480000)
  from space 141312K, 3% used [0x00000000ed480000,0x00000000ed900770,0x00000000f5e80000)
  to   space 135168K, 0% used [0x00000000f6b80000,0x00000000f6b80000,0x00000000fef80000)
 ParOldGen       total 1048576K, used 688265K [0x00000000a0000000, 0x00000000e0000000, 0x00000000e0000000)
  object space 1048576K, 65% used [0x00000000a0000000,0x00000000ca022788,0x00000000e0000000)
 Metaspace       used 130066K, capacity 139364K, committed 158616K, reserved 1187840K
  class space    used 15722K, capacity 17320K, committed 19888K, reserved 1048576K
}
Event: 26634.760 GC heap before
{Heap before GC invocations=506 (full 12):
 PSYoungGen      total 358912K, used 222209K [0x00000000e0000000, 0x00000000fef80000, 0x0000000100000000)
  eden space 217600K, 100% used [0x00000000e0000000,0x00000000ed480000,0x00000000ed480000)
  from space 141312K, 3% used [0x00000000ed480000,0x00000000ed900770,0x00000000f5e80000)
  to   space 135168K, 0% used [0x00000000f6b80000,0x00000000f6b80000,0x00000000fef80000)
 ParOldGen       total 1048576K, used 688265K [0x00000000a0000000, 0x00000000e0000000, 0x00000000e0000000)
  object space 1048576K, 65% used [0x00000000a0000000,0x00000000ca022788,0x00000000e0000000)
 Metaspace       used 130154K, capacity 139470K, committed 158616K, reserved 1187840K
  class space    used 15734K, capacity 17331K, committed 19888K, reserved 1048576K
Event: 26634.770 GC heap after
Heap after GC invocations=506 (full 12):
 PSYoungGen      total 376320K, used 9570K [0x00000000e0000000, 0x00000000fed00000, 0x0000000100000000)
  eden space 243712K, 0% used [0x00000000e0000000,0x00000000e0000000,0x00000000eee00000)
  from space 132608K, 7% used [0x00000000f6b80000,0x00000000f74d88d0,0x00000000fed00000)
  to   space 128512K, 0% used [0x00000000eee00000,0x00000000eee00000,0x00000000f6b80000)
 ParOldGen       total 1048576K, used 692288K [0x00000000a0000000, 0x00000000e0000000, 0x00000000e0000000)
  object space 1048576K, 66% used [0x00000000a0000000,0x00000000ca410098,0x00000000e0000000)
 Metaspace       used 130154K, capacity 139470K, committed 158616K, reserved 1187840K
  class space    used 15734K, capacity 17331K, committed 19888K, reserved 1048576K
}

Deoptimization events (10 events):
Event: 26634.628 Thread 0x000000002769b000 Uncommon trap: reason=class_check action=maybe_recompile pc=0x000000000a22e330 method=com.android.tools.r8.ir.conversion.N.a(Lcom/android/tools/r8/s/b/k0;)V @ 30
Event: 26634.628 Thread 0x000000002769b000 Uncommon trap: reason=class_check action=maybe_recompile pc=0x000000000830a6bc method=com.android.tools.r8.ir.conversion.N.a(Lcom/android/tools/r8/s/b/B0;)V @ 196
Event: 26634.629 Thread 0x000000002769b000 Uncommon trap: reason=class_check action=maybe_recompile pc=0x0000000009c2c8b0 method=com.android.tools.r8.utils.a1.a(Lcom/android/tools/r8/utils/j1;Ljava/lang/Object;I)Ljava/lang/Object; @ 3
Event: 26634.629 Thread 0x000000002769b000 Uncommon trap: reason=class_check action=maybe_recompile pc=0x0000000008b33770 method=com.android.tools.r8.ir.conversion.N.a(Lcom/android/tools/r8/graph/n1;)Lcom/android/tools/r8/s/b/X; @ 33
Event: 26634.629 Thread 0x000000002769b000 Uncommon trap: reason=class_check action=maybe_recompile pc=0x0000000009bf6af4 method=com.android.tools.r8.ir.conversion.N.a(ILcom/android/tools/r8/graph/W;Ljava/util/function/BiConsumer;)V @ 34
Event: 26634.629 Thread 0x000000002769b000 Uncommon trap: reason=class_check action=maybe_recompile pc=0x0000000009deaaa4 method=com.android.tools.r8.ir.conversion.N.a(Lcom/android/tools/r8/s/b/p0$a;Lcom/android/tools/r8/graph/Y;Lcom/android/tools/r8/graph/g0;Ljava/util/List;Ljava/util/List;Z)V @ 
Event: 26634.629 Thread 0x000000002769b000 Uncommon trap: reason=class_check action=maybe_recompile pc=0x000000000a22e330 method=com.android.tools.r8.ir.conversion.N.a(Lcom/android/tools/r8/s/b/k0;)V @ 30
Event: 26634.629 Thread 0x000000002769b000 Uncommon trap: reason=class_check action=maybe_recompile pc=0x000000000830a6bc method=com.android.tools.r8.ir.conversion.N.a(Lcom/android/tools/r8/s/b/B0;)V @ 196
Event: 26634.629 Thread 0x000000002769b000 Uncommon trap: reason=class_check action=maybe_recompile pc=0x000000000a22e330 method=com.android.tools.r8.ir.conversion.N.a(Lcom/android/tools/r8/s/b/k0;)V @ 30
Event: 26634.631 Thread 0x000000002769b000 Uncommon trap: reason=class_check action=maybe_recompile pc=0x0000000008ae2ae8 method=com.android.tools.r8.ir.conversion.N.a(Lcom/android/tools/r8/graph/n1;)Lcom/android/tools/r8/s/b/X; @ 377

Classes redefined (0 events):
No events

Internal exceptions (10 events):
Event: 26634.841 Thread 0x000000001e32e000 Exception <a 'sun/nio/fs/WindowsException'> (0x00000000e63b2f70) thrown at [C:\src\AOSP-openjdk-git\hotspot\src\share\vm\prims\jni.cpp, line 710]
Event: 26634.842 Thread 0x000000001e32e000 Exception <a 'sun/nio/fs/WindowsException'> (0x00000000e6405f68) thrown at [C:\src\AOSP-openjdk-git\hotspot\src\share\vm\prims\jni.cpp, line 710]
Event: 26634.842 Thread 0x000000001e32e000 Exception <a 'sun/nio/fs/WindowsException'> (0x00000000e64104a8) thrown at [C:\src\AOSP-openjdk-git\hotspot\src\share\vm\prims\jni.cpp, line 710]
Event: 26634.842 Thread 0x000000001e32e000 Exception <a 'sun/nio/fs/WindowsException'> (0x00000000e641ada8) thrown at [C:\src\AOSP-openjdk-git\hotspot\src\share\vm\prims\jni.cpp, line 710]
Event: 26634.843 Thread 0x000000001e32e000 Exception <a 'sun/nio/fs/WindowsException'> (0x00000000e6425d98) thrown at [C:\src\AOSP-openjdk-git\hotspot\src\share\vm\prims\jni.cpp, line 710]
Event: 26634.843 Thread 0x000000001e32e000 Exception <a 'sun/nio/fs/WindowsException'> (0x00000000e66620e0) thrown at [C:\src\AOSP-openjdk-git\hotspot\src\share\vm\prims\jni.cpp, line 710]
Event: 26634.843 Thread 0x000000001e32e000 Exception <a 'sun/nio/fs/WindowsException'> (0x00000000e66ac208) thrown at [C:\src\AOSP-openjdk-git\hotspot\src\share\vm\prims\jni.cpp, line 710]
Event: 26634.844 Thread 0x000000001e32e000 Exception <a 'sun/nio/fs/WindowsException'> (0x00000000e66f6b38) thrown at [C:\src\AOSP-openjdk-git\hotspot\src\share\vm\prims\jni.cpp, line 710]
Event: 26634.844 Thread 0x000000001e32e000 Exception <a 'sun/nio/fs/WindowsException'> (0x00000000e67426a8) thrown at [C:\src\AOSP-openjdk-git\hotspot\src\share\vm\prims\jni.cpp, line 710]
Event: 26634.844 Thread 0x000000001e32e000 Exception <a 'sun/nio/fs/WindowsException'> (0x00000000e674cce0) thrown at [C:\src\AOSP-openjdk-git\hotspot\src\share\vm\prims\jni.cpp, line 710]

Events (10 events):
Event: 26634.782 Executing VM operation: RevokeBias
Event: 26634.782 Executing VM operation: RevokeBias done
Event: 26634.782 Executing VM operation: RevokeBias
Event: 26634.783 Executing VM operation: RevokeBias done
Event: 26634.791 Thread 0x000000002769b000 DEOPT PACKING pc=0x000000000b372f91 sp=0x000000003761d910
Event: 26634.791 Thread 0x000000002769b000 DEOPT UNPACKING pc=0x0000000002ae75d0 sp=0x000000003761d6a0 mode 0
Event: 26634.805 Thread 0x000000002769b000 DEOPT PACKING pc=0x000000000b372f91 sp=0x000000003761d910
Event: 26634.805 Thread 0x000000002769b000 DEOPT UNPACKING pc=0x0000000002ae75d0 sp=0x000000003761d6a0 mode 0
Event: 26634.840 Thread 0x000000001e32e000 DEOPT PACKING pc=0x000000000b372f91 sp=0x000000003897de30
Event: 26634.840 Thread 0x000000001e32e000 DEOPT UNPACKING pc=0x0000000002ae75d0 sp=0x000000003897dbc0 mode 0


Dynamic libraries:
0x00007ff7482c0000 - 0x00007ff7482f1000 	C:\Program Files\Android\Android Studio\jre\bin\java.exe
0x00007ffbd49b0000 - 0x00007ffbd4ba5000 	C:\WINDOWS\SYSTEM32\ntdll.dll
0x00007ffbd2ce0000 - 0x00007ffbd2d9d000 	C:\WINDOWS\System32\KERNEL32.DLL
0x00007ffbd2490000 - 0x00007ffbd2758000 	C:\WINDOWS\System32\KERNELBASE.dll
0x00007ffbd2ef0000 - 0x00007ffbd2f9c000 	C:\WINDOWS\System32\ADVAPI32.dll
0x00007ffbd3c70000 - 0x00007ffbd3d0e000 	C:\WINDOWS\System32\msvcrt.dll
0x00007ffbd45f0000 - 0x00007ffbd468b000 	C:\WINDOWS\System32\sechost.dll
0x00007ffbd2da0000 - 0x00007ffbd2ecb000 	C:\WINDOWS\System32\RPCRT4.dll
0x00007ffbd47d0000 - 0x00007ffbd4970000 	C:\WINDOWS\System32\USER32.dll
0x00007ffbd2460000 - 0x00007ffbd2482000 	C:\WINDOWS\System32\win32u.dll
0x00007ffbd2a10000 - 0x00007ffbd2a3a000 	C:\WINDOWS\System32\GDI32.dll
0x00007ffbd2250000 - 0x00007ffbd235b000 	C:\WINDOWS\System32\gdi32full.dll
0x00007ffbd2970000 - 0x00007ffbd2a0d000 	C:\WINDOWS\System32\msvcp_win.dll
0x00007ffbd2360000 - 0x00007ffbd2460000 	C:\WINDOWS\System32\ucrtbase.dll
0x00007ffbc8140000 - 0x00007ffbc83da000 	C:\WINDOWS\WinSxS\amd64_microsoft.windows.common-controls_6595b64144ccf1df_6.0.19041.844_none_ca00b6081b84eb1d\COMCTL32.dll
0x00007ffbd2c50000 - 0x00007ffbd2c80000 	C:\WINDOWS\System32\IMM32.DLL
0x0000000065b00000 - 0x0000000065bd2000 	C:\Program Files\Android\Android Studio\jre\jre\bin\msvcr100.dll
0x0000000065cc0000 - 0x000000006650b000 	C:\Program Files\Android\Android Studio\jre\jre\bin\server\jvm.dll
0x00007ffbd2ee0000 - 0x00007ffbd2ee8000 	C:\WINDOWS\System32\PSAPI.DLL
0x00007ffbb0500000 - 0x00007ffbb0509000 	C:\WINDOWS\SYSTEM32\WSOCK32.dll
0x00007ffbc6ee0000 - 0x00007ffbc6eea000 	C:\WINDOWS\SYSTEM32\VERSION.dll
0x00007ffbbf790000 - 0x00007ffbbf7b7000 	C:\WINDOWS\SYSTEM32\WINMM.dll
0x00007ffbd4740000 - 0x00007ffbd47ab000 	C:\WINDOWS\System32\WS2_32.dll
0x00007ffbcaac0000 - 0x00007ffbcaacf000 	C:\Program Files\Android\Android Studio\jre\jre\bin\verify.dll
0x00007ffbc6ef0000 - 0x00007ffbc6f19000 	C:\Program Files\Android\Android Studio\jre\jre\bin\java.dll
0x00007ffbc68c0000 - 0x00007ffbc68d6000 	C:\Program Files\Android\Android Studio\jre\jre\bin\zip.dll
0x00007ffbd3d10000 - 0x00007ffbd4452000 	C:\WINDOWS\System32\SHELL32.dll
0x00007ffbd0220000 - 0x00007ffbd09b0000 	C:\WINDOWS\SYSTEM32\windows.storage.dll
0x00007ffbd3910000 - 0x00007ffbd3c65000 	C:\WINDOWS\System32\combase.dll
0x00007ffbd1b60000 - 0x00007ffbd1b8c000 	C:\WINDOWS\SYSTEM32\Wldp.dll
0x00007ffbd3740000 - 0x00007ffbd37ee000 	C:\WINDOWS\System32\SHCORE.dll
0x00007ffbd4590000 - 0x00007ffbd45e5000 	C:\WINDOWS\System32\shlwapi.dll
0x00007ffbd2030000 - 0x00007ffbd204f000 	C:\WINDOWS\SYSTEM32\profapi.dll
0x00007ffbc1fe0000 - 0x00007ffbc1ffa000 	C:\Program Files\Android\Android Studio\jre\jre\bin\net.dll
0x00007ffbd18d0000 - 0x00007ffbd193a000 	C:\WINDOWS\system32\mswsock.dll
0x00007ffbc02f0000 - 0x00007ffbc0303000 	C:\Program Files\Android\Android Studio\jre\jre\bin\nio.dll
0x00007ffbbf700000 - 0x00007ffbbf727000 	C:\Users\mitte\.gradle\native\f6784746aeab05261644944871eae4fe03e0ef1612fff0a4a95f87b438bc6780\windows-amd64\native-platform.dll
0x00007ffbca9e0000 - 0x00007ffbca9ed000 	C:\Program Files\Android\Android Studio\jre\jre\bin\management.dll
0x00007ffbd1aa0000 - 0x00007ffbd1ab8000 	C:\WINDOWS\SYSTEM32\CRYPTSP.dll
0x00007ffbd1200000 - 0x00007ffbd1234000 	C:\WINDOWS\system32\rsaenh.dll
0x00007ffbd21c0000 - 0x00007ffbd21e7000 	C:\WINDOWS\System32\bcrypt.dll
0x00007ffbd1ff0000 - 0x00007ffbd201e000 	C:\WINDOWS\SYSTEM32\USERENV.dll
0x00007ffbd2140000 - 0x00007ffbd21c0000 	C:\WINDOWS\System32\bcryptprimitives.dll
0x00007ffbd1ac0000 - 0x00007ffbd1acc000 	C:\WINDOWS\SYSTEM32\CRYPTBASE.dll
0x00007ffbd1570000 - 0x00007ffbd15ab000 	C:\WINDOWS\SYSTEM32\IPHLPAPI.DLL
0x00007ffbd3730000 - 0x00007ffbd3738000 	C:\WINDOWS\System32\NSI.dll
0x00007ffbc9150000 - 0x00007ffbc9167000 	C:\WINDOWS\SYSTEM32\dhcpcsvc6.DLL
0x00007ffbc9130000 - 0x00007ffbc914d000 	C:\WINDOWS\SYSTEM32\dhcpcsvc.DLL
0x00007ffbd15c0000 - 0x00007ffbd168c000 	C:\WINDOWS\SYSTEM32\DNSAPI.dll
0x00007ffbca070000 - 0x00007ffbca07b000 	C:\WINDOWS\SYSTEM32\WINNSI.DLL
0x00007ffb95e00000 - 0x00007ffb95f9c000 	C:\Program Files\Android\Android Studio\jre\jre\bin\awt.dll
0x00007ffbd2b80000 - 0x00007ffbd2c4d000 	C:\WINDOWS\System32\OLEAUT32.dll
0x00007ffbcf980000 - 0x00007ffbcf9af000 	C:\WINDOWS\SYSTEM32\dwmapi.dll
0x00007ffbcb310000 - 0x00007ffbcb8d0000 	C:\WINDOWS\SYSTEM32\d2d1.dll
0x00007ffbcc3d0000 - 0x00007ffbcc460000 	C:\WINDOWS\SYSTEM32\apphelp.dll
0x00007ffbcc560000 - 0x00007ffbcc5fe000 	C:\WINDOWS\system32\uxtheme.dll
0x00007ffbc8440000 - 0x00007ffbc845e000 	C:\Users\mitte\AppData\Local\Temp\native-platform3285593486162878685dir\native-platform.dll
0x00007ffbbd860000 - 0x00007ffbbd884000 	C:\Program Files\Android\Android Studio\jre\jre\bin\sunec.dll
0x00007ffbc9040000 - 0x00007ffbc904a000 	C:\Windows\System32\rasadhlp.dll
0x00007ffbc8540000 - 0x00007ffbc85bf000 	C:\WINDOWS\System32\fwpuclnt.dll
0x00007ffbca8b0000 - 0x00007ffbca8bb000 	C:\Program Files\Android\Android Studio\jre\jre\bin\sunmscapi.dll
0x00007ffbd2760000 - 0x00007ffbd28bf000 	C:\WINDOWS\System32\CRYPT32.dll

VM Arguments:
jvm_args: -Xmx1536m -Dfile.encoding=windows-1252 -Duser.country=GB -Duser.language=en -Duser.variant 
java_command: org.gradle.launcher.daemon.bootstrap.GradleDaemon 6.5
java_class_path (initial): C:\Users\mitte\.gradle\wrapper\dists\gradle-6.5-bin\6nifqtx7604sqp1q6g8wikw7p\gradle-6.5\lib\gradle-launcher-6.5.jar
Launcher Type: SUN_STANDARD

Environment Variables:
PATH=C:\Program Files (x86)\Common Files\Intel\Shared Libraries\redist\intel64\compiler;C:\Windows\system32;C:\Windows;C:\Windows\System32\Wbem;C:\Windows\System32\WindowsPowerShell\v1.0\;C:\Windows\System32\OpenSSH\;C:\Program Files (x86)\NVIDIA Corporation\PhysX\Common;C:\Program Files\NVIDIA Corporation\NVIDIA NvDLISR;C:\Program Files\nodejs\;C:\ProgramData\chocolatey\bin;C:\Users\mitte\AppData\Local\Programs\Python\Python39;C:\Users\mitte\AppData\Local\Programs\Python\Python39\Scripts;C:\WINDOWS\system32;C:\WINDOWS;C:\WINDOWS\System32\Wbem;C:\WINDOWS\System32\WindowsPowerShell\v1.0\;C:\WINDOWS\System32\OpenSSH\;C:\Program Files\Git\cmd;C:\Users\mitte\AppData\Local\Microsoft\WindowsApps;C:\Users\mitte\AppData\Local\Programs\Microsoft VS Code\bin;C:\Users\mitte\AppData\Roaming\npm;C:\Program Files\heroku\bin;C:\Users\mitte\AppData\Local\Programs\Python\Python39\;
USERNAME=mitte
OS=Windows_NT
PROCESSOR_IDENTIFIER=Intel64 Family 6 Model 165 Stepping 2, GenuineIntel



---------------  S Y S T E M  ---------------

OS: Windows 10.0 , 64 bit Build 19041 (10.0.19041.928)

CPU:total 12 (initial active 12) (6 cores per cpu, 2 threads per core) family 6 model 165 stepping 2, cmov, cx8, fxsr, mmx, sse, sse2, sse3, ssse3, sse4.1, sse4.2, popcnt, avx, avx2, aes, clmul, erms, 3dnowpref, lzcnt, ht, tsc, tscinvbit, bmi1, bmi2, adx

Memory: 4k page, physical 33334688k(16511104k free), swap 52534728k(5784k free)

vm_info: OpenJDK 64-Bit Server VM (25.242-b01) for windows-amd64 JRE (1.8.0_242-release-1644-b01), built by "builder" with MS VC++ 10.0 (VS2010)

time: Wed Jun 09 20:10:48 2021
timezone: Jerusalem Summer Time
elapsed time: 26634 seconds (0d 7h 23m 54s)

