#
# There is insufficient memory for the Java Runtime Environment to continue.
# Native memory allocation (malloc) failed to allocate 684656 bytes for Chunk::new
# Possible reasons:
#   The system is out of physical RAM or swap space
#   The process is running with CompressedOops enabled, and the Java Heap may be blocking the growth of the native heap
# Possible solutions:
#   Reduce memory load on the system
#   Increase physical memory or swap space
#   Check if swap backing store is full
#   Decrease Java heap size (-Xmx/-Xms)
#   Decrease number of Java threads
#   Decrease Java thread stack sizes (-Xss)
#   Set larger code cache with -XX:ReservedCodeCacheSize=
#   JVM is running with Unscaled Compressed Oops mode in which the Java heap is
#     placed in the first 4GB address space. The Java Heap base address is the
#     maximum limit for the native heap growth. Please use -XX:HeapBaseMinAddress
#     to set the Java Heap base and to place the Java Heap above 4GB virtual address.
# This output file may be truncated or incomplete.
#
#  Out of Memory Error (allocation.cpp:389), pid=275792, tid=0x000000000003a9a8
#
# JRE version: OpenJDK Runtime Environment (8.0_242-b01) (build 1.8.0_242-release-1644-b01)
# Java VM: OpenJDK 64-Bit Server VM (25.242-b01 mixed mode windows-amd64 compressed oops)
# Failed to write core dump. Minidumps are not enabled by default on client versions of Windows
#

---------------  T H R E A D  ---------------

Current thread (0x00000000181d0000):  JavaThread "C2 CompilerThread1" daemon [_thread_in_native, id=240040, stack(0x0000000019930000,0x0000000019a30000)]

Stack: [0x0000000019930000,0x0000000019a30000]
[error occurred during error reporting (printing stack bounds), id 0xc0000005]

Native frames: (J=compiled Java code, j=interpreted, Vv=VM code, C=native code)


Current CompileTask:
C2:  28750 18473       4       org.gradle.api.internal.artifacts.transform.TransformingAsyncArtifactListener::createTransformationResult (45 bytes)


---------------  P R O C E S S  ---------------

Java Threads: ( => current thread )
  0x000000001ee5f800 JavaThread "GC Daemon" daemon [_thread_blocked, id=246372, stack(0x0000000035350000,0x0000000035450000)]
  0x000000001ee58000 JavaThread "RMI RenewClean-[127.0.0.1:17329,org.jetbrains.kotlin.daemon.common.LoopbackNetworkInterface$ClientLoopbackSocketFactory@1a47d788]" daemon [_thread_blocked, id=277752, stack(0x00000000348f0000,0x00000000349f0000)]
  0x000000001ee5d800 JavaThread "RMI Scheduler(0)" daemon [_thread_blocked, id=248976, stack(0x0000000032110000,0x0000000032210000)]
  0x0000000023333000 JavaThread "WorkerExecutor Queue Thread 14" [_thread_blocked, id=232932, stack(0x0000000031c10000,0x0000000031d10000)]
  0x0000000023331800 JavaThread "stdout" [_thread_in_native, id=272564, stack(0x0000000035050000,0x0000000035150000)]
  0x0000000023331000 JavaThread "stderr" [_thread_in_native, id=75316, stack(0x0000000034f50000,0x0000000035050000)]
  0x0000000023330000 JavaThread "stdout" [_thread_in_native, id=97632, stack(0x0000000034e50000,0x0000000034f50000)]
  0x000000002332f800 JavaThread "stderr" [_thread_in_native, id=272008, stack(0x0000000034d50000,0x0000000034e50000)]
  0x0000000023332800 JavaThread "stdout" [_thread_in_native, id=118332, stack(0x0000000034c50000,0x0000000034d50000)]
  0x000000002332e800 JavaThread "stderr" [_thread_in_native, id=34340, stack(0x0000000034b50000,0x0000000034c50000)]
  0x0000000023327000 JavaThread "stdout" [_thread_in_native, id=95920, stack(0x0000000034a50000,0x0000000034b50000)]
  0x000000002332c800 JavaThread "stderr" [_thread_in_native, id=181980, stack(0x0000000034090000,0x0000000034190000)]
  0x000000002332e000 JavaThread "stdout" [_thread_in_native, id=30024, stack(0x00000000347f0000,0x00000000348f0000)]
  0x000000002332b800 JavaThread "stderr" [_thread_in_native, id=241756, stack(0x00000000346f0000,0x00000000347f0000)]
  0x000000002332d000 JavaThread "stdout" [_thread_in_native, id=106448, stack(0x00000000345f0000,0x00000000346f0000)]
  0x000000002332b000 JavaThread "stderr" [_thread_in_native, id=187244, stack(0x00000000344f0000,0x00000000345f0000)]
  0x0000000023325800 JavaThread "stdout" [_thread_in_native, id=119216, stack(0x00000000343f0000,0x00000000344f0000)]
  0x0000000023324000 JavaThread "stderr" [_thread_in_native, id=256468, stack(0x00000000342f0000,0x00000000343f0000)]
  0x0000000023323800 JavaThread "stdout" [_thread_in_native, id=125936, stack(0x00000000341f0000,0x00000000342f0000)]
  0x0000000023326800 JavaThread "stderr" [_thread_in_native, id=266204, stack(0x0000000033940000,0x0000000033a40000)]
  0x000000002332a000 JavaThread "pool-3-thread-1" [_thread_blocked, id=284440, stack(0x0000000033d90000,0x0000000033e90000)]
  0x0000000023328800 JavaThread "WorkerExecutor Queue Thread 13" [_thread_blocked, id=210780, stack(0x0000000033a90000,0x0000000033b90000)]
  0x0000000023319800 JavaThread "MarlinRenderer Disposer" daemon [_thread_blocked, id=106532, stack(0x0000000032670000,0x0000000032770000)]
  0x0000000023320800 JavaThread "Java2D Disposer" daemon [_thread_blocked, id=197668, stack(0x0000000032510000,0x0000000032610000)]
  0x000000002331f800 JavaThread "WorkerExecutor Queue Thread 12" [_thread_blocked, id=70040, stack(0x0000000032410000,0x0000000032510000)]
  0x000000002331a800 JavaThread "WorkerExecutor Queue Thread 11" [_thread_blocked, id=6688, stack(0x0000000032310000,0x0000000032410000)]
  0x0000000023318000 JavaThread "WorkerExecutor Queue Thread 10" [_thread_blocked, id=203132, stack(0x0000000032210000,0x0000000032310000)]
  0x000000002331f000 JavaThread "WorkerExecutor Queue Thread 8" [_thread_blocked, id=219648, stack(0x0000000032010000,0x0000000032110000)]
  0x0000000023317800 JavaThread "WorkerExecutor Queue Thread 7" [_thread_blocked, id=77212, stack(0x0000000031f10000,0x0000000032010000)]
  0x000000002331d800 JavaThread "WorkerExecutor Queue Thread 6" [_thread_blocked, id=25328, stack(0x0000000031e10000,0x0000000031f10000)]
  0x0000000023316000 JavaThread "WorkerExecutor Queue Thread 5" [_thread_blocked, id=113232, stack(0x0000000031d10000,0x0000000031e10000)]
  0x000000002331c800 JavaThread "WorkerExecutor Queue Thread 3" [_thread_blocked, id=80820, stack(0x0000000031b10000,0x0000000031c10000)]
  0x000000002331b000 JavaThread "WorkerExecutor Queue Thread 2" [_thread_blocked, id=117224, stack(0x0000000031a10000,0x0000000031b10000)]
  0x0000000022a7c800 JavaThread "WorkerExecutor Queue" [_thread_blocked, id=59644, stack(0x0000000031710000,0x0000000031810000)]
  0x0000000022a78800 JavaThread "Cache worker for execution history cache (D:\Monkeytech\inDEV\WoodSpoon\WoodSpoonEatersNew\.gradle\6.5\executionHistory)" [_thread_blocked, id=274508, stack(0x0000000031210000,0x0000000031310000)]
  0x0000000022a78000 JavaThread "Execution worker for ':' Thread 11" [_thread_blocked, id=212184, stack(0x0000000031110000,0x0000000031210000)]
  0x0000000022a7e000 JavaThread "Execution worker for ':' Thread 10" [_thread_blocked, id=35056, stack(0x0000000031010000,0x0000000031110000)]
  0x0000000022a7a000 JavaThread "Execution worker for ':' Thread 9" [_thread_blocked, id=162104, stack(0x0000000030f10000,0x0000000031010000)]
  0x0000000022a77000 JavaThread "Execution worker for ':' Thread 8" [_thread_blocked, id=71380, stack(0x000000002fd90000,0x000000002fe90000)]
  0x0000000022a79800 JavaThread "Execution worker for ':' Thread 7" [_thread_blocked, id=29540, stack(0x000000002fc90000,0x000000002fd90000)]
  0x0000000022a7b800 JavaThread "Execution worker for ':' Thread 6" [_thread_blocked, id=49736, stack(0x000000002fb90000,0x000000002fc90000)]
  0x0000000022a76800 JavaThread "Execution worker for ':' Thread 5" [_thread_in_native, id=288152, stack(0x000000002fa90000,0x000000002fb90000)]
  0x0000000022a7d000 JavaThread "Execution worker for ':' Thread 4" [_thread_blocked, id=23056, stack(0x000000002f990000,0x000000002fa90000)]
  0x0000000022a6f000 JavaThread "Execution worker for ':' Thread 3" [_thread_blocked, id=126744, stack(0x000000002f890000,0x000000002f990000)]
  0x0000000022a72000 JavaThread "Execution worker for ':' Thread 2" [_thread_blocked, id=238620, stack(0x000000002f790000,0x000000002f890000)]
  0x0000000022a74000 JavaThread "Execution worker for ':'" [_thread_blocked, id=87140, stack(0x000000002f430000,0x000000002f530000)]
  0x0000000022a71000 JavaThread "Cache worker for file content cache (D:\Monkeytech\inDEV\WoodSpoon\WoodSpoonEatersNew\.gradle\6.5\fileContent)" [_thread_blocked, id=175972, stack(0x000000002f130000,0x000000002f230000)]
  0x0000000022a72800 JavaThread "Memory manager" [_thread_blocked, id=88776, stack(0x000000002ee30000,0x000000002ef30000)]
  0x0000000021067000 JavaThread "Cache worker for Build Output Cleanup Cache (D:\Monkeytech\inDEV\WoodSpoon\WoodSpoonEatersNew\.gradle\buildOutputCleanup)" [_thread_blocked, id=118028, stack(0x0000000029880000,0x0000000029980000)]
  0x000000001bbf2000 JavaThread "Build operations Thread 12" [_thread_blocked, id=44868, stack(0x0000000024730000,0x0000000024830000)]
  0x000000001bbf1800 JavaThread "Build operations Thread 11" [_thread_blocked, id=115096, stack(0x0000000024630000,0x0000000024730000)]
  0x000000001bbf0000 JavaThread "Build operations Thread 10" [_thread_blocked, id=121764, stack(0x0000000024530000,0x0000000024630000)]
  0x000000001bbf6800 JavaThread "Build operations Thread 9" [_thread_blocked, id=235352, stack(0x0000000024430000,0x0000000024530000)]
  0x000000001f3d3000 JavaThread "Build operations Thread 8" [_thread_blocked, id=151308, stack(0x0000000024330000,0x0000000024430000)]
  0x000000001f3d2800 JavaThread "Build operations Thread 7" [_thread_blocked, id=165720, stack(0x0000000024230000,0x0000000024330000)]
  0x000000001f3cf800 JavaThread "Build operations Thread 6" [_thread_blocked, id=208412, stack(0x0000000024130000,0x0000000024230000)]
  0x000000001f3d1800 JavaThread "Build operations Thread 5" [_thread_blocked, id=73920, stack(0x0000000024030000,0x0000000024130000)]
  0x000000001f3d4000 JavaThread "Build operations Thread 4" [_thread_blocked, id=283156, stack(0x0000000023f30000,0x0000000024030000)]
  0x000000002106a000 JavaThread "Build operations Thread 3" [_thread_blocked, id=86932, stack(0x0000000023e30000,0x0000000023f30000)]
  0x0000000021071000 JavaThread "Build operations Thread 2" [_thread_blocked, id=68920, stack(0x0000000023d30000,0x0000000023e30000)]
  0x0000000021069800 JavaThread "Build operations" [_thread_blocked, id=57532, stack(0x0000000023c30000,0x0000000023d30000)]
  0x000000002106f800 JavaThread "Cache worker for cache directory md-rule (C:\Users\mitte\.gradle\caches\6.5\md-rule)" [_thread_blocked, id=145928, stack(0x0000000023b30000,0x0000000023c30000)]
  0x0000000021070000 JavaThread "Cache worker for cache directory md-supplier (C:\Users\mitte\.gradle\caches\6.5\md-supplier)" [_thread_blocked, id=154064, stack(0x0000000023a30000,0x0000000023b30000)]
  0x000000002106e800 JavaThread "Cache worker for checksums cache (D:\Monkeytech\inDEV\WoodSpoon\WoodSpoonEatersNew\.gradle\checksums)" [_thread_blocked, id=223092, stack(0x0000000021a60000,0x0000000021b60000)]
  0x0000000021061800 JavaThread "Cache worker for file hash cache (D:\Monkeytech\inDEV\WoodSpoon\WoodSpoonEatersNew\.gradle\6.5\fileHashes)" [_thread_blocked, id=79500, stack(0x0000000021960000,0x0000000021a60000)]
  0x0000000021062800 JavaThread "Thread-171" [_thread_blocked, id=201240, stack(0x00000000207b0000,0x00000000208b0000)]
  0x0000000021068800 JavaThread "Stdin handler" [_thread_blocked, id=86372, stack(0x00000000203f0000,0x00000000204f0000)]
  0x0000000021068000 JavaThread "Asynchronous log dispatcher for DefaultDaemonConnection: socket connection from /127.0.0.1:60457 to /127.0.0.1:60463" [_thread_blocked, id=260916, stack(0x000000001da50000,0x000000001db50000)]
  0x0000000021066800 JavaThread "Cancel handler" [_thread_blocked, id=236992, stack(0x000000001d950000,0x000000001da50000)]
  0x0000000021065800 JavaThread "Handler for socket connection from /127.0.0.1:60457 to /127.0.0.1:60463" [_thread_in_native, id=244328, stack(0x000000001d850000,0x000000001d950000)]
  0x000000001f3c8000 JavaThread "jar transforms Thread 124" [_thread_blocked, id=140268, stack(0x000000002c760000,0x000000002c860000)]
  0x000000001f3ce800 JavaThread "jar transforms Thread 123" [_thread_blocked, id=89280, stack(0x000000002c660000,0x000000002c760000)]
  0x000000001f3cb000 JavaThread "jar transforms Thread 122" [_thread_blocked, id=204920, stack(0x000000002c560000,0x000000002c660000)]
  0x000000001f3c7000 JavaThread "jar transforms Thread 121" [_thread_blocked, id=44880, stack(0x000000002c460000,0x000000002c560000)]
  0x000000001f3c8800 JavaThread "jar transforms Thread 120" [_thread_blocked, id=96056, stack(0x000000002c360000,0x000000002c460000)]
  0x000000001f3cd000 JavaThread "jar transforms Thread 119" [_thread_blocked, id=52944, stack(0x000000002c260000,0x000000002c360000)]
  0x000000001f3c9800 JavaThread "jar transforms Thread 118" [_thread_blocked, id=81524, stack(0x000000002c160000,0x000000002c260000)]
  0x000000001f3ce000 JavaThread "jar transforms Thread 117" [_thread_blocked, id=136180, stack(0x000000002c060000,0x000000002c160000)]
  0x000000001f3cc800 JavaThread "jar transforms Thread 116" [_thread_blocked, id=249972, stack(0x000000002bf60000,0x000000002c060000)]
  0x000000001f3c5000 JavaThread "jar transforms Thread 115" [_thread_blocked, id=230504, stack(0x000000002be60000,0x000000002bf60000)]
  0x000000001f3c6800 JavaThread "jar transforms Thread 114" [_thread_blocked, id=227308, stack(0x000000002bd60000,0x000000002be60000)]
  0x000000001f3cb800 JavaThread "jar transforms Thread 113" [_thread_blocked, id=61732, stack(0x000000002bc60000,0x000000002bd60000)]
  0x000000001f3c5800 JavaThread "jar transforms Thread 112" [_thread_blocked, id=285596, stack(0x000000002bb60000,0x000000002bc60000)]
  0x00000000212ed000 JavaThread "jar transforms Thread 111" [_thread_blocked, id=161496, stack(0x000000002b730000,0x000000002b830000)]
  0x00000000212ec000 JavaThread "jar transforms Thread 110" [_thread_blocked, id=205172, stack(0x000000002ba60000,0x000000002bb60000)]
  0x00000000212eb800 JavaThread "jar transforms Thread 109" [_thread_blocked, id=228520, stack(0x000000002b960000,0x000000002ba60000)]
  0x00000000212ed800 JavaThread "jar transforms Thread 108" [_thread_blocked, id=220960, stack(0x000000002b860000,0x000000002b960000)]
  0x00000000212ee800 JavaThread "jar transforms Thread 107" [_thread_blocked, id=240576, stack(0x000000002b630000,0x000000002b730000)]
  0x00000000212e3800 JavaThread "jar transforms Thread 106" [_thread_blocked, id=218228, stack(0x000000002b530000,0x000000002b630000)]
  0x00000000212ea800 JavaThread "jar transforms Thread 105" [_thread_blocked, id=51812, stack(0x000000002b430000,0x000000002b530000)]
  0x00000000212e9000 JavaThread "jar transforms Thread 104" [_thread_blocked, id=108920, stack(0x000000002b330000,0x000000002b430000)]
  0x00000000212e3000 JavaThread "jar transforms Thread 103" [_thread_blocked, id=39380, stack(0x000000002b230000,0x000000002b330000)]
  0x00000000212ea000 JavaThread "jar transforms Thread 102" [_thread_blocked, id=31728, stack(0x000000002b130000,0x000000002b230000)]
  0x00000000212e1800 JavaThread "jar transforms Thread 101" [_thread_blocked, id=216040, stack(0x000000002b030000,0x000000002b130000)]
  0x00000000212e8000 JavaThread "jar transforms Thread 100" [_thread_blocked, id=202408, stack(0x000000002af30000,0x000000002b030000)]
  0x00000000212e7800 JavaThread "jar transforms Thread 99" [_thread_blocked, id=1768, stack(0x000000002ae30000,0x000000002af30000)]
  0x00000000212e0000 JavaThread "jar transforms Thread 98" [_thread_blocked, id=123532, stack(0x000000002ad30000,0x000000002ae30000)]
  0x00000000212e6800 JavaThread "jar transforms Thread 97" [_thread_blocked, id=264388, stack(0x000000002ac30000,0x000000002ad30000)]
  0x00000000212e5000 JavaThread "jar transforms Thread 96" [_thread_blocked, id=88932, stack(0x000000002ab30000,0x000000002ac30000)]
  0x00000000212df000 JavaThread "jar transforms Thread 95" [_thread_blocked, id=99088, stack(0x000000002aa30000,0x000000002ab30000)]
  0x00000000212e0800 JavaThread "jar transforms Thread 94" [_thread_blocked, id=178732, stack(0x000000002a930000,0x000000002aa30000)]
  0x00000000212e6000 JavaThread "jar transforms Thread 93" [_thread_blocked, id=236996, stack(0x000000002a830000,0x000000002a930000)]
  0x00000000212e4800 JavaThread "jar transforms Thread 92" [_thread_blocked, id=174640, stack(0x000000002a730000,0x000000002a830000)]
  0x00000000212e2000 JavaThread "jar transforms Thread 91" [_thread_blocked, id=234280, stack(0x000000002a630000,0x000000002a730000)]
  0x0000000020bba000 JavaThread "jar transforms Thread 90" [_thread_blocked, id=46472, stack(0x000000002a530000,0x000000002a630000)]
  0x0000000020bb8800 JavaThread "jar transforms Thread 89" [_thread_blocked, id=97876, stack(0x000000002a430000,0x000000002a530000)]
  0x0000000020bb9800 JavaThread "jar transforms Thread 88" [_thread_blocked, id=156020, stack(0x000000002a230000,0x000000002a330000)]
  0x0000000020bb8000 JavaThread "jar transforms Thread 87" [_thread_blocked, id=51128, stack(0x0000000029f10000,0x000000002a010000)]
  0x0000000020bb7000 JavaThread "jar transforms Thread 86" [_thread_blocked, id=238864, stack(0x000000002a130000,0x000000002a230000)]
  0x0000000020bbb000 JavaThread "jar transforms Thread 85" [_thread_blocked, id=143044, stack(0x000000002a030000,0x000000002a130000)]
  0x0000000020bb6800 JavaThread "jar transforms Thread 84" [_thread_blocked, id=131632, stack(0x0000000029e10000,0x0000000029f10000)]
  0x0000000020baf000 JavaThread "jar transforms Thread 83" [_thread_blocked, id=211060, stack(0x0000000029d10000,0x0000000029e10000)]
  0x0000000020bb5800 JavaThread "jar transforms Thread 82" [_thread_blocked, id=161352, stack(0x0000000029c10000,0x0000000029d10000)]
  0x0000000020bb4000 JavaThread "jar transforms Thread 81" [_thread_blocked, id=105496, stack(0x0000000029b10000,0x0000000029c10000)]
  0x0000000020bb5000 JavaThread "jar transforms Thread 80" [_thread_blocked, id=126984, stack(0x0000000029a10000,0x0000000029b10000)]
  0x0000000020bb2000 JavaThread "jar transforms Thread 79" [_thread_blocked, id=92680, stack(0x0000000024860000,0x0000000024960000)]
  0x0000000020bac800 JavaThread "jar transforms Thread 78" [_thread_blocked, id=279908, stack(0x0000000029780000,0x0000000029880000)]
  0x0000000020baf800 JavaThread "jar transforms Thread 77" [_thread_blocked, id=255252, stack(0x0000000029680000,0x0000000029780000)]
  0x0000000020bb3800 JavaThread "jar transforms Thread 76" [_thread_blocked, id=77592, stack(0x0000000029580000,0x0000000029680000)]
  0x0000000020bac000 JavaThread "jar transforms Thread 75" [_thread_blocked, id=85080, stack(0x0000000029480000,0x0000000029580000)]
  0x0000000020bb2800 JavaThread "jar transforms Thread 74" [_thread_blocked, id=206048, stack(0x0000000029380000,0x0000000029480000)]
  0x0000000020bae000 JavaThread "jar transforms Thread 73" [_thread_blocked, id=245460, stack(0x0000000029280000,0x0000000029380000)]
  0x0000000020bad800 JavaThread "jar transforms Thread 72" [_thread_blocked, id=37044, stack(0x0000000029180000,0x0000000029280000)]
  0x0000000020bb1000 JavaThread "jar transforms Thread 71" [_thread_blocked, id=266892, stack(0x0000000029080000,0x0000000029180000)]
  0x0000000020bb0800 JavaThread "jar transforms Thread 70" [_thread_blocked, id=205656, stack(0x0000000028f80000,0x0000000029080000)]
  0x0000000022a27800 JavaThread "jar transforms Thread 69" [_thread_blocked, id=161536, stack(0x0000000028e80000,0x0000000028f80000)]
  0x0000000022a26800 JavaThread "jar transforms Thread 68" [_thread_blocked, id=96928, stack(0x0000000028d80000,0x0000000028e80000)]
  0x0000000022a1f000 JavaThread "jar transforms Thread 67" [_thread_blocked, id=137540, stack(0x0000000028c80000,0x0000000028d80000)]
  0x0000000022a26000 JavaThread "jar transforms Thread 66" [_thread_blocked, id=62224, stack(0x0000000028b80000,0x0000000028c80000)]
  0x0000000022a22800 JavaThread "jar transforms Thread 65" [_thread_blocked, id=239116, stack(0x0000000028a80000,0x0000000028b80000)]
  0x0000000022a21000 JavaThread "jar transforms Thread 64" [_thread_blocked, id=122752, stack(0x0000000028980000,0x0000000028a80000)]
  0x0000000022a1f800 JavaThread "jar transforms Thread 63" [_thread_blocked, id=178284, stack(0x0000000028880000,0x0000000028980000)]
  0x0000000022a1e000 JavaThread "jar transforms Thread 62" [_thread_blocked, id=52200, stack(0x0000000028780000,0x0000000028880000)]
  0x0000000022a25000 JavaThread "jar transforms Thread 61" [_thread_blocked, id=92380, stack(0x0000000028680000,0x0000000028780000)]
  0x0000000022a20800 JavaThread "jar transforms Thread 60" [_thread_blocked, id=155412, stack(0x0000000028580000,0x0000000028680000)]
  0x0000000022a24800 JavaThread "jar transforms Thread 59" [_thread_blocked, id=79496, stack(0x0000000028480000,0x0000000028580000)]
  0x0000000022a23800 JavaThread "jar transforms Thread 58" [_thread_blocked, id=284784, stack(0x0000000028380000,0x0000000028480000)]
  0x0000000022a22000 JavaThread "jar transforms Thread 57" [_thread_blocked, id=25088, stack(0x0000000028280000,0x0000000028380000)]
  0x0000000022a19800 JavaThread "jar transforms Thread 56" [_thread_blocked, id=33980, stack(0x0000000028180000,0x0000000028280000)]
  0x0000000022a18000 JavaThread "jar transforms Thread 55" [_thread_blocked, id=49580, stack(0x0000000028080000,0x0000000028180000)]
  0x0000000022a1a800 JavaThread "jar transforms Thread 54" [_thread_blocked, id=97144, stack(0x0000000027f80000,0x0000000028080000)]
  0x0000000022a19000 JavaThread "jar transforms Thread 53" [_thread_blocked, id=244424, stack(0x0000000027e80000,0x0000000027f80000)]
  0x0000000022a1c800 JavaThread "jar transforms Thread 52" [_thread_blocked, id=161340, stack(0x0000000027d80000,0x0000000027e80000)]
  0x0000000022a1b000 JavaThread "jar transforms Thread 51" [_thread_blocked, id=261432, stack(0x0000000027c80000,0x0000000027d80000)]
  0x0000000022a1c000 JavaThread "jar transforms Thread 50" [_thread_blocked, id=143640, stack(0x0000000027b80000,0x0000000027c80000)]
  0x0000000022a1d800 JavaThread "jar transforms Thread 49" [_thread_blocked, id=260272, stack(0x0000000027a80000,0x0000000027b80000)]
  0x0000000022c36800 JavaThread "jar transforms Thread 48" [_thread_blocked, id=134752, stack(0x0000000027980000,0x0000000027a80000)]
  0x0000000022c35000 JavaThread "jar transforms Thread 47" [_thread_blocked, id=269836, stack(0x0000000027880000,0x0000000027980000)]
  0x0000000022c34800 JavaThread "jar transforms Thread 46" [_thread_blocked, id=208296, stack(0x0000000027780000,0x0000000027880000)]
  0x0000000022c3b000 JavaThread "jar transforms Thread 45" [_thread_blocked, id=40864, stack(0x0000000027680000,0x0000000027780000)]
  0x0000000022c3a800 JavaThread "jar transforms Thread 44" [_thread_blocked, id=221268, stack(0x0000000027380000,0x0000000027480000)]
  0x0000000022c37800 JavaThread "jar transforms Thread 43" [_thread_blocked, id=210716, stack(0x0000000027280000,0x0000000027380000)]
  0x0000000022c39800 JavaThread "jar transforms Thread 42" [_thread_blocked, id=11328, stack(0x0000000027180000,0x0000000027280000)]
  0x0000000022c39000 JavaThread "jar transforms Thread 41" [_thread_blocked, id=265756, stack(0x0000000027080000,0x0000000027180000)]
  0x0000000022c38000 JavaThread "jar transforms Thread 40" [_thread_blocked, id=194744, stack(0x0000000026f80000,0x0000000027080000)]
  0x0000000022c36000 JavaThread "jar transforms Thread 39" [_thread_blocked, id=136972, stack(0x0000000026e80000,0x0000000026f80000)]
  0x0000000022c2d000 JavaThread "jar transforms Thread 38" [_thread_blocked, id=195368, stack(0x0000000026d80000,0x0000000026e80000)]
  0x0000000022c33800 JavaThread "jar transforms Thread 37" [_thread_blocked, id=126892, stack(0x0000000026c80000,0x0000000026d80000)]
  0x0000000022c30800 JavaThread "jar transforms Thread 36" [_thread_blocked, id=130064, stack(0x0000000026b80000,0x0000000026c80000)]
  0x0000000022c2c000 JavaThread "jar transforms Thread 35" [_thread_blocked, id=232148, stack(0x0000000026a80000,0x0000000026b80000)]
  0x0000000022c32000 JavaThread "jar transforms Thread 34" [_thread_blocked, id=133568, stack(0x0000000026980000,0x0000000026a80000)]
  0x0000000022c30000 JavaThread "jar transforms Thread 33" [_thread_blocked, id=247476, stack(0x0000000026880000,0x0000000026980000)]
  0x0000000022c33000 JavaThread "jar transforms Thread 32" [_thread_blocked, id=284708, stack(0x0000000026780000,0x0000000026880000)]
  0x0000000022c31800 JavaThread "jar transforms Thread 31" [_thread_blocked, id=239916, stack(0x0000000026680000,0x0000000026780000)]
  0x0000000022c2d800 JavaThread "jar transforms Thread 30" [_thread_blocked, id=246160, stack(0x0000000026580000,0x0000000026680000)]
  0x0000000022c2f000 JavaThread "jar transforms Thread 29" [_thread_blocked, id=103808, stack(0x0000000026480000,0x0000000026580000)]
  0x0000000022c2e800 JavaThread "jar transforms Thread 28" [_thread_blocked, id=144228, stack(0x0000000026380000,0x0000000026480000)]
  0x000000001c3a8000 JavaThread "jar transforms Thread 27" [_thread_blocked, id=55808, stack(0x0000000026280000,0x0000000026380000)]
  0x000000001c3a6000 JavaThread "jar transforms Thread 26" [_thread_blocked, id=87136, stack(0x0000000026180000,0x0000000026280000)]
  0x000000001c3a9800 JavaThread "jar transforms Thread 25" [_thread_blocked, id=15644, stack(0x0000000026080000,0x0000000026180000)]
  0x000000001c3a9000 JavaThread "jar transforms Thread 24" [_thread_blocked, id=181124, stack(0x0000000025f80000,0x0000000026080000)]
  0x000000001c3a5000 JavaThread "jar transforms Thread 23" [_thread_blocked, id=58740, stack(0x0000000025e80000,0x0000000025f80000)]
  0x000000001c3a7800 JavaThread "jar transforms Thread 22" [_thread_blocked, id=218108, stack(0x0000000025d80000,0x0000000025e80000)]
  0x000000001c3a4800 JavaThread "jar transforms Thread 21" [_thread_blocked, id=54392, stack(0x0000000025c80000,0x0000000025d80000)]
  0x000000001c3a6800 JavaThread "jar transforms Thread 20" [_thread_blocked, id=60468, stack(0x0000000025b80000,0x0000000025c80000)]
  0x000000001c3aa800 JavaThread "jar transforms Thread 19" [_thread_blocked, id=202676, stack(0x0000000025a80000,0x0000000025b80000)]
  0x000000001c3ab000 JavaThread "jar transforms Thread 18" [_thread_blocked, id=184140, stack(0x0000000025980000,0x0000000025a80000)]
  0x000000001c39c800 JavaThread "jar transforms Thread 17" [_thread_blocked, id=128020, stack(0x0000000025880000,0x0000000025980000)]
  0x000000001c3a3800 JavaThread "jar transforms Thread 16" [_thread_blocked, id=101868, stack(0x0000000025780000,0x0000000025880000)]
  0x000000001c39e000 JavaThread "jar transforms Thread 15" [_thread_blocked, id=129744, stack(0x0000000025680000,0x0000000025780000)]
  0x000000001c39c000 JavaThread "jar transforms Thread 14" [_thread_blocked, id=221820, stack(0x0000000025580000,0x0000000025680000)]
  0x000000001c3a2000 JavaThread "jar transforms Thread 13" [_thread_blocked, id=68564, stack(0x0000000025480000,0x0000000025580000)]
  0x000000001c3a2800 JavaThread "jar transforms Thread 12" [_thread_blocked, id=125352, stack(0x0000000025380000,0x0000000025480000)]
  0x000000001c3a1000 JavaThread "jar transforms Thread 11" [_thread_blocked, id=77728, stack(0x0000000025280000,0x0000000025380000)]
  0x000000001c39f000 JavaThread "jar transforms Thread 10" [_thread_blocked, id=255724, stack(0x0000000025180000,0x0000000025280000)]
  0x000000001c3a0800 JavaThread "jar transforms Thread 9" [_thread_blocked, id=263644, stack(0x0000000025080000,0x0000000025180000)]
  0x000000001c39d800 JavaThread "jar transforms Thread 8" [_thread_blocked, id=139080, stack(0x0000000024f80000,0x0000000025080000)]
  0x000000001c39f800 JavaThread "jar transforms Thread 7" [_thread_blocked, id=207068, stack(0x0000000024e80000,0x0000000024f80000)]
  0x000000002106d000 JavaThread "jar transforms Thread 6" [_thread_blocked, id=37324, stack(0x0000000024d80000,0x0000000024e80000)]
  0x000000002106c800 JavaThread "jar transforms Thread 5" [_thread_blocked, id=113392, stack(0x0000000024c80000,0x0000000024d80000)]
  0x000000002106b800 JavaThread "jar transforms Thread 4" [_thread_blocked, id=197680, stack(0x0000000024b80000,0x0000000024c80000)]
  0x000000002106b000 JavaThread "jar transforms Thread 3" [_thread_blocked, id=33376, stack(0x0000000024a80000,0x0000000024b80000)]
  0x000000002106e000 JavaThread "jar transforms Thread 2" [_thread_blocked, id=249384, stack(0x0000000024980000,0x0000000024a80000)]
  0x000000001bbf4800 JavaThread "Cache worker for file content cache (C:\Users\mitte\.gradle\caches\6.5\fileContent)" [_thread_blocked, id=285220, stack(0x0000000022360000,0x0000000022460000)]
  0x000000001bbf0800 JavaThread "jar transforms" [_thread_blocked, id=241704, stack(0x0000000022260000,0x0000000022360000)]
  0x000000001bbf6000 JavaThread "Cache worker for execution history cache (C:\Users\mitte\.gradle\caches\6.5\executionHistory)" [_thread_blocked, id=93544, stack(0x0000000021b60000,0x0000000021c60000)]
  0x000000001bbf3000 JavaThread "Cache worker for file hash cache (C:\Users\mitte\.gradle\caches\6.5\fileHashes)" [_thread_blocked, id=412, stack(0x000000001df50000,0x000000001e050000)]
  0x000000001bbf3800 JavaThread "File lock request listener" [_thread_in_native, id=161256, stack(0x000000001de50000,0x000000001df50000)]
  0x000000001bce6800 JavaThread "Cache worker for journal cache (C:\Users\mitte\.gradle\caches\journal-1)" [_thread_blocked, id=105516, stack(0x000000001dd50000,0x000000001de50000)]
  0x000000001bb39800 JavaThread "Daemon worker" [_thread_blocked, id=120496, stack(0x000000001d750000,0x000000001d850000)]
  0x000000001ba38000 JavaThread "Daemon" [_thread_blocked, id=35820, stack(0x000000001d350000,0x000000001d450000)]
  0x000000001ba2d000 JavaThread "Daemon periodic checks" [_thread_blocked, id=37424, stack(0x000000001d050000,0x000000001d150000)]
  0x000000001ba2a000 JavaThread "Incoming local TCP Connector on port 60457" [_thread_in_native, id=91284, stack(0x000000001ce10000,0x000000001cf10000)]
  0x000000001b9b1000 JavaThread "Daemon health stats" [_thread_blocked, id=281316, stack(0x000000001c7d0000,0x000000001c8d0000)]
  0x000000001825b800 JavaThread "Service Thread" daemon [_thread_blocked, id=39892, stack(0x0000000019c30000,0x0000000019d30000)]
  0x00000000181d4000 JavaThread "C1 CompilerThread3" daemon [_thread_blocked, id=259936, stack(0x0000000019b30000,0x0000000019c30000)]
  0x00000000181d3000 JavaThread "C2 CompilerThread2" daemon [_thread_in_native, id=244284, stack(0x0000000019a30000,0x0000000019b30000)]
=>0x00000000181d0000 JavaThread "C2 CompilerThread1" daemon [_thread_in_native, id=240040, stack(0x0000000019930000,0x0000000019a30000)]
  0x00000000181c9000 JavaThread "C2 CompilerThread0" daemon [_thread_in_native, id=282756, stack(0x0000000019830000,0x0000000019930000)]
  0x00000000181c1000 JavaThread "Attach Listener" daemon [_thread_blocked, id=178616, stack(0x0000000019730000,0x0000000019830000)]
  0x00000000181c8800 JavaThread "Signal Dispatcher" daemon [_thread_blocked, id=248512, stack(0x0000000019630000,0x0000000019730000)]
  0x0000000002aed000 JavaThread "Finalizer" daemon [_thread_blocked, id=154008, stack(0x0000000019430000,0x0000000019530000)]
  0x00000000181b3000 JavaThread "Reference Handler" daemon [_thread_blocked, id=277268, stack(0x0000000019330000,0x0000000019430000)]
  0x00000000027ee800 JavaThread "main" [_thread_blocked, id=167588, stack(0x00000000028f0000,0x00000000029f0000)]

Other Threads:
  0x0000000016ac5800 VMThread [stack: 0x0000000019230000,0x0000000019330000] [id=153184]
  0x000000001825d000 WatcherThread [stack: 0x0000000019d30000,0x0000000019e30000] [id=78092]

VM state:not at safepoint (normal execution)

VM Mutex/Monitor currently owned by a thread:  ([mutex/lock_event])
[0x00000000027edae0] SystemDictionary_lock - owner thread: 0x0000000000000000

heap address: 0x00000000a0000000, size: 1536 MB, Compressed Oops mode: 32-bit
Narrow klass base: 0x0000000000000000, Narrow klass shift: 3
Compressed class space size: 1073741824 Address: 0x0000000100000000

Heap:
 PSYoungGen      total 393216K, used 5080K [0x00000000e0000000, 0x0000000100000000, 0x0000000100000000)
  eden space 274432K, 1% used [0x00000000e0000000,0x00000000e04f6230,0x00000000f0c00000)
  from space 118784K, 0% used [0x00000000f0c00000,0x00000000f0c00000,0x00000000f8000000)
  to   space 115712K, 0% used [0x00000000f8f00000,0x00000000f8f00000,0x0000000100000000)
 ParOldGen       total 761856K, used 135368K [0x00000000a0000000, 0x00000000ce800000, 0x00000000e0000000)
  object space 761856K, 17% used [0x00000000a0000000,0x00000000a84320f8,0x00000000ce800000)
 Metaspace       used 93544K, capacity 97468K, committed 99096K, reserved 1134592K
  class space    used 11958K, capacity 12801K, committed 13104K, reserved 1048576K

Card table byte_map: [0x0000000011eb0000,0x00000000121c0000] byte_map_base: 0x00000000119b0000

Marking Bits: (ParMarkBitMap*) 0x000000006648f030
 Begin Bits: [0x0000000012dc0000, 0x00000000145c0000)
 End Bits:   [0x00000000145c0000, 0x0000000015dc0000)

Polling page: 0x0000000000f80000

CodeCache: size=245760Kb used=47100Kb max_used=47546Kb free=198659Kb
 bounds [0x0000000002af0000, 0x00000000059f0000, 0x0000000011af0000]
 total_blobs=15934 nmethods=14955 adapters=891
 compilation: enabled

Compilation events (10 events):
Event: 28.735 Thread 0x00000000181d4000 18617  s    3       java.io.DataOutputStream::write (14 bytes)
Event: 28.735 Thread 0x00000000181d4000 nmethod 18617 0x00000000043a0a50 code [0x00000000043a0bc0, 0x00000000043a0fe8]
Event: 28.738 Thread 0x00000000181d3000 nmethod 18610 0x000000000563e510 code [0x000000000563e840, 0x0000000005641180]
Event: 28.739 Thread 0x00000000181d3000 18612 %     4       com.google.common.collect.MapMakerInternalMap$Segment::expand @ 56 (276 bytes)
Event: 28.739 Thread 0x00000000181d4000 18618       3       java.lang.reflect.Constructor::getExceptionTypes (11 bytes)
Event: 28.739 Thread 0x00000000181d4000 nmethod 18618 0x000000000563dfd0 code [0x000000000563e140, 0x000000000563e448]
Event: 28.739 Thread 0x00000000181d4000 18619       3       java.io.ObjectInputStream$PeekInputStream::read (115 bytes)
Event: 28.740 Thread 0x00000000181d4000 nmethod 18619 0x0000000004cf2b90 code [0x0000000004cf2d20, 0x0000000004cf31f8]
Event: 28.744 Thread 0x00000000181d4000 18620       3       sun.reflect.UnsafeQualifiedStaticFieldAccessorImpl::<init> (11 bytes)
Event: 28.744 Thread 0x00000000181d4000 nmethod 18620 0x0000000004cf2590 code [0x0000000004cf2700, 0x0000000004cf29f8]

GC Heap History (10 events):
Event: 25.699 GC heap before
{Heap before GC invocations=21 (full 3):
 PSYoungGen      total 399872K, used 399400K [0x00000000e0000000, 0x0000000100000000, 0x0000000100000000)
  eden space 309248K, 100% used [0x00000000e0000000,0x00000000f2e00000,0x00000000f2e00000)
  from space 90624K, 99% used [0x00000000f2e00000,0x00000000f860a258,0x00000000f8680000)
  to   space 117760K, 0% used [0x00000000f8d00000,0x00000000f8d00000,0x0000000100000000)
 ParOldGen       total 514560K, used 150159K [0x00000000a0000000, 0x00000000bf680000, 0x00000000e0000000)
  object space 514560K, 29% used [0x00000000a0000000,0x00000000a92a3cd0,0x00000000bf680000)
 Metaspace       used 89749K, capacity 94714K, committed 95000K, reserved 1132544K
  class space    used 11583K, capacity 12567K, committed 12592K, reserved 1048576K
Event: 25.723 GC heap after
Heap after GC invocations=21 (full 3):
 PSYoungGen      total 389120K, used 91720K [0x00000000e0000000, 0x0000000100000000, 0x0000000100000000)
  eden space 271360K, 0% used [0x00000000e0000000,0x00000000e0000000,0x00000000f0900000)
  from space 117760K, 77% used [0x00000000f8d00000,0x00000000fe692160,0x0000000100000000)
  to   space 126464K, 0% used [0x00000000f0900000,0x00000000f0900000,0x00000000f8480000)
 ParOldGen       total 514560K, used 157746K [0x00000000a0000000, 0x00000000bf680000, 0x00000000e0000000)
  object space 514560K, 30% used [0x00000000a0000000,0x00000000a9a0c910,0x00000000bf680000)
 Metaspace       used 89749K, capacity 94714K, committed 95000K, reserved 1132544K
  class space    used 11583K, capacity 12567K, committed 12592K, reserved 1048576K
}
Event: 27.604 GC heap before
{Heap before GC invocations=22 (full 3):
 PSYoungGen      total 389120K, used 363080K [0x00000000e0000000, 0x0000000100000000, 0x0000000100000000)
  eden space 271360K, 100% used [0x00000000e0000000,0x00000000f0900000,0x00000000f0900000)
  from space 117760K, 77% used [0x00000000f8d00000,0x00000000fe692160,0x0000000100000000)
  to   space 126464K, 0% used [0x00000000f0900000,0x00000000f0900000,0x00000000f8480000)
 ParOldGen       total 514560K, used 157746K [0x00000000a0000000, 0x00000000bf680000, 0x00000000e0000000)
  object space 514560K, 30% used [0x00000000a0000000,0x00000000a9a0c910,0x00000000bf680000)
 Metaspace       used 90468K, capacity 95518K, committed 95640K, reserved 1132544K
  class space    used 11671K, capacity 12665K, committed 12720K, reserved 1048576K
Event: 27.626 GC heap after
Heap after GC invocations=22 (full 3):
 PSYoungGen      total 397824K, used 66279K [0x00000000e0000000, 0x0000000100000000, 0x0000000100000000)
  eden space 271360K, 0% used [0x00000000e0000000,0x00000000e0000000,0x00000000f0900000)
  from space 126464K, 52% used [0x00000000f0900000,0x00000000f49b9fc8,0x00000000f8480000)
  to   space 123392K, 0% used [0x00000000f8780000,0x00000000f8780000,0x0000000100000000)
 ParOldGen       total 514560K, used 175544K [0x00000000a0000000, 0x00000000bf680000, 0x00000000e0000000)
  object space 514560K, 34% used [0x00000000a0000000,0x00000000aab6e138,0x00000000bf680000)
 Metaspace       used 90468K, capacity 95518K, committed 95640K, reserved 1132544K
  class space    used 11671K, capacity 12665K, committed 12720K, reserved 1048576K
}
Event: 28.176 GC heap before
{Heap before GC invocations=23 (full 3):
 PSYoungGen      total 397824K, used 337639K [0x00000000e0000000, 0x0000000100000000, 0x0000000100000000)
  eden space 271360K, 100% used [0x00000000e0000000,0x00000000f0900000,0x00000000f0900000)
  from space 126464K, 52% used [0x00000000f0900000,0x00000000f49b9fc8,0x00000000f8480000)
  to   space 123392K, 0% used [0x00000000f8780000,0x00000000f8780000,0x0000000100000000)
 ParOldGen       total 514560K, used 175544K [0x00000000a0000000, 0x00000000bf680000, 0x00000000e0000000)
  object space 514560K, 34% used [0x00000000a0000000,0x00000000aab6e138,0x00000000bf680000)
 Metaspace       used 91867K, capacity 96880K, committed 97048K, reserved 1134592K
  class space    used 11837K, capacity 12796K, committed 12848K, reserved 1048576K
Event: 28.192 GC heap after
Heap after GC invocations=23 (full 3):
 PSYoungGen      total 385536K, used 60873K [0x00000000e0000000, 0x00000000ff400000, 0x0000000100000000)
  eden space 274432K, 0% used [0x00000000e0000000,0x00000000e0000000,0x00000000f0c00000)
  from space 111104K, 54% used [0x00000000f8780000,0x00000000fc2f2488,0x00000000ff400000)
  to   space 118784K, 0% used [0x00000000f0c00000,0x00000000f0c00000,0x00000000f8000000)
 ParOldGen       total 514560K, used 175552K [0x00000000a0000000, 0x00000000bf680000, 0x00000000e0000000)
  object space 514560K, 34% used [0x00000000a0000000,0x00000000aab70138,0x00000000bf680000)
 Metaspace       used 91867K, capacity 96880K, committed 97048K, reserved 1134592K
  class space    used 11837K, capacity 12796K, committed 12848K, reserved 1048576K
}
Event: 28.512 GC heap before
{Heap before GC invocations=24 (full 3):
 PSYoungGen      total 385536K, used 135469K [0x00000000e0000000, 0x00000000ff400000, 0x0000000100000000)
  eden space 274432K, 27% used [0x00000000e0000000,0x00000000e48d91a0,0x00000000f0c00000)
  from space 111104K, 54% used [0x00000000f8780000,0x00000000fc2f2488,0x00000000ff400000)
  to   space 118784K, 0% used [0x00000000f0c00000,0x00000000f0c00000,0x00000000f8000000)
 ParOldGen       total 514560K, used 175552K [0x00000000a0000000, 0x00000000bf680000, 0x00000000e0000000)
  object space 514560K, 34% used [0x00000000a0000000,0x00000000aab70138,0x00000000bf680000)
 Metaspace       used 93482K, capacity 98438K, committed 98584K, reserved 1134592K
  class space    used 12033K, capacity 13004K, committed 13104K, reserved 1048576K
Event: 28.527 GC heap after
Heap after GC invocations=24 (full 3):
 PSYoungGen      total 393216K, used 64691K [0x00000000e0000000, 0x0000000100000000, 0x0000000100000000)
  eden space 274432K, 0% used [0x00000000e0000000,0x00000000e0000000,0x00000000f0c00000)
  from space 118784K, 54% used [0x00000000f0c00000,0x00000000f4b2ccc8,0x00000000f8000000)
  to   space 115712K, 0% used [0x00000000f8f00000,0x00000000f8f00000,0x0000000100000000)
 ParOldGen       total 514560K, used 175560K [0x00000000a0000000, 0x00000000bf680000, 0x00000000e0000000)
  object space 514560K, 34% used [0x00000000a0000000,0x00000000aab72138,0x00000000bf680000)
 Metaspace       used 93482K, capacity 98438K, committed 98584K, reserved 1134592K
  class space    used 12033K, capacity 13004K, committed 13104K, reserved 1048576K
}
Event: 28.527 GC heap before
{Heap before GC invocations=25 (full 4):
 PSYoungGen      total 393216K, used 64691K [0x00000000e0000000, 0x0000000100000000, 0x0000000100000000)
  eden space 274432K, 0% used [0x00000000e0000000,0x00000000e0000000,0x00000000f0c00000)
  from space 118784K, 54% used [0x00000000f0c00000,0x00000000f4b2ccc8,0x00000000f8000000)
  to   space 115712K, 0% used [0x00000000f8f00000,0x00000000f8f00000,0x0000000100000000)
 ParOldGen       total 514560K, used 175560K [0x00000000a0000000, 0x00000000bf680000, 0x00000000e0000000)
  object space 514560K, 34% used [0x00000000a0000000,0x00000000aab72138,0x00000000bf680000)
 Metaspace       used 93482K, capacity 98438K, committed 98584K, reserved 1134592K
  class space    used 12033K, capacity 13004K, committed 13104K, reserved 1048576K
Event: 28.707 GC heap after
Heap after GC invocations=25 (full 4):
 PSYoungGen      total 393216K, used 0K [0x00000000e0000000, 0x0000000100000000, 0x0000000100000000)
  eden space 274432K, 0% used [0x00000000e0000000,0x00000000e0000000,0x00000000f0c00000)
  from space 118784K, 0% used [0x00000000f0c00000,0x00000000f0c00000,0x00000000f8000000)
  to   space 115712K, 0% used [0x00000000f8f00000,0x00000000f8f00000,0x0000000100000000)
 ParOldGen       total 761856K, used 135368K [0x00000000a0000000, 0x00000000ce800000, 0x00000000e0000000)
  object space 761856K, 17% used [0x00000000a0000000,0x00000000a84320f8,0x00000000ce800000)
 Metaspace       used 92902K, capacity 96770K, committed 98584K, reserved 1134592K
  class space    used 11855K, capacity 12688K, committed 13104K, reserved 1048576K
}

Deoptimization events (10 events):
Event: 28.734 Thread 0x0000000022a76800 Uncommon trap: reason=bimorphic action=maybe_recompile pc=0x00000000034ea498 method=java.io.ObjectInputStream$PeekInputStream.peek()I @ 17
Event: 28.734 Thread 0x0000000022a76800 Uncommon trap: reason=unstable_if action=reinterpret pc=0x0000000004cc46a0 method=java.io.ObjectInputStream$HandleTable.lookupException(I)Ljava/lang/ClassNotFoundException; @ 2
Event: 28.734 Thread 0x0000000022a76800 Uncommon trap: reason=bimorphic action=maybe_recompile pc=0x0000000004cae330 method=java.io.ObjectInputStream$PeekInputStream.peek()I @ 17
Event: 28.737 Thread 0x0000000022a76800 Uncommon trap: reason=bimorphic action=maybe_recompile pc=0x0000000004c1e1cc method=java.io.ObjectInputStream$PeekInputStream.read()I @ 23
Event: 28.737 Thread 0x0000000022a76800 Uncommon trap: reason=bimorphic action=maybe_recompile pc=0x0000000004c1e1cc method=java.io.ObjectInputStream$PeekInputStream.read()I @ 23
Event: 28.738 Thread 0x0000000022a76800 Uncommon trap: reason=unstable_if action=reinterpret pc=0x00000000045230ec method=java.io.ObjectInputStream$BlockDataInputStream.readUnsignedShort()I @ 4
Event: 28.738 Thread 0x0000000022a76800 Uncommon trap: reason=unstable_if action=reinterpret pc=0x00000000048302b8 method=java.io.ObjectInputStream$BlockDataInputStream.readUTFBody(J)Ljava/lang/String; @ 48
Event: 28.739 Thread 0x0000000022a76800 Uncommon trap: reason=array_check action=maybe_recompile pc=0x0000000005022488 method=java.util.TimSort.binarySort([Ljava/lang/Object;IIILjava/util/Comparator;)V @ 215
Event: 28.739 Thread 0x0000000022a76800 Uncommon trap: reason=array_check action=maybe_recompile pc=0x0000000005022488 method=java.util.TimSort.binarySort([Ljava/lang/Object;IIILjava/util/Comparator;)V @ 215
Event: 28.746 Thread 0x0000000022a76800 Uncommon trap: reason=unstable_if action=reinterpret pc=0x000000000354ec5c method=java.io.ObjectInputStream.filterCheck(Ljava/lang/Class;I)V @ 4

Classes redefined (0 events):
No events

Internal exceptions (10 events):
Event: 27.821 Thread 0x0000000022a7c800 Implicit null exception at 0x0000000005995c78 to 0x0000000005997739
Event: 28.318 Thread 0x0000000022a76800 Exception <a 'sun/nio/fs/WindowsException'> (0x00000000e1767a10) thrown at [C:\src\AOSP-openjdk-git\hotspot\src\share\vm\prims\jni.cpp, line 710]
Event: 28.318 Thread 0x0000000022a76800 Exception <a 'sun/nio/fs/WindowsException'> (0x00000000e1768a70) thrown at [C:\src\AOSP-openjdk-git\hotspot\src\share\vm\prims\jni.cpp, line 710]
Event: 28.318 Thread 0x0000000022a76800 Exception <a 'sun/nio/fs/WindowsException'> (0x00000000e176a3d0) thrown at [C:\src\AOSP-openjdk-git\hotspot\src\share\vm\prims\jni.cpp, line 710]
Event: 28.318 Thread 0x0000000022a76800 Exception <a 'sun/nio/fs/WindowsException'> (0x00000000e176b0e0) thrown at [C:\src\AOSP-openjdk-git\hotspot\src\share\vm\prims\jni.cpp, line 710]
Event: 28.739 Thread 0x0000000022a76800 Exception <a 'java/lang/NoSuchMethodError': <clinit>> (0x00000000e0397e00) thrown at [C:\src\AOSP-openjdk-git\hotspot\src\share\vm\prims\jni.cpp, line 1615]
Event: 28.739 Thread 0x0000000022a76800 Exception <a 'java/lang/NoSuchMethodError': <clinit>> (0x00000000e03a60b8) thrown at [C:\src\AOSP-openjdk-git\hotspot\src\share\vm\prims\jni.cpp, line 1615]
Event: 28.744 Thread 0x0000000022a76800 Exception <a 'java/lang/NoSuchMethodError': <clinit>> (0x00000000e03b49c8) thrown at [C:\src\AOSP-openjdk-git\hotspot\src\share\vm\prims\jni.cpp, line 1615]
Event: 28.745 Thread 0x0000000022a76800 Exception <a 'java/lang/NoSuchMethodError': <clinit>> (0x00000000e03dac20) thrown at [C:\src\AOSP-openjdk-git\hotspot\src\share\vm\prims\jni.cpp, line 1615]
Event: 28.747 Thread 0x000000001ee58000 Exception <a 'java/lang/InterruptedException'> (0x00000000e04212b8) thrown at [C:\src\AOSP-openjdk-git\hotspot\src\share\vm\runtime\objectMonitor.cpp, line 1680]

Events (10 events):
Event: 28.748 loading class sun/rmi/transport/ObjectTable done
Event: 28.749 loading class sun/rmi/transport/ObjectEndpoint
Event: 28.749 loading class sun/rmi/transport/ObjectEndpoint done
Event: 28.749 loading class org/jetbrains/kotlin/daemon/common/DaemonWithMetadata
Event: 28.749 loading class org/jetbrains/kotlin/daemon/common/DaemonWithMetadata done
Event: 28.749 loading class sun/rmi/server/WeakClassHashMap$ValueCell
Event: 28.749 loading class sun/rmi/server/WeakClassHashMap$ValueCell done
Event: 28.749 loading class java/rmi/server/RemoteObjectInvocationHandler$MethodToHash_Maps$1
Event: 28.749 loading class java/rmi/server/RemoteObjectInvocationHandler$MethodToHash_Maps$1 done
Event: 28.749 Executing VM operation: Deoptimize


Dynamic libraries:
0x00007ff7482c0000 - 0x00007ff7482f1000 	C:\Program Files\Android\Android Studio\jre\bin\java.exe
0x00007ffbd49b0000 - 0x00007ffbd4ba5000 	C:\WINDOWS\SYSTEM32\ntdll.dll
0x00007ffbd2ce0000 - 0x00007ffbd2d9d000 	C:\WINDOWS\System32\KERNEL32.DLL
0x00007ffbd2490000 - 0x00007ffbd2758000 	C:\WINDOWS\System32\KERNELBASE.dll
0x00007ffbd2ef0000 - 0x00007ffbd2f9c000 	C:\WINDOWS\System32\ADVAPI32.dll
0x00007ffbd3c70000 - 0x00007ffbd3d0e000 	C:\WINDOWS\System32\msvcrt.dll
0x00007ffbd45f0000 - 0x00007ffbd468b000 	C:\WINDOWS\System32\sechost.dll
0x00007ffbd2da0000 - 0x00007ffbd2ecb000 	C:\WINDOWS\System32\RPCRT4.dll
0x00007ffbd47d0000 - 0x00007ffbd4970000 	C:\WINDOWS\System32\USER32.dll
0x00007ffbd2460000 - 0x00007ffbd2482000 	C:\WINDOWS\System32\win32u.dll
0x00007ffbd2a10000 - 0x00007ffbd2a3a000 	C:\WINDOWS\System32\GDI32.dll
0x00007ffbd2250000 - 0x00007ffbd235b000 	C:\WINDOWS\System32\gdi32full.dll
0x00007ffbd2970000 - 0x00007ffbd2a0d000 	C:\WINDOWS\System32\msvcp_win.dll
0x00007ffbd2360000 - 0x00007ffbd2460000 	C:\WINDOWS\System32\ucrtbase.dll
0x00007ffbc8140000 - 0x00007ffbc83da000 	C:\WINDOWS\WinSxS\amd64_microsoft.windows.common-controls_6595b64144ccf1df_6.0.19041.844_none_ca00b6081b84eb1d\COMCTL32.dll
0x00007ffbd2c50000 - 0x00007ffbd2c80000 	C:\WINDOWS\System32\IMM32.DLL
0x0000000065b00000 - 0x0000000065bd2000 	C:\Program Files\Android\Android Studio\jre\jre\bin\msvcr100.dll
0x0000000065cc0000 - 0x000000006650b000 	C:\Program Files\Android\Android Studio\jre\jre\bin\server\jvm.dll
0x00007ffbd2ee0000 - 0x00007ffbd2ee8000 	C:\WINDOWS\System32\PSAPI.DLL
0x00007ffbb0500000 - 0x00007ffbb0509000 	C:\WINDOWS\SYSTEM32\WSOCK32.dll
0x00007ffbc6ee0000 - 0x00007ffbc6eea000 	C:\WINDOWS\SYSTEM32\VERSION.dll
0x00007ffbbf790000 - 0x00007ffbbf7b7000 	C:\WINDOWS\SYSTEM32\WINMM.dll
0x00007ffbd4740000 - 0x00007ffbd47ab000 	C:\WINDOWS\System32\WS2_32.dll
0x00007ffbca810000 - 0x00007ffbca81f000 	C:\Program Files\Android\Android Studio\jre\jre\bin\verify.dll
0x00007ffbbdb60000 - 0x00007ffbbdb89000 	C:\Program Files\Android\Android Studio\jre\jre\bin\java.dll
0x00007ffbbdb40000 - 0x00007ffbbdb56000 	C:\Program Files\Android\Android Studio\jre\jre\bin\zip.dll
0x00007ffbd3d10000 - 0x00007ffbd4452000 	C:\WINDOWS\System32\SHELL32.dll
0x00007ffbd0220000 - 0x00007ffbd09b0000 	C:\WINDOWS\SYSTEM32\windows.storage.dll
0x00007ffbd3910000 - 0x00007ffbd3c65000 	C:\WINDOWS\System32\combase.dll
0x00007ffbd1b60000 - 0x00007ffbd1b8c000 	C:\WINDOWS\SYSTEM32\Wldp.dll
0x00007ffbd3740000 - 0x00007ffbd37ee000 	C:\WINDOWS\System32\SHCORE.dll
0x00007ffbd4590000 - 0x00007ffbd45e5000 	C:\WINDOWS\System32\shlwapi.dll
0x00007ffbd2030000 - 0x00007ffbd204f000 	C:\WINDOWS\SYSTEM32\profapi.dll
0x00007ffbbd940000 - 0x00007ffbbd95a000 	C:\Program Files\Android\Android Studio\jre\jre\bin\net.dll
0x00007ffbd18d0000 - 0x00007ffbd193a000 	C:\WINDOWS\system32\mswsock.dll
0x00007ffbbd870000 - 0x00007ffbbd883000 	C:\Program Files\Android\Android Studio\jre\jre\bin\nio.dll
0x00007ffbbdba0000 - 0x00007ffbbdbc7000 	C:\Users\mitte\.gradle\native\f6784746aeab05261644944871eae4fe03e0ef1612fff0a4a95f87b438bc6780\windows-amd64\native-platform.dll
0x00007ffbc63d0000 - 0x00007ffbc63dd000 	C:\Program Files\Android\Android Studio\jre\jre\bin\management.dll
0x00007ffbd1aa0000 - 0x00007ffbd1ab8000 	C:\WINDOWS\SYSTEM32\CRYPTSP.dll
0x00007ffbd1200000 - 0x00007ffbd1234000 	C:\WINDOWS\system32\rsaenh.dll
0x00007ffbd21c0000 - 0x00007ffbd21e7000 	C:\WINDOWS\System32\bcrypt.dll
0x00007ffbd1ff0000 - 0x00007ffbd201e000 	C:\WINDOWS\SYSTEM32\USERENV.dll
0x00007ffbd2140000 - 0x00007ffbd21c0000 	C:\WINDOWS\System32\bcryptprimitives.dll
0x00007ffbd1ac0000 - 0x00007ffbd1acc000 	C:\WINDOWS\SYSTEM32\CRYPTBASE.dll
0x00007ffbd1570000 - 0x00007ffbd15ab000 	C:\WINDOWS\SYSTEM32\IPHLPAPI.DLL
0x00007ffbd3730000 - 0x00007ffbd3738000 	C:\WINDOWS\System32\NSI.dll
0x00007ffbc9150000 - 0x00007ffbc9167000 	C:\WINDOWS\SYSTEM32\dhcpcsvc6.DLL
0x00007ffbc9130000 - 0x00007ffbc914d000 	C:\WINDOWS\SYSTEM32\dhcpcsvc.DLL
0x00007ffbd15c0000 - 0x00007ffbd168c000 	C:\WINDOWS\SYSTEM32\DNSAPI.dll
0x00007ffbca070000 - 0x00007ffbca07b000 	C:\WINDOWS\SYSTEM32\WINNSI.DLL
0x00007ffbb94b0000 - 0x00007ffbb964c000 	C:\Program Files\Android\Android Studio\jre\jre\bin\awt.dll
0x00007ffbd2b80000 - 0x00007ffbd2c4d000 	C:\WINDOWS\System32\OLEAUT32.dll
0x00007ffbcf980000 - 0x00007ffbcf9af000 	C:\WINDOWS\SYSTEM32\dwmapi.dll
0x00007ffbcb310000 - 0x00007ffbcb8d0000 	C:\WINDOWS\SYSTEM32\d2d1.dll
0x00007ffbcc3d0000 - 0x00007ffbcc460000 	C:\WINDOWS\SYSTEM32\apphelp.dll
0x00007ffbcc560000 - 0x00007ffbcc5fe000 	C:\WINDOWS\system32\uxtheme.dll
0x00007ffbd0e30000 - 0x00007ffbd0e63000 	C:\WINDOWS\SYSTEM32\ntmarta.dll

VM Arguments:
jvm_args: -Xmx1536m -Dfile.encoding=windows-1252 -Duser.country=GB -Duser.language=en -Duser.variant 
java_command: org.gradle.launcher.daemon.bootstrap.GradleDaemon 6.5
java_class_path (initial): C:\Users\mitte\.gradle\wrapper\dists\gradle-6.5-bin\6nifqtx7604sqp1q6g8wikw7p\gradle-6.5\lib\gradle-launcher-6.5.jar
Launcher Type: SUN_STANDARD

Environment Variables:
PATH=C:\Program Files (x86)\Common Files\Intel\Shared Libraries\redist\intel64\compiler;C:\Windows\system32;C:\Windows;C:\Windows\System32\Wbem;C:\Windows\System32\WindowsPowerShell\v1.0\;C:\Windows\System32\OpenSSH\;C:\Program Files (x86)\NVIDIA Corporation\PhysX\Common;C:\Program Files\NVIDIA Corporation\NVIDIA NvDLISR;C:\Program Files\nodejs\;C:\ProgramData\chocolatey\bin;C:\Users\mitte\AppData\Local\Programs\Python\Python39;C:\Users\mitte\AppData\Local\Programs\Python\Python39\Scripts;C:\WINDOWS\system32;C:\WINDOWS;C:\WINDOWS\System32\Wbem;C:\WINDOWS\System32\WindowsPowerShell\v1.0\;C:\WINDOWS\System32\OpenSSH\;C:\Program Files\Git\cmd;C:\Users\mitte\AppData\Local\Microsoft\WindowsApps;C:\Users\mitte\AppData\Local\Programs\Microsoft VS Code\bin;C:\Users\mitte\AppData\Roaming\npm;C:\Program Files\heroku\bin;C:\Users\mitte\AppData\Local\Programs\Python\Python39\;
USERNAME=mitte
OS=Windows_NT
PROCESSOR_IDENTIFIER=Intel64 Family 6 Model 165 Stepping 2, GenuineIntel



---------------  S Y S T E M  ---------------

OS: Windows 10.0 , 64 bit Build 19041 (10.0.19041.928)

CPU:total 12 (initial active 12) (6 cores per cpu, 2 threads per core) family 6 model 165 stepping 2, cmov, cx8, fxsr, mmx, sse, sse2, sse3, ssse3, sse4.1, sse4.2, popcnt, avx, avx2, aes, clmul, erms, 3dnowpref, lzcnt, ht, tsc, tscinvbit, bmi1, bmi2, adx

Memory: 4k page, physical 33334688k(15727484k free), swap 52534728k(5260k free)

vm_info: OpenJDK 64-Bit Server VM (25.242-b01) for windows-amd64 JRE (1.8.0_242-release-1644-b01), built by "builder" with MS VC++ 10.0 (VS2010)

time: Tue Jun 08 13:07:13 2021
timezone: Jerusalem Summer Time
elapsed time: 28 seconds (0d 0h 0m 28s)

