#
# There is insufficient memory for the Java Runtime Environment to continue.
# Native memory allocation (malloc) failed to allocate 1350576 bytes for Chunk::new
# Possible reasons:
#   The system is out of physical RAM or swap space
#   The process is running with CompressedOops enabled, and the Java Heap may be blocking the growth of the native heap
# Possible solutions:
#   Reduce memory load on the system
#   Increase physical memory or swap space
#   Check if swap backing store is full
#   Decrease Java heap size (-Xmx/-Xms)
#   Decrease number of Java threads
#   Decrease Java thread stack sizes (-Xss)
#   Set larger code cache with -XX:ReservedCodeCacheSize=
#   JVM is running with Unscaled Compressed Oops mode in which the Java heap is
#     placed in the first 4GB address space. The Java Heap base address is the
#     maximum limit for the native heap growth. Please use -XX:HeapBaseMinAddress
#     to set the Java Heap base and to place the Java Heap above 4GB virtual address.
# This output file may be truncated or incomplete.
#
#  Out of Memory Error (allocation.cpp:389), pid=254428, tid=0x000000000002e740
#
# JRE version: OpenJDK Runtime Environment (8.0_242-b01) (build 1.8.0_242-release-1644-b01)
# Java VM: OpenJDK 64-Bit Server VM (25.242-b01 mixed mode windows-amd64 compressed oops)
# Failed to write core dump. Minidumps are not enabled by default on client versions of Windows
#

---------------  T H R E A D  ---------------

Current thread (0x000000001855e000):  JavaThread "C2 CompilerThread1" daemon [_thread_in_native, id=190272, stack(0x0000000019dc0000,0x0000000019ec0000)]

Stack: [0x0000000019dc0000,0x0000000019ec0000]
[error occurred during error reporting (printing stack bounds), id 0xc0000005]

Native frames: (J=compiled Java code, j=interpreted, Vv=VM code, C=native code)


Current CompileTask:
C2:  25041 16169       4       com.sun.tools.javac.comp.Resolve::findType (467 bytes)


---------------  P R O C E S S  ---------------

Java Threads: ( => current thread )
  0x0000000023680000 JavaThread "WorkerExecutor Queue Thread 13" [_thread_blocked, id=211244, stack(0x0000000030c90000,0x0000000030d90000)]
  0x0000000023681800 JavaThread "RMI TCP Connection(1)-127.0.0.1" daemon [_thread_in_native, id=144580, stack(0x0000000030b90000,0x0000000030c90000)]
  0x0000000023682000 JavaThread "RMI Reaper" [_thread_blocked, id=12708, stack(0x0000000033520000,0x0000000033620000)]
  0x0000000023678800 JavaThread "RMI TCP Accept-0" daemon [_thread_in_native, id=2124, stack(0x0000000033420000,0x0000000033520000)]
  0x000000002367f000 JavaThread "GC Daemon" daemon [_thread_blocked, id=160636, stack(0x0000000032f20000,0x0000000033020000)]
  0x000000002367e800 JavaThread "RMI Scheduler(0)" daemon [_thread_blocked, id=255296, stack(0x0000000031a30000,0x0000000031b30000)]
  0x0000000023677000 JavaThread "WorkerExecutor Queue Thread 12" [_thread_blocked, id=86216, stack(0x0000000033120000,0x0000000033220000)]
  0x000000002367d000 JavaThread "WorkerExecutor Queue Thread 11" [_thread_in_Java, id=202480, stack(0x0000000033020000,0x0000000033120000)]
  0x000000002367a800 JavaThread "stdout" [_thread_in_native, id=145764, stack(0x0000000032880000,0x0000000032980000)]
  0x000000002367b800 JavaThread "stderr" [_thread_in_native, id=264268, stack(0x0000000032780000,0x0000000032880000)]
  0x000000002367a000 JavaThread "stdout" [_thread_in_native, id=35000, stack(0x0000000032680000,0x0000000032780000)]
  0x000000002dae8800 JavaThread "stderr" [_thread_in_native, id=208244, stack(0x0000000032580000,0x0000000032680000)]
  0x000000002daef800 JavaThread "stdout" [_thread_in_native, id=168312, stack(0x0000000032480000,0x0000000032580000)]
  0x00000000239e2800 JavaThread "stderr" [_thread_in_native, id=193560, stack(0x0000000032380000,0x0000000032480000)]
  0x00000000239e1800 JavaThread "stdout" [_thread_in_native, id=55736, stack(0x0000000032280000,0x0000000032380000)]
  0x00000000239e1000 JavaThread "stderr" [_thread_in_native, id=156892, stack(0x0000000032180000,0x0000000032280000)]
  0x00000000239e0000 JavaThread "stdout" [_thread_in_native, id=274932, stack(0x0000000032080000,0x0000000032180000)]
  0x00000000239df800 JavaThread "stderr" [_thread_in_native, id=187568, stack(0x0000000031f80000,0x0000000032080000)]
  0x00000000239e3000 JavaThread "stdout" [_thread_in_native, id=152944, stack(0x0000000031e80000,0x0000000031f80000)]
  0x00000000239de800 JavaThread "stderr" [_thread_in_native, id=250664, stack(0x0000000031d80000,0x0000000031e80000)]
  0x00000000239d7000 JavaThread "stdout" [_thread_in_native, id=200968, stack(0x0000000031c80000,0x0000000031d80000)]
  0x00000000239de000 JavaThread "stderr" [_thread_in_native, id=36956, stack(0x0000000031930000,0x0000000031a30000)]
  0x00000000239dd000 JavaThread "stdout" [_thread_in_native, id=222696, stack(0x0000000031830000,0x0000000031930000)]
  0x00000000239d5800 JavaThread "stderr" [_thread_in_native, id=180688, stack(0x0000000031730000,0x0000000031830000)]
  0x00000000239db800 JavaThread "pool-2-thread-1" [_thread_blocked, id=74256, stack(0x0000000031b80000,0x0000000031c80000)]
  0x00000000239d4800 JavaThread "MarlinRenderer Disposer" daemon [_thread_blocked, id=239856, stack(0x0000000031430000,0x0000000031530000)]
  0x00000000239d8800 JavaThread "Java2D Disposer" daemon [_thread_blocked, id=65932, stack(0x0000000031090000,0x0000000031190000)]
  0x00000000239d7800 JavaThread "WorkerExecutor Queue Thread 5" [_thread_blocked, id=53648, stack(0x0000000030d90000,0x0000000030e90000)]
  0x000000002daea000 JavaThread "Cache worker for execution history cache (D:\Monkeytech\inDEV\WoodSpoon\WoodSpoonEatersNew\.gradle\6.5\executionHistory)" [_thread_blocked, id=155988, stack(0x0000000030220000,0x0000000030320000)]
  0x000000002dae9800 JavaThread "Execution worker for ':' Thread 11" [_thread_blocked, id=48804, stack(0x0000000030120000,0x0000000030220000)]
  0x000000002daee000 JavaThread "Execution worker for ':' Thread 10" [_thread_blocked, id=59788, stack(0x0000000030020000,0x0000000030120000)]
  0x000000002daed000 JavaThread "Execution worker for ':' Thread 9" [_thread_blocked, id=158748, stack(0x000000002ff20000,0x0000000030020000)]
  0x000000002dae4000 JavaThread "Execution worker for ':' Thread 8" [_thread_blocked, id=179752, stack(0x000000002fe20000,0x000000002ff20000)]
  0x000000002dae5000 JavaThread "Execution worker for ':' Thread 7" [_thread_blocked, id=44744, stack(0x000000002fd20000,0x000000002fe20000)]
  0x000000002dae2000 JavaThread "Execution worker for ':' Thread 6" [_thread_blocked, id=281240, stack(0x000000002fc20000,0x000000002fd20000)]
  0x000000002dae0800 JavaThread "Execution worker for ':' Thread 5" [_thread_blocked, id=167072, stack(0x000000002fb20000,0x000000002fc20000)]
  0x000000002dae3800 JavaThread "Execution worker for ':' Thread 4" [_thread_blocked, id=80172, stack(0x000000002fa20000,0x000000002fb20000)]
  0x000000002dae6800 JavaThread "Execution worker for ':' Thread 3" [_thread_blocked, id=102692, stack(0x000000002f920000,0x000000002fa20000)]
  0x000000002dae1000 JavaThread "Execution worker for ':' Thread 2" [_thread_blocked, id=105980, stack(0x000000002f470000,0x000000002f570000)]
  0x000000002dae2800 JavaThread "Execution worker for ':'" [_thread_blocked, id=133028, stack(0x0000000024cc0000,0x0000000024dc0000)]
  0x000000001c2cc000 JavaThread "Cache worker for file content cache (D:\Monkeytech\inDEV\WoodSpoon\WoodSpoonEatersNew\.gradle\6.5\fileContent)" [_thread_blocked, id=70924, stack(0x000000002f620000,0x000000002f720000)]
  0x000000001c2ca800 JavaThread "Memory manager" [_thread_blocked, id=177888, stack(0x0000000028010000,0x0000000028110000)]
  0x000000001c2c9000 JavaThread "Cache worker for Build Output Cleanup Cache (D:\Monkeytech\inDEV\WoodSpoon\WoodSpoonEatersNew\.gradle\buildOutputCleanup)" [_thread_blocked, id=92760, stack(0x0000000024bc0000,0x0000000024cc0000)]
  0x000000001c2c0800 JavaThread "jar transforms Thread 124" [_thread_blocked, id=238612, stack(0x000000002cba0000,0x000000002cca0000)]
  0x000000001c2c7800 JavaThread "jar transforms Thread 123" [_thread_blocked, id=58696, stack(0x000000002caa0000,0x000000002cba0000)]
  0x000000001c2c0000 JavaThread "jar transforms Thread 122" [_thread_blocked, id=98192, stack(0x000000002c9a0000,0x000000002caa0000)]
  0x000000001c2c6800 JavaThread "jar transforms Thread 121" [_thread_blocked, id=89536, stack(0x000000002c8a0000,0x000000002c9a0000)]
  0x000000001c2c1800 JavaThread "jar transforms Thread 120" [_thread_blocked, id=9280, stack(0x000000002c7a0000,0x000000002c8a0000)]
  0x000000001c2bf000 JavaThread "jar transforms Thread 119" [_thread_blocked, id=157560, stack(0x000000002c6a0000,0x000000002c7a0000)]
  0x000000001c2c6000 JavaThread "jar transforms Thread 118" [_thread_blocked, id=54196, stack(0x000000002c5a0000,0x000000002c6a0000)]
  0x000000001c2be800 JavaThread "jar transforms Thread 117" [_thread_blocked, id=251460, stack(0x000000002c4a0000,0x000000002c5a0000)]
  0x000000001c2c4800 JavaThread "jar transforms Thread 116" [_thread_blocked, id=131940, stack(0x000000002c3a0000,0x000000002c4a0000)]
  0x000000001c2c5000 JavaThread "jar transforms Thread 115" [_thread_blocked, id=32132, stack(0x000000002c2a0000,0x000000002c3a0000)]
  0x000000001c2c3800 JavaThread "jar transforms Thread 114" [_thread_blocked, id=161116, stack(0x000000002c1a0000,0x000000002c2a0000)]
  0x000000001c2c2000 JavaThread "jar transforms Thread 113" [_thread_blocked, id=269188, stack(0x000000002c0a0000,0x000000002c1a0000)]
  0x000000001c2bd000 JavaThread "jar transforms Thread 112" [_thread_blocked, id=209620, stack(0x000000002bfa0000,0x000000002c0a0000)]
  0x000000001c2bd800 JavaThread "jar transforms Thread 111" [_thread_blocked, id=178180, stack(0x000000002bea0000,0x000000002bfa0000)]
  0x000000001c2c3000 JavaThread "jar transforms Thread 110" [_thread_blocked, id=173016, stack(0x000000002bda0000,0x000000002bea0000)]
  0x000000001ef2f800 JavaThread "jar transforms Thread 109" [_thread_blocked, id=100096, stack(0x000000002bca0000,0x000000002bda0000)]
  0x000000001ef2f000 JavaThread "jar transforms Thread 108" [_thread_blocked, id=182484, stack(0x000000002bba0000,0x000000002bca0000)]
  0x000000001ef35000 JavaThread "jar transforms Thread 107" [_thread_blocked, id=118120, stack(0x000000002baa0000,0x000000002bba0000)]
  0x000000001ef33800 JavaThread "jar transforms Thread 106" [_thread_blocked, id=128580, stack(0x000000002b9a0000,0x000000002baa0000)]
  0x000000001ef30800 JavaThread "jar transforms Thread 105" [_thread_blocked, id=281624, stack(0x000000002b8a0000,0x000000002b9a0000)]
  0x000000001ef34800 JavaThread "jar transforms Thread 104" [_thread_blocked, id=45324, stack(0x000000002b7a0000,0x000000002b8a0000)]
  0x000000001ef31000 JavaThread "jar transforms Thread 103" [_thread_blocked, id=81268, stack(0x000000002b6a0000,0x000000002b7a0000)]
  0x000000001ef2d800 JavaThread "jar transforms Thread 102" [_thread_blocked, id=223004, stack(0x000000002b5a0000,0x000000002b6a0000)]
  0x000000001ef33000 JavaThread "jar transforms Thread 101" [_thread_blocked, id=265912, stack(0x000000002b4a0000,0x000000002b5a0000)]
  0x000000001ef32000 JavaThread "jar transforms Thread 100" [_thread_blocked, id=248968, stack(0x000000002b3a0000,0x000000002b4a0000)]
  0x000000001ef2c000 JavaThread "jar transforms Thread 99" [_thread_blocked, id=162116, stack(0x000000002b2a0000,0x000000002b3a0000)]
  0x000000001ef2e000 JavaThread "jar transforms Thread 98" [_thread_blocked, id=69172, stack(0x000000002b1a0000,0x000000002b2a0000)]
  0x000000001ef26800 JavaThread "jar transforms Thread 97" [_thread_blocked, id=174032, stack(0x000000002b0a0000,0x000000002b1a0000)]
  0x000000001ef2b000 JavaThread "jar transforms Thread 96" [_thread_blocked, id=208656, stack(0x000000002afa0000,0x000000002b0a0000)]
  0x000000001ef29800 JavaThread "jar transforms Thread 95" [_thread_blocked, id=244312, stack(0x000000002aea0000,0x000000002afa0000)]
  0x000000001ef2c800 JavaThread "jar transforms Thread 94" [_thread_blocked, id=150212, stack(0x000000002ada0000,0x000000002aea0000)]
  0x000000001ef27800 JavaThread "jar transforms Thread 93" [_thread_blocked, id=150740, stack(0x000000002aca0000,0x000000002ada0000)]
  0x000000001ef29000 JavaThread "jar transforms Thread 92" [_thread_blocked, id=110340, stack(0x000000002aba0000,0x000000002aca0000)]
  0x000000001ef26000 JavaThread "jar transforms Thread 91" [_thread_blocked, id=194832, stack(0x000000002aaa0000,0x000000002aba0000)]
  0x000000001ef2a800 JavaThread "jar transforms Thread 90" [_thread_blocked, id=120888, stack(0x000000002a9a0000,0x000000002aaa0000)]
  0x000000001ef28000 JavaThread "jar transforms Thread 89" [_thread_blocked, id=76832, stack(0x000000002a8a0000,0x000000002a9a0000)]
  0x000000001a4ca000 JavaThread "jar transforms Thread 88" [_thread_blocked, id=148616, stack(0x000000002a7a0000,0x000000002a8a0000)]
  0x000000001a4c5800 JavaThread "jar transforms Thread 87" [_thread_blocked, id=96164, stack(0x000000002a6a0000,0x000000002a7a0000)]
  0x000000001a4c9800 JavaThread "jar transforms Thread 86" [_thread_blocked, id=114760, stack(0x000000002a5a0000,0x000000002a6a0000)]
  0x000000001a4cb800 JavaThread "jar transforms Thread 85" [_thread_blocked, id=202404, stack(0x000000002a4a0000,0x000000002a5a0000)]
  0x000000001a4c8800 JavaThread "jar transforms Thread 84" [_thread_blocked, id=149480, stack(0x000000002a3a0000,0x000000002a4a0000)]
  0x000000001a4c8000 JavaThread "jar transforms Thread 83" [_thread_blocked, id=212860, stack(0x000000002a2a0000,0x000000002a3a0000)]
  0x000000001a4c7000 JavaThread "jar transforms Thread 82" [_thread_blocked, id=107204, stack(0x000000002a0a0000,0x000000002a1a0000)]
  0x000000001a4c6800 JavaThread "jar transforms Thread 81" [_thread_blocked, id=3392, stack(0x0000000029fa0000,0x000000002a0a0000)]
  0x000000001a4cb000 JavaThread "jar transforms Thread 80" [_thread_blocked, id=208276, stack(0x0000000029ea0000,0x0000000029fa0000)]
  0x000000001a4cc800 JavaThread "jar transforms Thread 79" [_thread_blocked, id=56204, stack(0x0000000029da0000,0x0000000029ea0000)]
  0x000000001a4c4800 JavaThread "jar transforms Thread 78" [_thread_blocked, id=74552, stack(0x0000000029ca0000,0x0000000029da0000)]
  0x000000001a4bd000 JavaThread "jar transforms Thread 77" [_thread_blocked, id=78988, stack(0x0000000029ba0000,0x0000000029ca0000)]
  0x000000001a4c4000 JavaThread "jar transforms Thread 76" [_thread_blocked, id=281312, stack(0x0000000029aa0000,0x0000000029ba0000)]
  0x000000001a4c1800 JavaThread "jar transforms Thread 75" [_thread_blocked, id=78728, stack(0x00000000299a0000,0x0000000029aa0000)]
  0x000000001a4c2800 JavaThread "jar transforms Thread 74" [_thread_blocked, id=114764, stack(0x00000000298a0000,0x00000000299a0000)]
  0x000000001a4c1000 JavaThread "jar transforms Thread 73" [_thread_blocked, id=160924, stack(0x00000000297a0000,0x00000000298a0000)]
  0x000000001a4be800 JavaThread "jar transforms Thread 72" [_thread_blocked, id=280584, stack(0x00000000296a0000,0x00000000297a0000)]
  0x000000001a4c3000 JavaThread "jar transforms Thread 71" [_thread_blocked, id=19348, stack(0x00000000295a0000,0x00000000296a0000)]
  0x000000001a4c0000 JavaThread "jar transforms Thread 70" [_thread_blocked, id=89524, stack(0x00000000294a0000,0x00000000295a0000)]
  0x000000001a4bf800 JavaThread "jar transforms Thread 69" [_thread_blocked, id=216596, stack(0x00000000293a0000,0x00000000294a0000)]
  0x000000001a4be000 JavaThread "jar transforms Thread 68" [_thread_blocked, id=197316, stack(0x00000000292a0000,0x00000000293a0000)]
  0x00000000214dd000 JavaThread "jar transforms Thread 67" [_thread_blocked, id=46636, stack(0x00000000291a0000,0x00000000292a0000)]
  0x00000000214dc800 JavaThread "jar transforms Thread 66" [_thread_blocked, id=67124, stack(0x00000000290a0000,0x00000000291a0000)]
  0x00000000214db800 JavaThread "jar transforms Thread 65" [_thread_blocked, id=63964, stack(0x0000000028fa0000,0x00000000290a0000)]
  0x00000000214e1800 JavaThread "jar transforms Thread 64" [_thread_blocked, id=120932, stack(0x0000000028ea0000,0x0000000028fa0000)]
  0x00000000214de800 JavaThread "jar transforms Thread 63" [_thread_blocked, id=27492, stack(0x0000000028da0000,0x0000000028ea0000)]
  0x00000000214de000 JavaThread "jar transforms Thread 62" [_thread_blocked, id=264044, stack(0x0000000028ca0000,0x0000000028da0000)]
  0x00000000214e1000 JavaThread "jar transforms Thread 61" [_thread_blocked, id=209944, stack(0x0000000028ba0000,0x0000000028ca0000)]
  0x00000000214df800 JavaThread "jar transforms Thread 60" [_thread_blocked, id=242544, stack(0x0000000028aa0000,0x0000000028ba0000)]
  0x00000000214e0000 JavaThread "jar transforms Thread 59" [_thread_blocked, id=168376, stack(0x00000000289a0000,0x0000000028aa0000)]
  0x00000000214db000 JavaThread "jar transforms Thread 58" [_thread_blocked, id=97392, stack(0x00000000288a0000,0x00000000289a0000)]
  0x00000000214d3000 JavaThread "jar transforms Thread 57" [_thread_blocked, id=125208, stack(0x00000000287a0000,0x00000000288a0000)]
  0x00000000214da000 JavaThread "jar transforms Thread 56" [_thread_blocked, id=44716, stack(0x00000000286a0000,0x00000000287a0000)]
  0x00000000214d2800 JavaThread "jar transforms Thread 55" [_thread_blocked, id=122876, stack(0x00000000285a0000,0x00000000286a0000)]
  0x00000000214d9800 JavaThread "jar transforms Thread 54" [_thread_blocked, id=228816, stack(0x00000000284a0000,0x00000000285a0000)]
  0x00000000214d8000 JavaThread "jar transforms Thread 53" [_thread_blocked, id=91244, stack(0x00000000283a0000,0x00000000284a0000)]
  0x00000000214d7000 JavaThread "jar transforms Thread 52" [_thread_blocked, id=165160, stack(0x00000000282a0000,0x00000000283a0000)]
  0x00000000214d4000 JavaThread "jar transforms Thread 51" [_thread_blocked, id=286228, stack(0x00000000281a0000,0x00000000282a0000)]
  0x00000000214d5000 JavaThread "jar transforms Thread 50" [_thread_blocked, id=84692, stack(0x0000000024ac0000,0x0000000024bc0000)]
  0x00000000214d6800 JavaThread "jar transforms Thread 49" [_thread_blocked, id=251660, stack(0x0000000027f10000,0x0000000028010000)]
  0x00000000214d8800 JavaThread "jar transforms Thread 48" [_thread_blocked, id=195556, stack(0x0000000027e10000,0x0000000027f10000)]
  0x00000000214d5800 JavaThread "jar transforms Thread 47" [_thread_blocked, id=218568, stack(0x0000000027d10000,0x0000000027e10000)]
  0x000000001af32800 JavaThread "jar transforms Thread 46" [_thread_blocked, id=177016, stack(0x0000000027c10000,0x0000000027d10000)]
  0x000000001af32000 JavaThread "jar transforms Thread 45" [_thread_blocked, id=77800, stack(0x0000000027b10000,0x0000000027c10000)]
  0x000000001af31000 JavaThread "jar transforms Thread 44" [_thread_blocked, id=218876, stack(0x0000000027a10000,0x0000000027b10000)]
  0x000000001af33800 JavaThread "jar transforms Thread 43" [_thread_blocked, id=229332, stack(0x0000000027910000,0x0000000027a10000)]
  0x000000001af35800 JavaThread "jar transforms Thread 42" [_thread_blocked, id=145640, stack(0x0000000027810000,0x0000000027910000)]
  0x000000001af35000 JavaThread "jar transforms Thread 41" [_thread_blocked, id=146536, stack(0x0000000027710000,0x0000000027810000)]
  0x000000001af34000 JavaThread "jar transforms Thread 40" [_thread_blocked, id=183380, stack(0x0000000027610000,0x0000000027710000)]
  0x000000001af29800 JavaThread "jar transforms Thread 39" [_thread_blocked, id=279812, stack(0x0000000027310000,0x0000000027410000)]
  0x000000001af30800 JavaThread "jar transforms Thread 38" [_thread_blocked, id=157984, stack(0x0000000027210000,0x0000000027310000)]
  0x000000001af29000 JavaThread "jar transforms Thread 37" [_thread_blocked, id=68120, stack(0x0000000027110000,0x0000000027210000)]
  0x000000001af2f800 JavaThread "jar transforms Thread 36" [_thread_blocked, id=63004, stack(0x0000000027010000,0x0000000027110000)]
  0x000000001af2f000 JavaThread "jar transforms Thread 35" [_thread_blocked, id=129868, stack(0x0000000026f10000,0x0000000027010000)]
  0x000000001af2e000 JavaThread "jar transforms Thread 34" [_thread_blocked, id=263744, stack(0x0000000026e10000,0x0000000026f10000)]
  0x000000001af26800 JavaThread "jar transforms Thread 33" [_thread_blocked, id=185708, stack(0x0000000026d10000,0x0000000026e10000)]
  0x000000001af2d800 JavaThread "jar transforms Thread 32" [_thread_blocked, id=23292, stack(0x0000000026c10000,0x0000000026d10000)]
  0x000000001af2c800 JavaThread "jar transforms Thread 31" [_thread_blocked, id=34748, stack(0x0000000026b10000,0x0000000026c10000)]
  0x000000001af2c000 JavaThread "jar transforms Thread 30" [_thread_blocked, id=213120, stack(0x0000000026a10000,0x0000000026b10000)]
  0x000000001af2b000 JavaThread "jar transforms Thread 29" [_thread_blocked, id=262484, stack(0x0000000026910000,0x0000000026a10000)]
  0x000000001af27800 JavaThread "jar transforms Thread 28" [_thread_blocked, id=190008, stack(0x0000000026810000,0x0000000026910000)]
  0x000000001af28000 JavaThread "jar transforms Thread 27" [_thread_blocked, id=70028, stack(0x0000000026710000,0x0000000026810000)]
  0x000000001af2a800 JavaThread "jar transforms Thread 26" [_thread_blocked, id=113176, stack(0x0000000026610000,0x0000000026710000)]
  0x000000001a690800 JavaThread "jar transforms Thread 25" [_thread_blocked, id=67052, stack(0x0000000026510000,0x0000000026610000)]
  0x000000001a68f800 JavaThread "jar transforms Thread 24" [_thread_blocked, id=71512, stack(0x0000000026410000,0x0000000026510000)]
  0x000000001a68f000 JavaThread "jar transforms Thread 23" [_thread_blocked, id=118404, stack(0x0000000026310000,0x0000000026410000)]
  0x000000001a693800 JavaThread "jar transforms Thread 22" [_thread_blocked, id=157100, stack(0x0000000026210000,0x0000000026310000)]
  0x000000001a692800 JavaThread "jar transforms Thread 21" [_thread_blocked, id=35396, stack(0x0000000026110000,0x0000000026210000)]
  0x000000001a692000 JavaThread "jar transforms Thread 20" [_thread_blocked, id=155220, stack(0x0000000026010000,0x0000000026110000)]
  0x000000001a68e000 JavaThread "jar transforms Thread 19" [_thread_blocked, id=244028, stack(0x0000000025f10000,0x0000000026010000)]
  0x000000001a691000 JavaThread "jar transforms Thread 18" [_thread_blocked, id=170872, stack(0x0000000025e10000,0x0000000025f10000)]
  0x000000001a68d800 JavaThread "jar transforms Thread 17" [_thread_blocked, id=101492, stack(0x0000000025d10000,0x0000000025e10000)]
  0x000000001a686000 JavaThread "jar transforms Thread 16" [_thread_blocked, id=146908, stack(0x0000000025c10000,0x0000000025d10000)]
  0x000000001a68c800 JavaThread "jar transforms Thread 15" [_thread_blocked, id=215872, stack(0x0000000025b10000,0x0000000025c10000)]
  0x000000001a68c000 JavaThread "jar transforms Thread 14" [_thread_blocked, id=142772, stack(0x0000000025a10000,0x0000000025b10000)]
  0x000000001a684800 JavaThread "jar transforms Thread 13" [_thread_blocked, id=236900, stack(0x0000000025910000,0x0000000025a10000)]
  0x000000001a689000 JavaThread "jar transforms Thread 12" [_thread_blocked, id=169956, stack(0x0000000025810000,0x0000000025910000)]
  0x000000001a68b000 JavaThread "jar transforms Thread 11" [_thread_blocked, id=105556, stack(0x0000000025710000,0x0000000025810000)]
  0x000000001a688000 JavaThread "jar transforms Thread 10" [_thread_blocked, id=40064, stack(0x0000000025610000,0x0000000025710000)]
  0x000000001a686800 JavaThread "jar transforms Thread 9" [_thread_blocked, id=41932, stack(0x0000000025510000,0x0000000025610000)]
  0x000000001a685000 JavaThread "jar transforms Thread 8" [_thread_blocked, id=178436, stack(0x0000000025410000,0x0000000025510000)]
  0x000000001a689800 JavaThread "jar transforms Thread 7" [_thread_blocked, id=285916, stack(0x0000000025310000,0x0000000025410000)]
  0x000000001a687800 JavaThread "jar transforms Thread 6" [_thread_blocked, id=40100, stack(0x0000000025210000,0x0000000025310000)]
  0x000000001a68a800 JavaThread "jar transforms Thread 5" [_thread_blocked, id=195228, stack(0x0000000025110000,0x0000000025210000)]
  0x000000001c85a800 JavaThread "jar transforms Thread 4" [_thread_blocked, id=243000, stack(0x0000000025010000,0x0000000025110000)]
  0x000000001c85b800 JavaThread "jar transforms Thread 3" [_thread_blocked, id=131356, stack(0x0000000024f10000,0x0000000025010000)]
  0x000000001c857800 JavaThread "jar transforms Thread 2" [_thread_blocked, id=164428, stack(0x0000000024e10000,0x0000000024f10000)]
  0x000000001c856800 JavaThread "Build operations Thread 12" [_thread_blocked, id=143112, stack(0x00000000249c0000,0x0000000024ac0000)]
  0x000000001c85a000 JavaThread "Build operations Thread 11" [_thread_blocked, id=79532, stack(0x00000000248c0000,0x00000000249c0000)]
  0x000000001c852000 JavaThread "Build operations Thread 10" [_thread_blocked, id=225948, stack(0x00000000247c0000,0x00000000248c0000)]
  0x000000001c856000 JavaThread "Build operations Thread 9" [_thread_blocked, id=74760, stack(0x00000000246c0000,0x00000000247c0000)]
  0x000000001c859000 JavaThread "Build operations Thread 8" [_thread_blocked, id=158704, stack(0x00000000245c0000,0x00000000246c0000)]
  0x000000001c855000 JavaThread "Build operations Thread 7" [_thread_blocked, id=268104, stack(0x00000000244c0000,0x00000000245c0000)]
  0x000000001c858000 JavaThread "Build operations Thread 6" [_thread_blocked, id=6124, stack(0x00000000243c0000,0x00000000244c0000)]
  0x000000001c854800 JavaThread "Build operations Thread 5" [_thread_blocked, id=179856, stack(0x00000000242c0000,0x00000000243c0000)]
  0x000000001c84e800 JavaThread "Build operations Thread 4" [_thread_blocked, id=162124, stack(0x00000000241c0000,0x00000000242c0000)]
  0x000000001c853000 JavaThread "Build operations Thread 3" [_thread_blocked, id=53944, stack(0x00000000240c0000,0x00000000241c0000)]
  0x000000001c84d800 JavaThread "Build operations Thread 2" [_thread_blocked, id=14532, stack(0x0000000023fc0000,0x00000000240c0000)]
  0x000000001c853800 JavaThread "Build operations" [_thread_blocked, id=103912, stack(0x0000000023ec0000,0x0000000023fc0000)]
  0x000000001bfd8000 JavaThread "Cache worker for file content cache (C:\Users\mitte\.gradle\caches\6.5\fileContent)" [_thread_blocked, id=211328, stack(0x00000000227f0000,0x00000000228f0000)]
  0x000000001bfdd000 JavaThread "jar transforms" [_thread_blocked, id=132912, stack(0x00000000226f0000,0x00000000227f0000)]
  0x000000001bfdb800 JavaThread "Cache worker for execution history cache (C:\Users\mitte\.gradle\caches\6.5\executionHistory)" [_thread_blocked, id=47008, stack(0x0000000021ff0000,0x00000000220f0000)]
  0x000000001bfd8800 JavaThread "Cache worker for cache directory md-rule (C:\Users\mitte\.gradle\caches\6.5\md-rule)" [_thread_blocked, id=118016, stack(0x0000000021ef0000,0x0000000021ff0000)]
  0x000000001bfdb000 JavaThread "Cache worker for cache directory md-supplier (C:\Users\mitte\.gradle\caches\6.5\md-supplier)" [_thread_blocked, id=126144, stack(0x0000000021df0000,0x0000000021ef0000)]
  0x000000001bfde800 JavaThread "Cache worker for checksums cache (D:\Monkeytech\inDEV\WoodSpoon\WoodSpoonEatersNew\.gradle\checksums)" [_thread_blocked, id=147916, stack(0x0000000020c40000,0x0000000020d40000)]
  0x000000001bfdc800 JavaThread "Cache worker for file hash cache (D:\Monkeytech\inDEV\WoodSpoon\WoodSpoonEatersNew\.gradle\6.5\fileHashes)" [_thread_blocked, id=163360, stack(0x0000000020930000,0x0000000020a30000)]
  0x000000001bfda000 JavaThread "Cache worker for file hash cache (C:\Users\mitte\.gradle\caches\6.5\fileHashes)" [_thread_blocked, id=138228, stack(0x000000001e3e0000,0x000000001e4e0000)]
  0x000000001bfd9800 JavaThread "File lock request listener" [_thread_in_native, id=257756, stack(0x000000001e2e0000,0x000000001e3e0000)]
  0x000000001c202800 JavaThread "Cache worker for journal cache (C:\Users\mitte\.gradle\caches\journal-1)" [_thread_blocked, id=189432, stack(0x000000001e1e0000,0x000000001e2e0000)]
  0x000000001bf34000 JavaThread "Thread-9" [_thread_blocked, id=255176, stack(0x000000001dee0000,0x000000001dfe0000)]
  0x000000001bf22800 JavaThread "Stdin handler" [_thread_blocked, id=49484, stack(0x000000001dde0000,0x000000001dee0000)]
  0x000000001bf21800 JavaThread "Asynchronous log dispatcher for DefaultDaemonConnection: socket connection from /127.0.0.1:64767 to /127.0.0.1:64768" [_thread_blocked, id=253960, stack(0x000000001dce0000,0x000000001dde0000)]
  0x000000001bf28000 JavaThread "Daemon worker" [_thread_blocked, id=98124, stack(0x000000001dbe0000,0x000000001dce0000)]
  0x000000001bf23000 JavaThread "Cancel handler" [_thread_blocked, id=109176, stack(0x000000001dae0000,0x000000001dbe0000)]
  0x000000001be56800 JavaThread "Handler for socket connection from /127.0.0.1:64767 to /127.0.0.1:64768" [_thread_in_native, id=164696, stack(0x000000001d7e0000,0x000000001d8e0000)]
  0x000000001be53800 JavaThread "Daemon" [_thread_blocked, id=278188, stack(0x000000001d5e0000,0x000000001d6e0000)]
  0x000000001be48800 JavaThread "Daemon periodic checks" [_thread_blocked, id=127696, stack(0x000000001d4e0000,0x000000001d5e0000)]
  0x000000001be39000 JavaThread "Incoming local TCP Connector on port 64767" [_thread_in_native, id=162140, stack(0x000000001d2a0000,0x000000001d3a0000)]
  0x000000001bda1000 JavaThread "Daemon health stats" [_thread_blocked, id=122692, stack(0x000000001cc60000,0x000000001cd60000)]
  0x00000000185ef800 JavaThread "Service Thread" daemon [_thread_blocked, id=245744, stack(0x000000001a0c0000,0x000000001a1c0000)]
  0x0000000018564000 JavaThread "C1 CompilerThread3" daemon [_thread_blocked, id=280428, stack(0x0000000019fc0000,0x000000001a0c0000)]
  0x0000000018563800 JavaThread "C2 CompilerThread2" daemon [_thread_in_native, id=242804, stack(0x0000000019ec0000,0x0000000019fc0000)]
=>0x000000001855e000 JavaThread "C2 CompilerThread1" daemon [_thread_in_native, id=190272, stack(0x0000000019dc0000,0x0000000019ec0000)]
  0x0000000018557800 JavaThread "C2 CompilerThread0" daemon [_thread_in_native, id=184692, stack(0x0000000019cc0000,0x0000000019dc0000)]
  0x0000000018554000 JavaThread "Attach Listener" daemon [_thread_blocked, id=212924, stack(0x0000000019bc0000,0x0000000019cc0000)]
  0x0000000018552000 JavaThread "Signal Dispatcher" daemon [_thread_blocked, id=60892, stack(0x0000000019ac0000,0x0000000019bc0000)]
  0x0000000016e72800 JavaThread "Finalizer" daemon [_thread_blocked, id=152004, stack(0x00000000197c0000,0x00000000198c0000)]
  0x0000000018543000 JavaThread "Reference Handler" daemon [_thread_blocked, id=145000, stack(0x00000000196c0000,0x00000000197c0000)]
  0x0000000002cae800 JavaThread "main" [_thread_blocked, id=153252, stack(0x0000000002cb0000,0x0000000002db0000)]

Other Threads:
  0x0000000016e65800 VMThread [stack: 0x00000000195c0000,0x00000000196c0000] [id=64784]
  0x00000000185f1800 WatcherThread [stack: 0x000000001a1c0000,0x000000001a2c0000] [id=204496]

VM state:not at safepoint (normal execution)

VM Mutex/Monitor currently owned by a thread: None

heap address: 0x00000000a0000000, size: 1536 MB, Compressed Oops mode: 32-bit
Narrow klass base: 0x0000000000000000, Narrow klass shift: 3
Compressed class space size: 1073741824 Address: 0x0000000100000000

Heap:
 PSYoungGen      total 414208K, used 306335K [0x00000000e0000000, 0x0000000100000000, 0x0000000100000000)
  eden space 302080K, 94% used [0x00000000e0000000,0x00000000f166a0d8,0x00000000f2700000)
  from space 112128K, 18% used [0x00000000f9280000,0x00000000fa73de40,0x0000000100000000)
  to   space 110080K, 0% used [0x00000000f2700000,0x00000000f2700000,0x00000000f9280000)
 ParOldGen       total 770048K, used 125900K [0x00000000a0000000, 0x00000000cf000000, 0x00000000e0000000)
  object space 770048K, 16% used [0x00000000a0000000,0x00000000a7af3358,0x00000000cf000000)
 Metaspace       used 95532K, capacity 99444K, committed 101528K, reserved 1136640K
  class space    used 12194K, capacity 13042K, committed 13472K, reserved 1048576K

Card table byte_map: [0x0000000012270000,0x0000000012580000] byte_map_base: 0x0000000011d70000

Marking Bits: (ParMarkBitMap*) 0x000000006648f030
 Begin Bits: [0x0000000013180000, 0x0000000014980000)
 End Bits:   [0x0000000014980000, 0x0000000016180000)

Polling page: 0x00000000013b0000

CodeCache: size=245760Kb used=45725Kb max_used=45775Kb free=200034Kb
 bounds [0x0000000002eb0000, 0x0000000005ba0000, 0x0000000011eb0000]
 total_blobs=14483 nmethods=13491 adapters=903
 compilation: enabled

Compilation events (10 events):
Event: 25.023 Thread 0x0000000018564000 16353       3       com.sun.tools.javac.tree.TreeScanner::visitNewArray (68 bytes)
Event: 25.024 Thread 0x0000000018564000 nmethod 16353 0x0000000005b9a550 code [0x0000000005b9a820, 0x0000000005b9c328]
Event: 25.026 Thread 0x0000000018564000 16355       1       com.sun.tools.javac.code.Type$JCPrimitiveType::isPrimitiveOrVoid (2 bytes)
Event: 25.026 Thread 0x0000000018564000 nmethod 16355 0x0000000005b99bd0 code [0x0000000005b99d20, 0x0000000005b99e30]
Event: 25.029 Thread 0x0000000018564000 16358       1       com.sun.tools.javac.code.Type$JCVoidType::isPrimitiveOrVoid (2 bytes)
Event: 25.029 Thread 0x0000000018564000 nmethod 16358 0x00000000030a6090 code [0x00000000030a61e0, 0x00000000030a62f0]
Event: 25.035 Thread 0x0000000018564000 16364       2       com.sun.tools.javac.tree.JCTree$JCWildcard::accept (6 bytes)
Event: 25.035 Thread 0x0000000018564000 nmethod 16364 0x0000000003351590 code [0x0000000003351700, 0x0000000003351888]
Event: 25.037 Thread 0x0000000018564000 16367   !   2       com.sun.tools.javac.tree.Pretty::visitNewArray (218 bytes)
Event: 25.038 Thread 0x0000000018564000 nmethod 16367 0x000000000348d5d0 code [0x000000000348d960, 0x000000000348ea38]

GC Heap History (10 events):
Event: 10.445 GC heap before
{Heap before GC invocations=16 (full 3):
 PSYoungGen      total 438272K, used 434707K [0x00000000e0000000, 0x0000000100000000, 0x0000000100000000)
  eden space 370688K, 100% used [0x00000000e0000000,0x00000000f6a00000,0x00000000f6a00000)
  from space 67584K, 94% used [0x00000000fbe00000,0x00000000ffc84cc8,0x0000000100000000)
  to   space 76800K, 0% used [0x00000000f6a00000,0x00000000f6a00000,0x00000000fb500000)
 ParOldGen       total 504320K, used 90335K [0x00000000a0000000, 0x00000000bec80000, 0x00000000e0000000)
  object space 504320K, 17% used [0x00000000a0000000,0x00000000a5837d78,0x00000000bec80000)
 Metaspace       used 83910K, capacity 88728K, committed 88984K, reserved 1126400K
  class space    used 11227K, capacity 12172K, committed 12192K, reserved 1048576K
Event: 10.471 GC heap after
Heap after GC invocations=16 (full 3):
 PSYoungGen      total 447488K, used 76779K [0x00000000e0000000, 0x0000000100000000, 0x0000000100000000)
  eden space 370688K, 0% used [0x00000000e0000000,0x00000000e0000000,0x00000000f6a00000)
  from space 76800K, 99% used [0x00000000f6a00000,0x00000000fb4fac08,0x00000000fb500000)
  to   space 76800K, 0% used [0x00000000fb500000,0x00000000fb500000,0x0000000100000000)
 ParOldGen       total 504320K, used 108219K [0x00000000a0000000, 0x00000000bec80000, 0x00000000e0000000)
  object space 504320K, 21% used [0x00000000a0000000,0x00000000a69aec80,0x00000000bec80000)
 Metaspace       used 83910K, capacity 88728K, committed 88984K, reserved 1126400K
  class space    used 11227K, capacity 12172K, committed 12192K, reserved 1048576K
}
Event: 23.180 GC heap before
{Heap before GC invocations=17 (full 3):
 PSYoungGen      total 447488K, used 447467K [0x00000000e0000000, 0x0000000100000000, 0x0000000100000000)
  eden space 370688K, 100% used [0x00000000e0000000,0x00000000f6a00000,0x00000000f6a00000)
  from space 76800K, 99% used [0x00000000f6a00000,0x00000000fb4fac08,0x00000000fb500000)
  to   space 76800K, 0% used [0x00000000fb500000,0x00000000fb500000,0x0000000100000000)
 ParOldGen       total 504320K, used 108219K [0x00000000a0000000, 0x00000000bec80000, 0x00000000e0000000)
  object space 504320K, 21% used [0x00000000a0000000,0x00000000a69aec80,0x00000000bec80000)
 Metaspace       used 87779K, capacity 92684K, committed 92824K, reserved 1130496K
  class space    used 11722K, capacity 12673K, committed 12704K, reserved 1048576K
Event: 23.206 GC heap after
Heap after GC invocations=17 (full 3):
 PSYoungGen      total 386048K, used 76774K [0x00000000e0000000, 0x0000000100000000, 0x0000000100000000)
  eden space 309248K, 0% used [0x00000000e0000000,0x00000000e0000000,0x00000000f2e00000)
  from space 76800K, 99% used [0x00000000fb500000,0x00000000ffff9890,0x0000000100000000)
  to   space 107520K, 0% used [0x00000000f2e00000,0x00000000f2e00000,0x00000000f9700000)
 ParOldGen       total 504320K, used 117906K [0x00000000a0000000, 0x00000000bec80000, 0x00000000e0000000)
  object space 504320K, 23% used [0x00000000a0000000,0x00000000a7324bd0,0x00000000bec80000)
 Metaspace       used 87779K, capacity 92684K, committed 92824K, reserved 1130496K
  class space    used 11722K, capacity 12673K, committed 12704K, reserved 1048576K
}
Event: 23.904 GC heap before
{Heap before GC invocations=18 (full 3):
 PSYoungGen      total 386048K, used 276107K [0x00000000e0000000, 0x0000000100000000, 0x0000000100000000)
  eden space 309248K, 64% used [0x00000000e0000000,0x00000000ec2a95e0,0x00000000f2e00000)
  from space 76800K, 99% used [0x00000000fb500000,0x00000000ffff9890,0x0000000100000000)
  to   space 107520K, 0% used [0x00000000f2e00000,0x00000000f2e00000,0x00000000f9700000)
 ParOldGen       total 504320K, used 117906K [0x00000000a0000000, 0x00000000bec80000, 0x00000000e0000000)
  object space 504320K, 23% used [0x00000000a0000000,0x00000000a7324bd0,0x00000000bec80000)
 Metaspace       used 93465K, capacity 98474K, committed 98584K, reserved 1134592K
  class space    used 12244K, capacity 13251K, committed 13344K, reserved 1048576K
Event: 23.926 GC heap after
Heap after GC invocations=18 (full 3):
 PSYoungGen      total 382976K, used 73458K [0x00000000e0000000, 0x0000000100000000, 0x0000000100000000)
  eden space 309248K, 0% used [0x00000000e0000000,0x00000000e0000000,0x00000000f2e00000)
  from space 73728K, 99% used [0x00000000f2e00000,0x00000000f75bcba0,0x00000000f7600000)
  to   space 112128K, 0% used [0x00000000f9280000,0x00000000f9280000,0x0000000100000000)
 ParOldGen       total 504320K, used 132001K [0x00000000a0000000, 0x00000000bec80000, 0x00000000e0000000)
  object space 504320K, 26% used [0x00000000a0000000,0x00000000a80e85e0,0x00000000bec80000)
 Metaspace       used 93465K, capacity 98474K, committed 98584K, reserved 1134592K
  class space    used 12244K, capacity 13251K, committed 13344K, reserved 1048576K
}
Event: 23.926 GC heap before
{Heap before GC invocations=19 (full 4):
 PSYoungGen      total 382976K, used 73458K [0x00000000e0000000, 0x0000000100000000, 0x0000000100000000)
  eden space 309248K, 0% used [0x00000000e0000000,0x00000000e0000000,0x00000000f2e00000)
  from space 73728K, 99% used [0x00000000f2e00000,0x00000000f75bcba0,0x00000000f7600000)
  to   space 112128K, 0% used [0x00000000f9280000,0x00000000f9280000,0x0000000100000000)
 ParOldGen       total 504320K, used 132001K [0x00000000a0000000, 0x00000000bec80000, 0x00000000e0000000)
  object space 504320K, 26% used [0x00000000a0000000,0x00000000a80e85e0,0x00000000bec80000)
 Metaspace       used 93465K, capacity 98474K, committed 98584K, reserved 1134592K
  class space    used 12244K, capacity 13251K, committed 13344K, reserved 1048576K
Event: 24.070 GC heap after
Heap after GC invocations=19 (full 4):
 PSYoungGen      total 382976K, used 0K [0x00000000e0000000, 0x0000000100000000, 0x0000000100000000)
  eden space 309248K, 0% used [0x00000000e0000000,0x00000000e0000000,0x00000000f2e00000)
  from space 73728K, 0% used [0x00000000f2e00000,0x00000000f2e00000,0x00000000f7600000)
  to   space 112128K, 0% used [0x00000000f9280000,0x00000000f9280000,0x0000000100000000)
 ParOldGen       total 770048K, used 125892K [0x00000000a0000000, 0x00000000cf000000, 0x00000000e0000000)
  object space 770048K, 16% used [0x00000000a0000000,0x00000000a7af1358,0x00000000cf000000)
 Metaspace       used 92860K, capacity 96692K, committed 98584K, reserved 1134592K
  class space    used 12054K, capacity 12914K, committed 13344K, reserved 1048576K
}
Event: 24.492 GC heap before
{Heap before GC invocations=20 (full 4):
 PSYoungGen      total 382976K, used 309248K [0x00000000e0000000, 0x0000000100000000, 0x0000000100000000)
  eden space 309248K, 100% used [0x00000000e0000000,0x00000000f2e00000,0x00000000f2e00000)
  from space 73728K, 0% used [0x00000000f2e00000,0x00000000f2e00000,0x00000000f7600000)
  to   space 112128K, 0% used [0x00000000f9280000,0x00000000f9280000,0x0000000100000000)
 ParOldGen       total 770048K, used 125892K [0x00000000a0000000, 0x00000000cf000000, 0x00000000e0000000)
  object space 770048K, 16% used [0x00000000a0000000,0x00000000a7af1358,0x00000000cf000000)
 Metaspace       used 94601K, capacity 98484K, committed 100376K, reserved 1136640K
  class space    used 12157K, capacity 12978K, committed 13344K, reserved 1048576K
Event: 24.499 GC heap after
Heap after GC invocations=20 (full 4):
 PSYoungGen      total 414208K, used 21239K [0x00000000e0000000, 0x0000000100000000, 0x0000000100000000)
  eden space 302080K, 0% used [0x00000000e0000000,0x00000000e0000000,0x00000000f2700000)
  from space 112128K, 18% used [0x00000000f9280000,0x00000000fa73de40,0x0000000100000000)
  to   space 110080K, 0% used [0x00000000f2700000,0x00000000f2700000,0x00000000f9280000)
 ParOldGen       total 770048K, used 125900K [0x00000000a0000000, 0x00000000cf000000, 0x00000000e0000000)
  object space 770048K, 16% used [0x00000000a0000000,0x00000000a7af3358,0x00000000cf000000)
 Metaspace       used 94601K, capacity 98484K, committed 100376K, reserved 1136640K
  class space    used 12157K, capacity 12978K, committed 13344K, reserved 1048576K
}

Deoptimization events (10 events):
Event: 24.910 Thread 0x000000002367d000 Uncommon trap: reason=class_check action=maybe_recompile pc=0x0000000005a40770 method=com.sun.tools.javac.code.Type$ClassType.isErroneous()Z @ 1
Event: 24.910 Thread 0x000000002367d000 Uncommon trap: reason=speculate_class_check action=maybe_recompile pc=0x00000000059ff37c method=com.sun.tools.javac.code.Type.hasTag(Lcom/sun/tools/javac/code/TypeTag;)Z @ 2
Event: 24.910 Thread 0x000000002367d000 Uncommon trap: reason=class_check action=maybe_recompile pc=0x0000000005a40770 method=com.sun.tools.javac.code.Type$ClassType.isErroneous()Z @ 1
Event: 24.910 Thread 0x000000002367d000 Uncommon trap: reason=class_check action=maybe_recompile pc=0x0000000005a40770 method=com.sun.tools.javac.code.Type$ClassType.isErroneous()Z @ 1
Event: 24.913 Thread 0x000000002367d000 Uncommon trap: reason=unloaded action=reinterpret pc=0x0000000005a1f054 method=com.sun.tools.javac.jvm.ClassReader.readAttributeValue()Lcom/sun/tools/javac/code/Attribute; @ 474
Event: 24.977 Thread 0x000000002367d000 Uncommon trap: reason=predicate action=maybe_recompile pc=0x0000000005a0613c method=com.sun.tools.javac.tree.TreeScanner.scan(Lcom/sun/tools/javac/util/List;)V @ 13
Event: 24.977 Thread 0x000000002367d000 Uncommon trap: reason=bimorphic action=maybe_recompile pc=0x0000000005998fbc method=com.sun.tools.javac.tree.TreeScanner.visitSelect(Lcom/sun/tools/javac/tree/JCTree$JCFieldAccess;)V @ 5
Event: 24.977 Thread 0x000000002367d000 Uncommon trap: reason=bimorphic action=maybe_recompile pc=0x0000000005998fbc method=com.sun.tools.javac.tree.TreeScanner.visitSelect(Lcom/sun/tools/javac/tree/JCTree$JCFieldAccess;)V @ 5
Event: 24.977 Thread 0x000000002367d000 Uncommon trap: reason=bimorphic action=maybe_recompile pc=0x0000000005998fbc method=com.sun.tools.javac.tree.TreeScanner.visitSelect(Lcom/sun/tools/javac/tree/JCTree$JCFieldAccess;)V @ 5
Event: 24.977 Thread 0x000000002367d000 Uncommon trap: reason=bimorphic action=maybe_recompile pc=0x0000000005998fbc method=com.sun.tools.javac.tree.TreeScanner.visitSelect(Lcom/sun/tools/javac/tree/JCTree$JCFieldAccess;)V @ 5

Classes redefined (0 events):
No events

Internal exceptions (10 events):
Event: 11.298 Thread 0x000000002dae0800 Exception <a 'java/lang/NoSuchMethodError': <clinit>> (0x00000000f37ebd10) thrown at [C:\src\AOSP-openjdk-git\hotspot\src\share\vm\prims\jni.cpp, line 1615]
Event: 11.302 Thread 0x000000002dae0800 Exception <a 'java/lang/NoSuchMethodError': <clinit>> (0x00000000f384c758) thrown at [C:\src\AOSP-openjdk-git\hotspot\src\share\vm\prims\jni.cpp, line 1615]
Event: 11.311 Thread 0x000000002dae0800 Exception <a 'java/lang/NoSuchMethodError': <clinit>> (0x00000000f39c9a20) thrown at [C:\src\AOSP-openjdk-git\hotspot\src\share\vm\prims\jni.cpp, line 1615]
Event: 11.313 Thread 0x000000002dae0800 Exception <a 'java/lang/NoSuchMethodError': <clinit>> (0x00000000f3abf6a8) thrown at [C:\src\AOSP-openjdk-git\hotspot\src\share\vm\prims\jni.cpp, line 1615]
Event: 23.381 Thread 0x000000002dae0800 Exception <a 'java/lang/NoSuchMethodError': <clinit>> (0x00000000e699e578) thrown at [C:\src\AOSP-openjdk-git\hotspot\src\share\vm\prims\jni.cpp, line 1615]
Event: 23.572 Thread 0x000000002dae0800 Exception <a 'java/lang/NoSuchMethodError': <clinit>> (0x00000000ea5cb118) thrown at [C:\src\AOSP-openjdk-git\hotspot\src\share\vm\prims\jni.cpp, line 1615]
Event: 23.613 Thread 0x000000002367d000 Exception <a 'java/lang/NoSuchMethodError': <clinit>> (0x00000000eab27468) thrown at [C:\src\AOSP-openjdk-git\hotspot\src\share\vm\prims\jni.cpp, line 1615]
Event: 23.614 Thread 0x000000002367d000 Exception <a 'java/lang/NoSuchMethodError': <clinit>> (0x00000000eab3d610) thrown at [C:\src\AOSP-openjdk-git\hotspot\src\share\vm\prims\jni.cpp, line 1615]
Event: 23.633 Thread 0x000000002367d000 Exception <a 'java/lang/NoSuchMethodError': <clinit>> (0x00000000eb1ca298) thrown at [C:\src\AOSP-openjdk-git\hotspot\src\share\vm\prims\jni.cpp, line 1615]
Event: 24.673 Thread 0x000000002367d000 Implicit null exception at 0x000000000588d058 to 0x000000000588d08e

Events (10 events):
Event: 25.030 Thread 0x0000000018564000 flushing nmethod 0x000000000330ce50
Event: 25.030 Thread 0x0000000018564000 flushing nmethod 0x0000000003340ed0
Event: 25.030 Thread 0x0000000018564000 flushing nmethod 0x0000000003351590
Event: 25.036 Thread 0x0000000018564000 flushing nmethod 0x000000000348cf10
Event: 25.036 Thread 0x0000000018564000 flushing nmethod 0x0000000003508850
Event: 25.036 Thread 0x0000000018564000 flushing nmethod 0x0000000003576650
Event: 25.036 Thread 0x0000000018564000 flushing nmethod 0x00000000035a0f10
Event: 25.038 Thread 0x0000000018564000 flushing nmethod 0x00000000035e7850
Event: 25.039 Thread 0x0000000018564000 flushing nmethod 0x000000000363ab90
Event: 25.039 Thread 0x0000000018564000 flushing nmethod 0x000000000368e310


Dynamic libraries:
0x00007ff7482c0000 - 0x00007ff7482f1000 	C:\Program Files\Android\Android Studio\jre\bin\java.exe
0x00007ffbd49b0000 - 0x00007ffbd4ba5000 	C:\WINDOWS\SYSTEM32\ntdll.dll
0x00007ffbd2ce0000 - 0x00007ffbd2d9d000 	C:\WINDOWS\System32\KERNEL32.DLL
0x00007ffbd2490000 - 0x00007ffbd2758000 	C:\WINDOWS\System32\KERNELBASE.dll
0x00007ffbd2ef0000 - 0x00007ffbd2f9c000 	C:\WINDOWS\System32\ADVAPI32.dll
0x00007ffbd3c70000 - 0x00007ffbd3d0e000 	C:\WINDOWS\System32\msvcrt.dll
0x00007ffbd45f0000 - 0x00007ffbd468b000 	C:\WINDOWS\System32\sechost.dll
0x00007ffbd2da0000 - 0x00007ffbd2ecb000 	C:\WINDOWS\System32\RPCRT4.dll
0x00007ffbd47d0000 - 0x00007ffbd4970000 	C:\WINDOWS\System32\USER32.dll
0x00007ffbd2460000 - 0x00007ffbd2482000 	C:\WINDOWS\System32\win32u.dll
0x00007ffbd2a10000 - 0x00007ffbd2a3a000 	C:\WINDOWS\System32\GDI32.dll
0x00007ffbd2250000 - 0x00007ffbd235b000 	C:\WINDOWS\System32\gdi32full.dll
0x00007ffbd2970000 - 0x00007ffbd2a0d000 	C:\WINDOWS\System32\msvcp_win.dll
0x00007ffbd2360000 - 0x00007ffbd2460000 	C:\WINDOWS\System32\ucrtbase.dll
0x00007ffbc8140000 - 0x00007ffbc83da000 	C:\WINDOWS\WinSxS\amd64_microsoft.windows.common-controls_6595b64144ccf1df_6.0.19041.844_none_ca00b6081b84eb1d\COMCTL32.dll
0x00007ffbd2c50000 - 0x00007ffbd2c80000 	C:\WINDOWS\System32\IMM32.DLL
0x0000000065b00000 - 0x0000000065bd2000 	C:\Program Files\Android\Android Studio\jre\jre\bin\msvcr100.dll
0x0000000065cc0000 - 0x000000006650b000 	C:\Program Files\Android\Android Studio\jre\jre\bin\server\jvm.dll
0x00007ffbd2ee0000 - 0x00007ffbd2ee8000 	C:\WINDOWS\System32\PSAPI.DLL
0x00007ffbb0500000 - 0x00007ffbb0509000 	C:\WINDOWS\SYSTEM32\WSOCK32.dll
0x00007ffbd4740000 - 0x00007ffbd47ab000 	C:\WINDOWS\System32\WS2_32.dll
0x00007ffbbf790000 - 0x00007ffbbf7b7000 	C:\WINDOWS\SYSTEM32\WINMM.dll
0x00007ffbc6ee0000 - 0x00007ffbc6eea000 	C:\WINDOWS\SYSTEM32\VERSION.dll
0x00007ffbca810000 - 0x00007ffbca81f000 	C:\Program Files\Android\Android Studio\jre\jre\bin\verify.dll
0x00007ffbbdb60000 - 0x00007ffbbdb89000 	C:\Program Files\Android\Android Studio\jre\jre\bin\java.dll
0x00007ffbbdb40000 - 0x00007ffbbdb56000 	C:\Program Files\Android\Android Studio\jre\jre\bin\zip.dll
0x00007ffbd3d10000 - 0x00007ffbd4452000 	C:\WINDOWS\System32\SHELL32.dll
0x00007ffbd0220000 - 0x00007ffbd09b0000 	C:\WINDOWS\SYSTEM32\windows.storage.dll
0x00007ffbd3910000 - 0x00007ffbd3c65000 	C:\WINDOWS\System32\combase.dll
0x00007ffbd1b60000 - 0x00007ffbd1b8c000 	C:\WINDOWS\SYSTEM32\Wldp.dll
0x00007ffbd3740000 - 0x00007ffbd37ee000 	C:\WINDOWS\System32\SHCORE.dll
0x00007ffbd4590000 - 0x00007ffbd45e5000 	C:\WINDOWS\System32\shlwapi.dll
0x00007ffbd2030000 - 0x00007ffbd204f000 	C:\WINDOWS\SYSTEM32\profapi.dll
0x00007ffbbd940000 - 0x00007ffbbd95a000 	C:\Program Files\Android\Android Studio\jre\jre\bin\net.dll
0x00007ffbd18d0000 - 0x00007ffbd193a000 	C:\WINDOWS\system32\mswsock.dll
0x00007ffbbd870000 - 0x00007ffbbd883000 	C:\Program Files\Android\Android Studio\jre\jre\bin\nio.dll
0x00007ffbbdba0000 - 0x00007ffbbdbc7000 	C:\Users\mitte\.gradle\native\f6784746aeab05261644944871eae4fe03e0ef1612fff0a4a95f87b438bc6780\windows-amd64\native-platform.dll
0x00007ffbc63d0000 - 0x00007ffbc63dd000 	C:\Program Files\Android\Android Studio\jre\jre\bin\management.dll
0x00007ffbd1aa0000 - 0x00007ffbd1ab8000 	C:\WINDOWS\SYSTEM32\CRYPTSP.dll
0x00007ffbd1200000 - 0x00007ffbd1234000 	C:\WINDOWS\system32\rsaenh.dll
0x00007ffbd21c0000 - 0x00007ffbd21e7000 	C:\WINDOWS\System32\bcrypt.dll
0x00007ffbd1ff0000 - 0x00007ffbd201e000 	C:\WINDOWS\SYSTEM32\USERENV.dll
0x00007ffbd2140000 - 0x00007ffbd21c0000 	C:\WINDOWS\System32\bcryptprimitives.dll
0x00007ffbd1ac0000 - 0x00007ffbd1acc000 	C:\WINDOWS\SYSTEM32\CRYPTBASE.dll
0x00007ffbd1570000 - 0x00007ffbd15ab000 	C:\WINDOWS\SYSTEM32\IPHLPAPI.DLL
0x00007ffbd3730000 - 0x00007ffbd3738000 	C:\WINDOWS\System32\NSI.dll
0x00007ffbc9150000 - 0x00007ffbc9167000 	C:\WINDOWS\SYSTEM32\dhcpcsvc6.DLL
0x00007ffbc9130000 - 0x00007ffbc914d000 	C:\WINDOWS\SYSTEM32\dhcpcsvc.DLL
0x00007ffbd15c0000 - 0x00007ffbd168c000 	C:\WINDOWS\SYSTEM32\DNSAPI.dll
0x00007ffbca070000 - 0x00007ffbca07b000 	C:\WINDOWS\SYSTEM32\WINNSI.DLL
0x00007ffbb94b0000 - 0x00007ffbb964c000 	C:\Program Files\Android\Android Studio\jre\jre\bin\awt.dll
0x00007ffbd2b80000 - 0x00007ffbd2c4d000 	C:\WINDOWS\System32\OLEAUT32.dll
0x00007ffbcf980000 - 0x00007ffbcf9af000 	C:\WINDOWS\SYSTEM32\dwmapi.dll
0x00007ffbcb310000 - 0x00007ffbcb8d0000 	C:\WINDOWS\SYSTEM32\d2d1.dll
0x00007ffbcc3d0000 - 0x00007ffbcc460000 	C:\WINDOWS\SYSTEM32\apphelp.dll
0x00007ffbcc560000 - 0x00007ffbcc5fe000 	C:\WINDOWS\system32\uxtheme.dll

VM Arguments:
jvm_args: -Xmx1536m -Dfile.encoding=windows-1252 -Duser.country=GB -Duser.language=en -Duser.variant 
java_command: org.gradle.launcher.daemon.bootstrap.GradleDaemon 6.5
java_class_path (initial): C:\Users\mitte\.gradle\wrapper\dists\gradle-6.5-bin\6nifqtx7604sqp1q6g8wikw7p\gradle-6.5\lib\gradle-launcher-6.5.jar
Launcher Type: SUN_STANDARD

Environment Variables:
PATH=C:\Program Files (x86)\Common Files\Intel\Shared Libraries\redist\intel64\compiler;C:\Windows\system32;C:\Windows;C:\Windows\System32\Wbem;C:\Windows\System32\WindowsPowerShell\v1.0\;C:\Windows\System32\OpenSSH\;C:\Program Files (x86)\NVIDIA Corporation\PhysX\Common;C:\Program Files\NVIDIA Corporation\NVIDIA NvDLISR;C:\Program Files\nodejs\;C:\ProgramData\chocolatey\bin;C:\Users\mitte\AppData\Local\Programs\Python\Python39;C:\Users\mitte\AppData\Local\Programs\Python\Python39\Scripts;C:\WINDOWS\system32;C:\WINDOWS;C:\WINDOWS\System32\Wbem;C:\WINDOWS\System32\WindowsPowerShell\v1.0\;C:\WINDOWS\System32\OpenSSH\;C:\Program Files\Git\cmd;C:\Users\mitte\AppData\Local\Microsoft\WindowsApps;C:\Users\mitte\AppData\Local\Programs\Microsoft VS Code\bin;C:\Users\mitte\AppData\Roaming\npm;C:\Program Files\heroku\bin;C:\Users\mitte\AppData\Local\Programs\Python\Python39\;
USERNAME=mitte
OS=Windows_NT
PROCESSOR_IDENTIFIER=Intel64 Family 6 Model 165 Stepping 2, GenuineIntel



---------------  S Y S T E M  ---------------

OS: Windows 10.0 , 64 bit Build 19041 (10.0.19041.928)

CPU:total 12 (initial active 12) (6 cores per cpu, 2 threads per core) family 6 model 165 stepping 2, cmov, cx8, fxsr, mmx, sse, sse2, sse3, ssse3, sse4.1, sse4.2, popcnt, avx, avx2, aes, clmul, erms, 3dnowpref, lzcnt, ht, tsc, tscinvbit, bmi1, bmi2, adx

Memory: 4k page, physical 33334688k(15905272k free), swap 52534728k(5976k free)

vm_info: OpenJDK 64-Bit Server VM (25.242-b01) for windows-amd64 JRE (1.8.0_242-release-1644-b01), built by "builder" with MS VC++ 10.0 (VS2010)

time: Tue Jun 08 13:04:37 2021
timezone: Jerusalem Summer Time
elapsed time: 25 seconds (0d 0h 0m 25s)

