#
# There is insufficient memory for the Java Runtime Environment to continue.
# Native memory allocation (malloc) failed to allocate 1031760 bytes for Chunk::new
# Possible reasons:
#   The system is out of physical RAM or swap space
#   The process is running with CompressedOops enabled, and the Java Heap may be blocking the growth of the native heap
# Possible solutions:
#   Reduce memory load on the system
#   Increase physical memory or swap space
#   Check if swap backing store is full
#   Decrease Java heap size (-Xmx/-Xms)
#   Decrease number of Java threads
#   Decrease Java thread stack sizes (-Xss)
#   Set larger code cache with -XX:ReservedCodeCacheSize=
#   JVM is running with Unscaled Compressed Oops mode in which the Java heap is
#     placed in the first 4GB address space. The Java Heap base address is the
#     maximum limit for the native heap growth. Please use -XX:HeapBaseMinAddress
#     to set the Java Heap base and to place the Java Heap above 4GB virtual address.
# This output file may be truncated or incomplete.
#
#  Out of Memory Error (allocation.cpp:389), pid=59668, tid=0x000000000003dc70
#
# JRE version: OpenJDK Runtime Environment (8.0_242-b01) (build 1.8.0_242-release-1644-b01)
# Java VM: OpenJDK 64-Bit Server VM (25.242-b01 mixed mode windows-amd64 compressed oops)
# Failed to write core dump. Minidumps are not enabled by default on client versions of Windows
#

---------------  T H R E A D  ---------------

Current thread (0x0000000016d6e000):  JavaThread "C2 CompilerThread1" daemon [_thread_in_native, id=253040, stack(0x0000000019ba0000,0x0000000019ca0000)]

Stack: [0x0000000019ba0000,0x0000000019ca0000]
[error occurred during error reporting (printing stack bounds), id 0xc0000005]

Native frames: (J=compiled Java code, j=interpreted, Vv=VM code, C=native code)


Current CompileTask:
C2:  13811 14510       4       com.android.tools.r8.dex.r::a (561 bytes)


---------------  P R O C E S S  ---------------

Java Threads: ( => current thread )
  0x000000002e1a5800 JavaThread "ForkJoinPool-2-worker-12" daemon [_thread_blocked, id=22996, stack(0x0000000032fc0000,0x00000000330c0000)]
  0x000000002e1a6000 JavaThread "ForkJoinPool-2-worker-3" daemon [_thread_blocked, id=260728, stack(0x0000000032ec0000,0x0000000032fc0000)]
  0x000000002e1a4800 JavaThread "ForkJoinPool-2-worker-10" daemon [_thread_in_Java, id=91372, stack(0x0000000032dc0000,0x0000000032ec0000)]
  0x000000002112b000 JavaThread "ForkJoinPool-2-worker-1" daemon [_thread_blocked, id=138760, stack(0x0000000032cc0000,0x0000000032dc0000)]
  0x000000002112a000 JavaThread "ForkJoinPool-2-worker-8" daemon [_thread_in_Java, id=270212, stack(0x0000000032bc0000,0x0000000032cc0000)]
  0x0000000021129800 JavaThread "ForkJoinPool-2-worker-15" daemon [_thread_blocked, id=158432, stack(0x0000000032ac0000,0x0000000032bc0000)]
  0x0000000021128800 JavaThread "ForkJoinPool-2-worker-6" daemon [_thread_blocked, id=114284, stack(0x00000000329c0000,0x0000000032ac0000)]
  0x0000000021128000 JavaThread "ForkJoinPool-2-worker-13" daemon [_thread_blocked, id=19388, stack(0x00000000328c0000,0x00000000329c0000)]
  0x000000002112b800 JavaThread "ForkJoinPool-2-worker-4" daemon [_thread_blocked, id=281156, stack(0x00000000327c0000,0x00000000328c0000)]
  0x000000002112c800 JavaThread "ForkJoinPool-2-worker-11" daemon [_thread_blocked, id=105680, stack(0x00000000326c0000,0x00000000327c0000)]
  0x0000000021120000 JavaThread "ForkJoinPool-2-worker-2" daemon [_thread_blocked, id=44020, stack(0x00000000325c0000,0x00000000326c0000)]
  0x0000000021121000 JavaThread "ForkJoinPool-2-worker-9" daemon [_thread_blocked, id=13356, stack(0x00000000324c0000,0x00000000325c0000)]
  0x000000002111e800 JavaThread "WorkerExecutor Queue Thread 4" [_thread_blocked, id=153224, stack(0x0000000030e00000,0x0000000030f00000)]
  0x0000000021125800 JavaThread "WorkerExecutor Queue Thread 3" [_thread_blocked, id=209804, stack(0x0000000030a80000,0x0000000030b80000)]
  0x0000000021125000 JavaThread "WorkerExecutor Queue Thread 2" [_thread_blocked, id=249496, stack(0x00000000306a0000,0x00000000307a0000)]
  0x000000002111e000 JavaThread "WorkerExecutor Queue" [_thread_blocked, id=112380, stack(0x0000000029bf0000,0x0000000029cf0000)]
  0x000000001fb33000 JavaThread "Cache worker for execution history cache (D:\Monkeytech\inDEV\WoodSpoon\WoodSpoonEatersNew\.gradle\6.5\executionHistory)" [_thread_blocked, id=136892, stack(0x00000000301a0000,0x00000000302a0000)]
  0x000000001fb32000 JavaThread "Execution worker for ':' Thread 11" [_thread_blocked, id=49700, stack(0x00000000300a0000,0x00000000301a0000)]
  0x000000001fb31800 JavaThread "Execution worker for ':' Thread 10" [_thread_blocked, id=55076, stack(0x000000002ffa0000,0x00000000300a0000)]
  0x000000001fb2f000 JavaThread "Execution worker for ':' Thread 9" [_thread_blocked, id=195424, stack(0x000000002fea0000,0x000000002ffa0000)]
  0x000000001fb2e800 JavaThread "Execution worker for ':' Thread 8" [_thread_blocked, id=111272, stack(0x000000002fda0000,0x000000002fea0000)]
  0x000000001fb30800 JavaThread "Execution worker for ':' Thread 7" [_thread_blocked, id=254700, stack(0x000000002fca0000,0x000000002fda0000)]
  0x000000001fb30000 JavaThread "Execution worker for ':' Thread 6" [_thread_blocked, id=94436, stack(0x000000002fba0000,0x000000002fca0000)]
  0x000000001fb27000 JavaThread "Execution worker for ':' Thread 5" [_thread_blocked, id=286756, stack(0x000000002faa0000,0x000000002fba0000)]
  0x000000001fb2d800 JavaThread "Execution worker for ':' Thread 4" [_thread_blocked, id=93068, stack(0x000000002f9a0000,0x000000002faa0000)]
  0x000000001fb2d000 JavaThread "Execution worker for ':' Thread 3" [_thread_blocked, id=233748, stack(0x000000002f8a0000,0x000000002f9a0000)]
  0x000000001fb26000 JavaThread "Execution worker for ':' Thread 2" [_thread_blocked, id=157280, stack(0x000000002f7a0000,0x000000002f8a0000)]
  0x000000001fb2c000 JavaThread "Execution worker for ':'" [_thread_blocked, id=101696, stack(0x000000002f2c0000,0x000000002f3c0000)]
  0x000000001fb24000 JavaThread "Cache worker for file content cache (D:\Monkeytech\inDEV\WoodSpoon\WoodSpoonEatersNew\.gradle\6.5\fileContent)" [_thread_blocked, id=277452, stack(0x000000002f4a0000,0x000000002f5a0000)]
  0x000000001fb25800 JavaThread "Memory manager" [_thread_blocked, id=62496, stack(0x0000000024aa0000,0x0000000024ba0000)]
  0x000000001fb29000 JavaThread "Cache worker for Build Output Cleanup Cache (D:\Monkeytech\inDEV\WoodSpoon\WoodSpoonEatersNew\.gradle\buildOutputCleanup)" [_thread_blocked, id=267240, stack(0x00000000249a0000,0x0000000024aa0000)]
  0x000000001fb27800 JavaThread "jar transforms Thread 124" [_thread_blocked, id=172960, stack(0x000000002c9f0000,0x000000002caf0000)]
  0x000000001fb24800 JavaThread "jar transforms Thread 123" [_thread_blocked, id=239920, stack(0x000000002c8f0000,0x000000002c9f0000)]
  0x0000000022bd1000 JavaThread "jar transforms Thread 122" [_thread_blocked, id=288384, stack(0x000000002c7f0000,0x000000002c8f0000)]
  0x0000000022bd3800 JavaThread "jar transforms Thread 121" [_thread_blocked, id=177028, stack(0x000000002c6f0000,0x000000002c7f0000)]
  0x0000000022bd0800 JavaThread "jar transforms Thread 120" [_thread_blocked, id=248464, stack(0x000000002c4f0000,0x000000002c5f0000)]
  0x0000000022bcf800 JavaThread "jar transforms Thread 119" [_thread_blocked, id=27484, stack(0x000000002c3f0000,0x000000002c4f0000)]
  0x0000000022bd2800 JavaThread "jar transforms Thread 118" [_thread_blocked, id=14836, stack(0x000000002c2f0000,0x000000002c3f0000)]
  0x0000000022bd2000 JavaThread "jar transforms Thread 117" [_thread_blocked, id=125328, stack(0x000000002c1f0000,0x000000002c2f0000)]
  0x0000000022bcf000 JavaThread "jar transforms Thread 116" [_thread_blocked, id=189836, stack(0x000000002c0f0000,0x000000002c1f0000)]
  0x0000000022bc7800 JavaThread "jar transforms Thread 115" [_thread_blocked, id=74140, stack(0x000000002bff0000,0x000000002c0f0000)]
  0x0000000022bce000 JavaThread "jar transforms Thread 114" [_thread_blocked, id=89972, stack(0x000000002bef0000,0x000000002bff0000)]
  0x0000000022bcd800 JavaThread "jar transforms Thread 113" [_thread_blocked, id=178512, stack(0x000000002bdf0000,0x000000002bef0000)]
  0x0000000022bc6800 JavaThread "jar transforms Thread 112" [_thread_blocked, id=244780, stack(0x000000002bcf0000,0x000000002bdf0000)]
  0x0000000022bc6000 JavaThread "jar transforms Thread 111" [_thread_blocked, id=189840, stack(0x000000002bbf0000,0x000000002bcf0000)]
  0x0000000022bc9800 JavaThread "jar transforms Thread 110" [_thread_blocked, id=36548, stack(0x000000002baf0000,0x000000002bbf0000)]
  0x0000000022bcc800 JavaThread "jar transforms Thread 109" [_thread_blocked, id=75380, stack(0x000000002b7c0000,0x000000002b8c0000)]
  0x0000000022bc9000 JavaThread "jar transforms Thread 108" [_thread_blocked, id=94304, stack(0x000000002b9f0000,0x000000002baf0000)]
  0x0000000022bc8000 JavaThread "jar transforms Thread 107" [_thread_blocked, id=57552, stack(0x000000002b8f0000,0x000000002b9f0000)]
  0x0000000022bc5000 JavaThread "jar transforms Thread 106" [_thread_blocked, id=181792, stack(0x000000002b6c0000,0x000000002b7c0000)]
  0x0000000022bcc000 JavaThread "jar transforms Thread 105" [_thread_blocked, id=133048, stack(0x000000002b5c0000,0x000000002b6c0000)]
  0x0000000022bc4800 JavaThread "jar transforms Thread 104" [_thread_blocked, id=217392, stack(0x000000002b4c0000,0x000000002b5c0000)]
  0x0000000022bcb000 JavaThread "jar transforms Thread 103" [_thread_blocked, id=170792, stack(0x000000002b3c0000,0x000000002b4c0000)]
  0x0000000022bca800 JavaThread "jar transforms Thread 102" [_thread_blocked, id=92144, stack(0x000000002b2c0000,0x000000002b3c0000)]
  0x000000001c324000 JavaThread "jar transforms Thread 101" [_thread_blocked, id=167436, stack(0x000000002b1c0000,0x000000002b2c0000)]
  0x000000001c323800 JavaThread "jar transforms Thread 100" [_thread_blocked, id=255608, stack(0x000000002b0c0000,0x000000002b1c0000)]
  0x000000001c322800 JavaThread "jar transforms Thread 99" [_thread_blocked, id=271244, stack(0x000000002afc0000,0x000000002b0c0000)]
  0x000000001c322000 JavaThread "jar transforms Thread 98" [_thread_blocked, id=32660, stack(0x000000002ada0000,0x000000002aea0000)]
  0x000000001c325000 JavaThread "jar transforms Thread 97" [_thread_blocked, id=92608, stack(0x000000002aec0000,0x000000002afc0000)]
  0x000000001c31a800 JavaThread "jar transforms Thread 96" [_thread_blocked, id=19340, stack(0x000000002aca0000,0x000000002ada0000)]
  0x000000001c321000 JavaThread "jar transforms Thread 95" [_thread_blocked, id=254600, stack(0x000000002aba0000,0x000000002aca0000)]
  0x000000001c320800 JavaThread "jar transforms Thread 94" [_thread_blocked, id=29916, stack(0x000000002aaa0000,0x000000002aba0000)]
  0x000000001c319000 JavaThread "jar transforms Thread 93" [_thread_blocked, id=164724, stack(0x000000002a9a0000,0x000000002aaa0000)]
  0x000000001c31f800 JavaThread "jar transforms Thread 92" [_thread_blocked, id=131168, stack(0x000000002a8a0000,0x000000002a9a0000)]
  0x000000001c31f000 JavaThread "jar transforms Thread 91" [_thread_blocked, id=88348, stack(0x000000002a7a0000,0x000000002a8a0000)]
  0x000000001c31e000 JavaThread "jar transforms Thread 90" [_thread_blocked, id=141004, stack(0x000000002a480000,0x000000002a580000)]
  0x000000001c319800 JavaThread "jar transforms Thread 89" [_thread_blocked, id=102872, stack(0x000000002a6a0000,0x000000002a7a0000)]
  0x000000001c31d800 JavaThread "jar transforms Thread 88" [_thread_blocked, id=8984, stack(0x000000002a5a0000,0x000000002a6a0000)]
  0x000000001c316000 JavaThread "jar transforms Thread 87" [_thread_blocked, id=48120, stack(0x000000002a380000,0x000000002a480000)]
  0x000000001c31c800 JavaThread "jar transforms Thread 86" [_thread_blocked, id=145560, stack(0x000000002a280000,0x000000002a380000)]
  0x000000001c316800 JavaThread "jar transforms Thread 85" [_thread_blocked, id=103948, stack(0x000000002a180000,0x000000002a280000)]
  0x000000001c31c000 JavaThread "jar transforms Thread 84" [_thread_blocked, id=127144, stack(0x000000002a080000,0x000000002a180000)]
  0x000000001c317800 JavaThread "jar transforms Thread 83" [_thread_blocked, id=218168, stack(0x0000000029f80000,0x000000002a080000)]
  0x000000001c31b000 JavaThread "jar transforms Thread 82" [_thread_blocked, id=141648, stack(0x0000000029e80000,0x0000000029f80000)]
  0x000000001c318000 JavaThread "jar transforms Thread 81" [_thread_blocked, id=227536, stack(0x0000000029d80000,0x0000000029e80000)]
  0x0000000021bb8000 JavaThread "jar transforms Thread 80" [_thread_blocked, id=123628, stack(0x00000000248a0000,0x00000000249a0000)]
  0x0000000021bb7000 JavaThread "jar transforms Thread 79" [_thread_blocked, id=58804, stack(0x0000000029af0000,0x0000000029bf0000)]
  0x0000000021bb4800 JavaThread "jar transforms Thread 78" [_thread_blocked, id=284172, stack(0x00000000299f0000,0x0000000029af0000)]
  0x0000000021bb4000 JavaThread "jar transforms Thread 77" [_thread_blocked, id=148176, stack(0x00000000298f0000,0x00000000299f0000)]
  0x0000000021bb3000 JavaThread "jar transforms Thread 76" [_thread_blocked, id=51672, stack(0x00000000297f0000,0x00000000298f0000)]
  0x0000000021bb6000 JavaThread "jar transforms Thread 75" [_thread_blocked, id=4876, stack(0x00000000296f0000,0x00000000297f0000)]
  0x0000000021bb2800 JavaThread "jar transforms Thread 74" [_thread_blocked, id=104352, stack(0x00000000295f0000,0x00000000296f0000)]
  0x0000000021bb8800 JavaThread "jar transforms Thread 73" [_thread_blocked, id=92572, stack(0x00000000294f0000,0x00000000295f0000)]
  0x0000000021bb5800 JavaThread "jar transforms Thread 72" [_thread_blocked, id=26732, stack(0x00000000293f0000,0x00000000294f0000)]
  0x0000000021bab800 JavaThread "jar transforms Thread 71" [_thread_blocked, id=266216, stack(0x00000000292f0000,0x00000000293f0000)]
  0x0000000021bb1800 JavaThread "jar transforms Thread 70" [_thread_blocked, id=59840, stack(0x00000000291f0000,0x00000000292f0000)]
  0x0000000021bb1000 JavaThread "jar transforms Thread 69" [_thread_blocked, id=68128, stack(0x00000000290f0000,0x00000000291f0000)]
  0x0000000021ba9800 JavaThread "jar transforms Thread 68" [_thread_blocked, id=276152, stack(0x0000000028ff0000,0x00000000290f0000)]
  0x0000000021bab000 JavaThread "jar transforms Thread 67" [_thread_blocked, id=206520, stack(0x0000000028ef0000,0x0000000028ff0000)]
  0x0000000021bb0000 JavaThread "jar transforms Thread 66" [_thread_blocked, id=4212, stack(0x0000000028df0000,0x0000000028ef0000)]
  0x0000000021bae800 JavaThread "jar transforms Thread 65" [_thread_blocked, id=83420, stack(0x0000000028cf0000,0x0000000028df0000)]
  0x0000000021baa000 JavaThread "jar transforms Thread 64" [_thread_blocked, id=114204, stack(0x0000000028bf0000,0x0000000028cf0000)]
  0x0000000021bad000 JavaThread "jar transforms Thread 63" [_thread_blocked, id=248152, stack(0x0000000028af0000,0x0000000028bf0000)]
  0x0000000021bae000 JavaThread "jar transforms Thread 62" [_thread_blocked, id=96276, stack(0x00000000289f0000,0x0000000028af0000)]
  0x0000000021bac800 JavaThread "jar transforms Thread 61" [_thread_blocked, id=98420, stack(0x00000000288f0000,0x00000000289f0000)]
  0x0000000021baf800 JavaThread "jar transforms Thread 60" [_thread_blocked, id=281868, stack(0x00000000287f0000,0x00000000288f0000)]
  0x0000000023090000 JavaThread "jar transforms Thread 59" [_thread_blocked, id=27232, stack(0x00000000286f0000,0x00000000287f0000)]
  0x000000002308f000 JavaThread "jar transforms Thread 58" [_thread_blocked, id=239448, stack(0x00000000285f0000,0x00000000286f0000)]
  0x000000002308d000 JavaThread "jar transforms Thread 57" [_thread_blocked, id=41576, stack(0x00000000284f0000,0x00000000285f0000)]
  0x000000002308c000 JavaThread "jar transforms Thread 56" [_thread_blocked, id=152076, stack(0x00000000283f0000,0x00000000284f0000)]
  0x0000000023088800 JavaThread "jar transforms Thread 55" [_thread_blocked, id=3956, stack(0x00000000282f0000,0x00000000283f0000)]
  0x000000002308b800 JavaThread "jar transforms Thread 54" [_thread_blocked, id=55928, stack(0x00000000281f0000,0x00000000282f0000)]
  0x000000002308a800 JavaThread "jar transforms Thread 53" [_thread_blocked, id=131172, stack(0x00000000280f0000,0x00000000281f0000)]
  0x000000002308e800 JavaThread "jar transforms Thread 52" [_thread_blocked, id=210700, stack(0x0000000027ff0000,0x00000000280f0000)]
  0x000000002308d800 JavaThread "jar transforms Thread 51" [_thread_blocked, id=154596, stack(0x0000000027ef0000,0x0000000027ff0000)]
  0x0000000023084000 JavaThread "jar transforms Thread 50" [_thread_blocked, id=160660, stack(0x0000000027df0000,0x0000000027ef0000)]
  0x000000002308a000 JavaThread "jar transforms Thread 49" [_thread_blocked, id=138840, stack(0x0000000027cf0000,0x0000000027df0000)]
  0x0000000023086000 JavaThread "jar transforms Thread 48" [_thread_blocked, id=80976, stack(0x0000000027bf0000,0x0000000027cf0000)]
  0x0000000023089000 JavaThread "jar transforms Thread 47" [_thread_blocked, id=75660, stack(0x0000000027af0000,0x0000000027bf0000)]
  0x0000000023085800 JavaThread "jar transforms Thread 46" [_thread_blocked, id=182708, stack(0x00000000279f0000,0x0000000027af0000)]
  0x0000000023087800 JavaThread "jar transforms Thread 45" [_thread_blocked, id=107460, stack(0x00000000278f0000,0x00000000279f0000)]
  0x0000000023081000 JavaThread "jar transforms Thread 44" [_thread_blocked, id=262096, stack(0x00000000277f0000,0x00000000278f0000)]
  0x0000000023087000 JavaThread "jar transforms Thread 43" [_thread_blocked, id=193872, stack(0x00000000276f0000,0x00000000277f0000)]
  0x0000000023081800 JavaThread "jar transforms Thread 42" [_thread_blocked, id=30168, stack(0x00000000275f0000,0x00000000276f0000)]
  0x0000000023082800 JavaThread "jar transforms Thread 41" [_thread_blocked, id=101176, stack(0x00000000274f0000,0x00000000275f0000)]
  0x0000000023084800 JavaThread "jar transforms Thread 40" [_thread_blocked, id=41072, stack(0x00000000273f0000,0x00000000274f0000)]
  0x0000000023083000 JavaThread "jar transforms Thread 39" [_thread_blocked, id=206720, stack(0x00000000272f0000,0x00000000273f0000)]
  0x0000000022af7800 JavaThread "jar transforms Thread 38" [_thread_blocked, id=219392, stack(0x00000000271f0000,0x00000000272f0000)]
  0x0000000022af7000 JavaThread "jar transforms Thread 37" [_thread_blocked, id=87672, stack(0x00000000270f0000,0x00000000271f0000)]
  0x0000000022af6000 JavaThread "jar transforms Thread 36" [_thread_blocked, id=117612, stack(0x0000000026ff0000,0x00000000270f0000)]
  0x0000000022af8800 JavaThread "jar transforms Thread 35" [_thread_blocked, id=228128, stack(0x0000000026ef0000,0x0000000026ff0000)]
  0x0000000022af5800 JavaThread "jar transforms Thread 34" [_thread_blocked, id=203420, stack(0x0000000026df0000,0x0000000026ef0000)]
  0x0000000022aee000 JavaThread "jar transforms Thread 33" [_thread_blocked, id=178396, stack(0x0000000026cf0000,0x0000000026df0000)]
  0x0000000022af4800 JavaThread "jar transforms Thread 32" [_thread_blocked, id=206400, stack(0x0000000026bf0000,0x0000000026cf0000)]
  0x0000000022af4000 JavaThread "jar transforms Thread 31" [_thread_blocked, id=165128, stack(0x00000000268f0000,0x00000000269f0000)]
  0x0000000022aec800 JavaThread "jar transforms Thread 30" [_thread_blocked, id=212888, stack(0x00000000267f0000,0x00000000268f0000)]
  0x0000000022af3000 JavaThread "jar transforms Thread 29" [_thread_blocked, id=130572, stack(0x00000000266f0000,0x00000000267f0000)]
  0x0000000022aed000 JavaThread "jar transforms Thread 28" [_thread_blocked, id=209360, stack(0x00000000265f0000,0x00000000266f0000)]
  0x0000000022af1800 JavaThread "jar transforms Thread 27" [_thread_blocked, id=90780, stack(0x00000000264f0000,0x00000000265f0000)]
  0x0000000022af1000 JavaThread "jar transforms Thread 26" [_thread_blocked, id=235560, stack(0x00000000263f0000,0x00000000264f0000)]
  0x0000000022af2800 JavaThread "jar transforms Thread 25" [_thread_blocked, id=267632, stack(0x00000000262f0000,0x00000000263f0000)]
  0x0000000022ae9000 JavaThread "jar transforms Thread 24" [_thread_blocked, id=242484, stack(0x00000000261f0000,0x00000000262f0000)]
  0x0000000022aeb000 JavaThread "jar transforms Thread 23" [_thread_blocked, id=55604, stack(0x00000000260f0000,0x00000000261f0000)]
  0x0000000022af0000 JavaThread "jar transforms Thread 22" [_thread_blocked, id=140556, stack(0x0000000025ff0000,0x00000000260f0000)]
  0x0000000022aea000 JavaThread "jar transforms Thread 21" [_thread_blocked, id=239468, stack(0x0000000025ef0000,0x0000000025ff0000)]
  0x0000000022aef800 JavaThread "jar transforms Thread 20" [_thread_blocked, id=50768, stack(0x0000000025df0000,0x0000000025ef0000)]
  0x0000000022aee800 JavaThread "jar transforms Thread 19" [_thread_blocked, id=95808, stack(0x0000000025cf0000,0x0000000025df0000)]
  0x0000000022aeb800 JavaThread "jar transforms Thread 18" [_thread_blocked, id=3576, stack(0x0000000025bf0000,0x0000000025cf0000)]
  0x0000000021179800 JavaThread "jar transforms Thread 17" [_thread_blocked, id=194372, stack(0x0000000025af0000,0x0000000025bf0000)]
  0x0000000021177800 JavaThread "jar transforms Thread 16" [_thread_blocked, id=240352, stack(0x00000000259f0000,0x0000000025af0000)]
  0x000000002117c000 JavaThread "jar transforms Thread 15" [_thread_blocked, id=110256, stack(0x00000000258f0000,0x00000000259f0000)]
  0x000000002117a800 JavaThread "jar transforms Thread 14" [_thread_blocked, id=138384, stack(0x00000000257f0000,0x00000000258f0000)]
  0x0000000021176800 JavaThread "jar transforms Thread 13" [_thread_blocked, id=164520, stack(0x00000000256f0000,0x00000000257f0000)]
  0x0000000021179000 JavaThread "jar transforms Thread 12" [_thread_blocked, id=116576, stack(0x00000000255f0000,0x00000000256f0000)]
  0x0000000021178000 JavaThread "jar transforms Thread 11" [_thread_blocked, id=199700, stack(0x00000000254f0000,0x00000000255f0000)]
  0x0000000021175000 JavaThread "jar transforms Thread 10" [_thread_blocked, id=285848, stack(0x00000000253f0000,0x00000000254f0000)]
  0x0000000021176000 JavaThread "jar transforms Thread 9" [_thread_blocked, id=27152, stack(0x00000000252f0000,0x00000000253f0000)]
  0x000000002117b000 JavaThread "jar transforms Thread 8" [_thread_blocked, id=262080, stack(0x00000000251f0000,0x00000000252f0000)]
  0x000000001a402000 JavaThread "jar transforms Thread 7" [_thread_blocked, id=278632, stack(0x00000000250f0000,0x00000000251f0000)]
  0x000000001a400000 JavaThread "jar transforms Thread 6" [_thread_blocked, id=217536, stack(0x0000000024ff0000,0x00000000250f0000)]
  0x000000001a3ff800 JavaThread "jar transforms Thread 5" [_thread_blocked, id=17128, stack(0x0000000024ef0000,0x0000000024ff0000)]
  0x000000001a406800 JavaThread "jar transforms Thread 4" [_thread_blocked, id=255880, stack(0x0000000024df0000,0x0000000024ef0000)]
  0x000000001a403800 JavaThread "jar transforms Thread 3" [_thread_blocked, id=169420, stack(0x0000000024cf0000,0x0000000024df0000)]
  0x000000001a405800 JavaThread "jar transforms Thread 2" [_thread_blocked, id=26344, stack(0x0000000024bf0000,0x0000000024cf0000)]
  0x000000001a401000 JavaThread "Build operations Thread 12" [_thread_blocked, id=230300, stack(0x00000000247a0000,0x00000000248a0000)]
  0x000000001a405000 JavaThread "Build operations Thread 11" [_thread_blocked, id=166932, stack(0x00000000246a0000,0x00000000247a0000)]
  0x000000001a402800 JavaThread "Build operations Thread 10" [_thread_blocked, id=157732, stack(0x00000000245a0000,0x00000000246a0000)]
  0x000000001a404000 JavaThread "Build operations Thread 9" [_thread_blocked, id=259636, stack(0x00000000244a0000,0x00000000245a0000)]
  0x000000001a3f8000 JavaThread "Build operations Thread 8" [_thread_blocked, id=207220, stack(0x00000000243a0000,0x00000000244a0000)]
  0x000000001a3fe800 JavaThread "Build operations Thread 7" [_thread_blocked, id=126956, stack(0x00000000242a0000,0x00000000243a0000)]
  0x000000001a3fc800 JavaThread "Build operations Thread 6" [_thread_blocked, id=259156, stack(0x00000000241a0000,0x00000000242a0000)]
  0x000000001a3fb800 JavaThread "Build operations Thread 5" [_thread_blocked, id=169772, stack(0x00000000240a0000,0x00000000241a0000)]
  0x000000001a3fb000 JavaThread "Build operations Thread 4" [_thread_blocked, id=245496, stack(0x0000000023fa0000,0x00000000240a0000)]
  0x000000001a3f7000 JavaThread "Build operations Thread 3" [_thread_blocked, id=17380, stack(0x0000000023ea0000,0x0000000023fa0000)]
  0x000000001a3fa000 JavaThread "Build operations Thread 2" [_thread_blocked, id=47280, stack(0x0000000023da0000,0x0000000023ea0000)]
  0x000000001a3fe000 JavaThread "Build operations" [_thread_blocked, id=231140, stack(0x0000000023ca0000,0x0000000023da0000)]
  0x000000001c08e000 JavaThread "Cache worker for file content cache (C:\Users\mitte\.gradle\caches\6.5\fileContent)" [_thread_blocked, id=43872, stack(0x00000000225d0000,0x00000000226d0000)]
  0x000000001c08d800 JavaThread "jar transforms" [_thread_blocked, id=141984, stack(0x00000000224d0000,0x00000000225d0000)]
  0x000000001c08c800 JavaThread "Cache worker for execution history cache (C:\Users\mitte\.gradle\caches\6.5\executionHistory)" [_thread_blocked, id=164860, stack(0x0000000021dd0000,0x0000000021ed0000)]
  0x000000001c08f800 JavaThread "Cache worker for cache directory md-rule (C:\Users\mitte\.gradle\caches\6.5\md-rule)" [_thread_blocked, id=188988, stack(0x0000000021cd0000,0x0000000021dd0000)]
  0x000000001c08c000 JavaThread "Cache worker for cache directory md-supplier (C:\Users\mitte\.gradle\caches\6.5\md-supplier)" [_thread_blocked, id=149128, stack(0x0000000021bd0000,0x0000000021cd0000)]
  0x000000001c08b000 JavaThread "Cache worker for checksums cache (D:\Monkeytech\inDEV\WoodSpoon\WoodSpoonEatersNew\.gradle\checksums)" [_thread_blocked, id=192088, stack(0x0000000020a20000,0x0000000020b20000)]
  0x000000001c08a800 JavaThread "Cache worker for file hash cache (D:\Monkeytech\inDEV\WoodSpoon\WoodSpoonEatersNew\.gradle\6.5\fileHashes)" [_thread_blocked, id=157668, stack(0x0000000020710000,0x0000000020810000)]
  0x000000001c089800 JavaThread "Cache worker for file hash cache (C:\Users\mitte\.gradle\caches\6.5\fileHashes)" [_thread_blocked, id=176832, stack(0x000000001e1c0000,0x000000001e2c0000)]
  0x000000001c089000 JavaThread "File lock request listener" [_thread_in_native, id=97940, stack(0x000000001e0c0000,0x000000001e1c0000)]
  0x000000001bf17800 JavaThread "Cache worker for journal cache (C:\Users\mitte\.gradle\caches\journal-1)" [_thread_blocked, id=2688, stack(0x000000001dfc0000,0x000000001e0c0000)]
  0x000000001bd0a800 JavaThread "Thread-9" [_thread_blocked, id=104280, stack(0x000000001dcc0000,0x000000001ddc0000)]
  0x000000001bd06800 JavaThread "Stdin handler" [_thread_blocked, id=54108, stack(0x000000001dbc0000,0x000000001dcc0000)]
  0x000000001bd06000 JavaThread "Asynchronous log dispatcher for DefaultDaemonConnection: socket connection from /127.0.0.1:60485 to /127.0.0.1:60486" [_thread_blocked, id=131616, stack(0x000000001dac0000,0x000000001dbc0000)]
  0x000000001bd35000 JavaThread "Daemon worker" [_thread_blocked, id=112360, stack(0x000000001d9c0000,0x000000001dac0000)]
  0x000000001bd34000 JavaThread "Cancel handler" [_thread_blocked, id=128776, stack(0x000000001d8c0000,0x000000001d9c0000)]
  0x000000001bceb800 JavaThread "Handler for socket connection from /127.0.0.1:60485 to /127.0.0.1:60486" [_thread_in_native, id=79064, stack(0x000000001d7c0000,0x000000001d8c0000)]
  0x000000001bce8000 JavaThread "Daemon" [_thread_blocked, id=138768, stack(0x000000001d5c0000,0x000000001d6c0000)]
  0x000000001bce5000 JavaThread "Daemon periodic checks" [_thread_blocked, id=259964, stack(0x000000001d2c0000,0x000000001d3c0000)]
  0x000000001bc7a800 JavaThread "Incoming local TCP Connector on port 60485" [_thread_in_native, id=247192, stack(0x000000001d080000,0x000000001d180000)]
  0x000000001bbf8800 JavaThread "Daemon health stats" [_thread_blocked, id=205552, stack(0x000000001ca40000,0x000000001cb40000)]
  0x00000000184e2000 JavaThread "Service Thread" daemon [_thread_blocked, id=184076, stack(0x0000000019ea0000,0x0000000019fa0000)]
  0x0000000018456800 JavaThread "C1 CompilerThread3" daemon [_thread_blocked, id=134188, stack(0x0000000019da0000,0x0000000019ea0000)]
  0x0000000018455800 JavaThread "C2 CompilerThread2" daemon [_thread_in_native, id=124656, stack(0x0000000019ca0000,0x0000000019da0000)]
=>0x0000000016d6e000 JavaThread "C2 CompilerThread1" daemon [_thread_in_native, id=253040, stack(0x0000000019ba0000,0x0000000019ca0000)]
  0x0000000016d69000 JavaThread "C2 CompilerThread0" daemon [_thread_in_native, id=227864, stack(0x0000000019aa0000,0x0000000019ba0000)]
  0x000000001844b800 JavaThread "Attach Listener" daemon [_thread_blocked, id=218424, stack(0x00000000199a0000,0x0000000019aa0000)]
  0x0000000018450000 JavaThread "Signal Dispatcher" daemon [_thread_blocked, id=53084, stack(0x00000000198a0000,0x00000000199a0000)]
  0x0000000002d9b000 JavaThread "Finalizer" daemon [_thread_blocked, id=53024, stack(0x00000000196a0000,0x00000000197a0000)]
  0x0000000018433000 JavaThread "Reference Handler" daemon [_thread_blocked, id=147984, stack(0x00000000195a0000,0x00000000196a0000)]
  0x0000000002b9e800 JavaThread "main" [_thread_blocked, id=152644, stack(0x0000000002ba0000,0x0000000002ca0000)]

Other Threads:
  0x0000000016d55800 VMThread [stack: 0x00000000194a0000,0x00000000195a0000] [id=204520]
  0x00000000184e3800 WatcherThread [stack: 0x0000000019fa0000,0x000000001a0a0000] [id=159928]

VM state:not at safepoint (normal execution)

VM Mutex/Monitor currently owned by a thread: None

heap address: 0x00000000a0000000, size: 1536 MB, Compressed Oops mode: 32-bit
Narrow klass base: 0x0000000000000000, Narrow klass shift: 3
Compressed class space size: 1073741824 Address: 0x0000000100000000

Heap:
 PSYoungGen      total 376832K, used 333814K [0x00000000e0000000, 0x00000000fb200000, 0x0000000100000000)
  eden space 344576K, 96% used [0x00000000e0000000,0x00000000f45fd878,0x00000000f5080000)
  from space 32256K, 0% used [0x00000000f5080000,0x00000000f5080000,0x00000000f7000000)
  to   space 37376K, 0% used [0x00000000f8d80000,0x00000000f8d80000,0x00000000fb200000)
 ParOldGen       total 514048K, used 483857K [0x00000000a0000000, 0x00000000bf600000, 0x00000000e0000000)
  object space 514048K, 94% used [0x00000000a0000000,0x00000000bd8845e0,0x00000000bf600000)
 Metaspace       used 81775K, capacity 85782K, committed 87960K, reserved 1124352K
  class space    used 11142K, capacity 11981K, committed 12448K, reserved 1048576K

Card table byte_map: [0x0000000012160000,0x0000000012470000] byte_map_base: 0x0000000011c60000

Marking Bits: (ParMarkBitMap*) 0x000000006648f030
 Begin Bits: [0x0000000013070000, 0x0000000014870000)
 End Bits:   [0x0000000014870000, 0x0000000016070000)

Polling page: 0x0000000002ad0000

CodeCache: size=245760Kb used=36378Kb max_used=37206Kb free=209381Kb
 bounds [0x0000000002da0000, 0x0000000005250000, 0x0000000011da0000]
 total_blobs=12672 nmethods=11851 adapters=733
 compilation: enabled

Compilation events (10 events):
Event: 13.795 Thread 0x0000000018456800 14553       1       com.android.tools.r8.code.F3::o (3 bytes)
Event: 13.795 Thread 0x0000000018456800 nmethod 14553 0x0000000003a29f50 code [0x0000000003a2a0a0, 0x0000000003a2a1b0]
Event: 13.808 Thread 0x0000000018456800 14555       2       com.android.tools.r8.graph.Z0::d (11 bytes)
Event: 13.808 Thread 0x0000000016d69000 nmethod 14549 0x00000000046f1890 code [0x00000000046f1ba0, 0x00000000046f37d8]
Event: 13.808 Thread 0x0000000018456800 nmethod 14555 0x0000000002f277d0 code [0x0000000002f27940, 0x0000000002f27b28]
Event: 13.808 Thread 0x0000000018456800 14556       2       com.android.tools.r8.graph.Z0$$Lambda$1357/1128427703::get$Lambda (9 bytes)
Event: 13.809 Thread 0x0000000018456800 nmethod 14556 0x0000000004301110 code [0x0000000004301260, 0x00000000043013f0]
Event: 13.809 Thread 0x0000000018456800 14557       2       com.android.tools.r8.graph.Z0$$Lambda$1357/1128427703::<init> (10 bytes)
Event: 13.809 Thread 0x0000000018456800 nmethod 14557 0x0000000003a2b510 code [0x0000000003a2b660, 0x0000000003a2b7d0]
Event: 13.809 Thread 0x0000000016d69000 14554       4       com.android.tools.r8.dex.r::a (233 bytes)

GC Heap History (10 events):
Event: 8.777 GC heap before
{Heap before GC invocations=17 (full 3):
 PSYoungGen      total 376832K, used 376811K [0x00000000e0000000, 0x00000000fb200000, 0x0000000100000000)
  eden space 344576K, 100% used [0x00000000e0000000,0x00000000f5080000,0x00000000f5080000)
  from space 32256K, 99% used [0x00000000f5080000,0x00000000f6ffad78,0x00000000f7000000)
  to   space 37376K, 0% used [0x00000000f8d80000,0x00000000f8d80000,0x00000000fb200000)
 ParOldGen       total 514048K, used 262244K [0x00000000a0000000, 0x00000000bf600000, 0x00000000e0000000)
  object space 514048K, 51% used [0x00000000a0000000,0x00000000b00191e0,0x00000000bf600000)
 Metaspace       used 81366K, capacity 86716K, committed 86808K, reserved 1124352K
  class space    used 11283K, capacity 12278K, committed 12320K, reserved 1048576K
Event: 8.856 GC heap after
Heap after GC invocations=17 (full 3):
 PSYoungGen      total 381952K, used 37354K [0x00000000e0000000, 0x00000000fb200000, 0x0000000100000000)
  eden space 344576K, 0% used [0x00000000e0000000,0x00000000e0000000,0x00000000f5080000)
  from space 37376K, 99% used [0x00000000f8d80000,0x00000000fb1fa940,0x00000000fb200000)
  to   space 32256K, 0% used [0x00000000f5080000,0x00000000f5080000,0x00000000f7000000)
 ParOldGen       total 514048K, used 438660K [0x00000000a0000000, 0x00000000bf600000, 0x00000000e0000000)
  object space 514048K, 85% used [0x00000000a0000000,0x00000000bac61100,0x00000000bf600000)
 Metaspace       used 81366K, capacity 86716K, committed 86808K, reserved 1124352K
  class space    used 11283K, capacity 12278K, committed 12320K, reserved 1048576K
}
Event: 8.856 GC heap before
{Heap before GC invocations=18 (full 4):
 PSYoungGen      total 381952K, used 37354K [0x00000000e0000000, 0x00000000fb200000, 0x0000000100000000)
  eden space 344576K, 0% used [0x00000000e0000000,0x00000000e0000000,0x00000000f5080000)
  from space 37376K, 99% used [0x00000000f8d80000,0x00000000fb1fa940,0x00000000fb200000)
  to   space 32256K, 0% used [0x00000000f5080000,0x00000000f5080000,0x00000000f7000000)
 ParOldGen       total 514048K, used 438660K [0x00000000a0000000, 0x00000000bf600000, 0x00000000e0000000)
  object space 514048K, 85% used [0x00000000a0000000,0x00000000bac61100,0x00000000bf600000)
 Metaspace       used 81366K, capacity 86716K, committed 86808K, reserved 1124352K
  class space    used 11283K, capacity 12278K, committed 12320K, reserved 1048576K
Event: 9.460 GC heap after
Heap after GC invocations=18 (full 4):
 PSYoungGen      total 381952K, used 0K [0x00000000e0000000, 0x00000000fb200000, 0x0000000100000000)
  eden space 344576K, 0% used [0x00000000e0000000,0x00000000e0000000,0x00000000f5080000)
  from space 37376K, 0% used [0x00000000f8d80000,0x00000000f8d80000,0x00000000fb200000)
  to   space 32256K, 0% used [0x00000000f5080000,0x00000000f5080000,0x00000000f7000000)
 ParOldGen       total 514048K, used 377435K [0x00000000a0000000, 0x00000000bf600000, 0x00000000e0000000)
  object space 514048K, 73% used [0x00000000a0000000,0x00000000b7096de8,0x00000000bf600000)
 Metaspace       used 80507K, capacity 84168K, committed 86808K, reserved 1124352K
  class space    used 11005K, capacity 11788K, committed 12320K, reserved 1048576K
}
Event: 10.363 GC heap before
{Heap before GC invocations=19 (full 4):
 PSYoungGen      total 381952K, used 344337K [0x00000000e0000000, 0x00000000fb200000, 0x0000000100000000)
  eden space 344576K, 99% used [0x00000000e0000000,0x00000000f50447c8,0x00000000f5080000)
  from space 37376K, 0% used [0x00000000f8d80000,0x00000000f8d80000,0x00000000fb200000)
  to   space 32256K, 0% used [0x00000000f5080000,0x00000000f5080000,0x00000000f7000000)
 ParOldGen       total 514048K, used 377435K [0x00000000a0000000, 0x00000000bf600000, 0x00000000e0000000)
  object space 514048K, 73% used [0x00000000a0000000,0x00000000b7096de8,0x00000000bf600000)
 Metaspace       used 80929K, capacity 84664K, committed 87320K, reserved 1124352K
  class space    used 11057K, capacity 11846K, committed 12320K, reserved 1048576K
Event: 10.385 GC heap after
Heap after GC invocations=19 (full 4):
 PSYoungGen      total 376832K, used 32251K [0x00000000e0000000, 0x00000000fb200000, 0x0000000100000000)
  eden space 344576K, 0% used [0x00000000e0000000,0x00000000e0000000,0x00000000f5080000)
  from space 32256K, 99% used [0x00000000f5080000,0x00000000f6ffeec8,0x00000000f7000000)
  to   space 37376K, 0% used [0x00000000f8d80000,0x00000000f8d80000,0x00000000fb200000)
 ParOldGen       total 514048K, used 393956K [0x00000000a0000000, 0x00000000bf600000, 0x00000000e0000000)
  object space 514048K, 76% used [0x00000000a0000000,0x00000000b80b9300,0x00000000bf600000)
 Metaspace       used 80929K, capacity 84664K, committed 87320K, reserved 1124352K
  class space    used 11057K, capacity 11846K, committed 12320K, reserved 1048576K
}
Event: 10.385 GC heap before
{Heap before GC invocations=20 (full 5):
 PSYoungGen      total 376832K, used 32251K [0x00000000e0000000, 0x00000000fb200000, 0x0000000100000000)
  eden space 344576K, 0% used [0x00000000e0000000,0x00000000e0000000,0x00000000f5080000)
  from space 32256K, 99% used [0x00000000f5080000,0x00000000f6ffeec8,0x00000000f7000000)
  to   space 37376K, 0% used [0x00000000f8d80000,0x00000000f8d80000,0x00000000fb200000)
 ParOldGen       total 514048K, used 393956K [0x00000000a0000000, 0x00000000bf600000, 0x00000000e0000000)
  object space 514048K, 76% used [0x00000000a0000000,0x00000000b80b9300,0x00000000bf600000)
 Metaspace       used 80929K, capacity 84664K, committed 87320K, reserved 1124352K
  class space    used 11057K, capacity 11846K, committed 12320K, reserved 1048576K
Event: 11.274 GC heap after
Heap after GC invocations=20 (full 5):
 PSYoungGen      total 376832K, used 0K [0x00000000e0000000, 0x00000000fb200000, 0x0000000100000000)
  eden space 344576K, 0% used [0x00000000e0000000,0x00000000e0000000,0x00000000f5080000)
  from space 32256K, 0% used [0x00000000f5080000,0x00000000f5080000,0x00000000f7000000)
  to   space 37376K, 0% used [0x00000000f8d80000,0x00000000f8d80000,0x00000000fb200000)
 ParOldGen       total 514048K, used 422153K [0x00000000a0000000, 0x00000000bf600000, 0x00000000e0000000)
  object space 514048K, 82% used [0x00000000a0000000,0x00000000b9c42758,0x00000000bf600000)
 Metaspace       used 80929K, capacity 84664K, committed 87320K, reserved 1124352K
  class space    used 11057K, capacity 11846K, committed 12320K, reserved 1048576K
}
Event: 11.975 GC heap before
{Heap before GC invocations=21 (full 6):
 PSYoungGen      total 376832K, used 344576K [0x00000000e0000000, 0x00000000fb200000, 0x0000000100000000)
  eden space 344576K, 100% used [0x00000000e0000000,0x00000000f5080000,0x00000000f5080000)
  from space 32256K, 0% used [0x00000000f5080000,0x00000000f5080000,0x00000000f7000000)
  to   space 37376K, 0% used [0x00000000f8d80000,0x00000000f8d80000,0x00000000fb200000)
 ParOldGen       total 514048K, used 422153K [0x00000000a0000000, 0x00000000bf600000, 0x00000000e0000000)
  object space 514048K, 82% used [0x00000000a0000000,0x00000000b9c42758,0x00000000bf600000)
 Metaspace       used 81732K, capacity 85724K, committed 87960K, reserved 1124352K
  class space    used 11140K, capacity 11982K, committed 12448K, reserved 1048576K
Event: 13.421 GC heap after
Heap after GC invocations=21 (full 6):
 PSYoungGen      total 376832K, used 0K [0x00000000e0000000, 0x00000000fb200000, 0x0000000100000000)
  eden space 344576K, 0% used [0x00000000e0000000,0x00000000e0000000,0x00000000f5080000)
  from space 32256K, 0% used [0x00000000f5080000,0x00000000f5080000,0x00000000f7000000)
  to   space 37376K, 0% used [0x00000000f8d80000,0x00000000f8d80000,0x00000000fb200000)
 ParOldGen       total 514048K, used 483857K [0x00000000a0000000, 0x00000000bf600000, 0x00000000e0000000)
  object space 514048K, 94% used [0x00000000a0000000,0x00000000bd8845e0,0x00000000bf600000)
 Metaspace       used 81726K, capacity 85706K, committed 87960K, reserved 1124352K
  class space    used 11138K, capacity 11979K, committed 12448K, reserved 1048576K
}

Deoptimization events (10 events):
Event: 11.762 Thread 0x0000000021120000 Uncommon trap: reason=unstable_if action=reinterpret pc=0x0000000003d942c8 method=com.android.tools.r8.t.a.a.a.h.V0.a(Ljava/lang/Object;I)I @ 69
Event: 11.836 Thread 0x000000002112a000 Uncommon trap: reason=class_check action=maybe_recompile pc=0x000000000502235c method=com.android.tools.r8.graph.W.a(Lcom/android/tools/r8/dex/F;Lcom/android/tools/r8/dex/E;)V @ 2
Event: 11.836 Thread 0x000000002112a000 Uncommon trap: reason=class_check action=maybe_recompile pc=0x000000000502235c method=com.android.tools.r8.graph.W.a(Lcom/android/tools/r8/dex/F;Lcom/android/tools/r8/dex/E;)V @ 2
Event: 11.836 Thread 0x000000002112a000 Uncommon trap: reason=class_check action=maybe_recompile pc=0x000000000502235c method=com.android.tools.r8.graph.W.a(Lcom/android/tools/r8/dex/F;Lcom/android/tools/r8/dex/E;)V @ 2
Event: 11.836 Thread 0x000000002112a000 Uncommon trap: reason=class_check action=maybe_recompile pc=0x000000000502235c method=com.android.tools.r8.graph.W.a(Lcom/android/tools/r8/dex/F;Lcom/android/tools/r8/dex/E;)V @ 2
Event: 11.836 Thread 0x000000002112a000 Uncommon trap: reason=class_check action=maybe_recompile pc=0x0000000004e42880 method=com.android.tools.r8.graph.W.a(Lcom/android/tools/r8/dex/F;Lcom/android/tools/r8/dex/E;)V @ 2
Event: 13.435 Thread 0x000000002112a000 Uncommon trap: reason=class_check action=maybe_recompile pc=0x00000000051d20d0 method=com.android.tools.r8.dex.r.a(Ljava/util/List;Ljava/util/Map;Lcom/android/tools/r8/graph/W;)V @ 5
Event: 13.435 Thread 0x000000002112a000 Uncommon trap: reason=class_check action=maybe_recompile pc=0x00000000051d20d0 method=com.android.tools.r8.dex.r.a(Ljava/util/List;Ljava/util/Map;Lcom/android/tools/r8/graph/W;)V @ 5
Event: 13.435 Thread 0x000000002112a000 Uncommon trap: reason=class_check action=maybe_recompile pc=0x00000000051d20d0 method=com.android.tools.r8.dex.r.a(Ljava/util/List;Ljava/util/Map;Lcom/android/tools/r8/graph/W;)V @ 5
Event: 13.435 Thread 0x000000002112a000 Uncommon trap: reason=class_check action=maybe_recompile pc=0x00000000051d20d0 method=com.android.tools.r8.dex.r.a(Ljava/util/List;Ljava/util/Map;Lcom/android/tools/r8/graph/W;)V @ 5

Classes redefined (0 events):
No events

Internal exceptions (10 events):
Event: 7.700 Thread 0x000000001bd0a800 Exception <a 'java/lang/NoSuchMethodError': <clinit>> (0x00000000e000b018) thrown at [C:\src\AOSP-openjdk-git\hotspot\src\share\vm\prims\jni.cpp, line 1615]
Event: 7.700 Thread 0x000000001bd0a800 Exception <a 'java/lang/NoSuchMethodError': <clinit>> (0x00000000e001a728) thrown at [C:\src\AOSP-openjdk-git\hotspot\src\share\vm\prims\jni.cpp, line 1615]
Event: 7.903 Thread 0x000000002111e000 Implicit null exception at 0x0000000004eeed77 to 0x0000000004ef3bd5
Event: 8.146 Thread 0x000000002112c800 Implicit null exception at 0x000000000370d1ef to 0x000000000370d2e1
Event: 8.660 Thread 0x000000002111e000 Exception <a 'java/lang/IncompatibleClassChangeError': Found class java.lang.Object, but interface was expected> (0x00000000f37f2300) thrown at [C:\src\AOSP-openjdk-git\hotspot\src\share\vm\interpreter\linkResolver.cpp, line 653]
Event: 9.571 Thread 0x000000002111e000 Implicit null exception at 0x0000000004ed63b4 to 0x0000000004ed66a6
Event: 11.604 Thread 0x0000000021120000 Implicit null exception at 0x0000000004ed58cf to 0x0000000004ed5a31
Event: 11.647 Thread 0x0000000021120000 Implicit null exception at 0x00000000050d61bc to 0x00000000050d6765
Event: 13.454 Thread 0x0000000021120000 Exception <a 'sun/nio/fs/WindowsException'> (0x00000000e3ad80d8) thrown at [C:\src\AOSP-openjdk-git\hotspot\src\share\vm\prims\jni.cpp, line 710]
Event: 13.763 Thread 0x0000000021121000 Exception <a 'sun/nio/fs/WindowsException'> (0x00000000f4056a08) thrown at [C:\src\AOSP-openjdk-git\hotspot\src\share\vm\prims\jni.cpp, line 710]

Events (10 events):
Event: 13.808 Thread 0x0000000016d69000 flushing nmethod 0x0000000004e8ae50
Event: 13.808 Thread 0x0000000016d69000 flushing nmethod 0x0000000004ec8950
Event: 13.808 Thread 0x0000000016d69000 flushing nmethod 0x0000000004ec8e10
Event: 13.808 Thread 0x0000000016d69000 flushing nmethod 0x0000000004ec96d0
Event: 13.809 Thread 0x0000000016d69000 flushing nmethod 0x000000000503f190
Event: 13.809 Thread 0x0000000016d69000 flushing nmethod 0x00000000050afe10
Event: 13.809 Thread 0x0000000016d69000 flushing nmethod 0x00000000050c7d90
Event: 13.809 Thread 0x0000000016d69000 flushing nmethod 0x00000000050e5610
Event: 13.809 Thread 0x0000000016d69000 flushing nmethod 0x00000000050f39d0
Event: 13.809 Thread 0x0000000016d69000 flushing nmethod 0x00000000050fea50


Dynamic libraries:
0x00007ff7482c0000 - 0x00007ff7482f1000 	C:\Program Files\Android\Android Studio\jre\bin\java.exe
0x00007ffbd49b0000 - 0x00007ffbd4ba5000 	C:\WINDOWS\SYSTEM32\ntdll.dll
0x00007ffbd2ce0000 - 0x00007ffbd2d9d000 	C:\WINDOWS\System32\KERNEL32.DLL
0x00007ffbd2490000 - 0x00007ffbd2758000 	C:\WINDOWS\System32\KERNELBASE.dll
0x00007ffbd2ef0000 - 0x00007ffbd2f9c000 	C:\WINDOWS\System32\ADVAPI32.dll
0x00007ffbd3c70000 - 0x00007ffbd3d0e000 	C:\WINDOWS\System32\msvcrt.dll
0x00007ffbd45f0000 - 0x00007ffbd468b000 	C:\WINDOWS\System32\sechost.dll
0x00007ffbd2da0000 - 0x00007ffbd2ecb000 	C:\WINDOWS\System32\RPCRT4.dll
0x00007ffbd47d0000 - 0x00007ffbd4970000 	C:\WINDOWS\System32\USER32.dll
0x00007ffbd2460000 - 0x00007ffbd2482000 	C:\WINDOWS\System32\win32u.dll
0x00007ffbd2a10000 - 0x00007ffbd2a3a000 	C:\WINDOWS\System32\GDI32.dll
0x00007ffbd2250000 - 0x00007ffbd235b000 	C:\WINDOWS\System32\gdi32full.dll
0x00007ffbd2970000 - 0x00007ffbd2a0d000 	C:\WINDOWS\System32\msvcp_win.dll
0x00007ffbd2360000 - 0x00007ffbd2460000 	C:\WINDOWS\System32\ucrtbase.dll
0x00007ffbc8140000 - 0x00007ffbc83da000 	C:\WINDOWS\WinSxS\amd64_microsoft.windows.common-controls_6595b64144ccf1df_6.0.19041.844_none_ca00b6081b84eb1d\COMCTL32.dll
0x00007ffbd2c50000 - 0x00007ffbd2c80000 	C:\WINDOWS\System32\IMM32.DLL
0x0000000065b00000 - 0x0000000065bd2000 	C:\Program Files\Android\Android Studio\jre\jre\bin\msvcr100.dll
0x0000000065cc0000 - 0x000000006650b000 	C:\Program Files\Android\Android Studio\jre\jre\bin\server\jvm.dll
0x00007ffbd2ee0000 - 0x00007ffbd2ee8000 	C:\WINDOWS\System32\PSAPI.DLL
0x00007ffbb0500000 - 0x00007ffbb0509000 	C:\WINDOWS\SYSTEM32\WSOCK32.dll
0x00007ffbc6ee0000 - 0x00007ffbc6eea000 	C:\WINDOWS\SYSTEM32\VERSION.dll
0x00007ffbbf790000 - 0x00007ffbbf7b7000 	C:\WINDOWS\SYSTEM32\WINMM.dll
0x00007ffbd4740000 - 0x00007ffbd47ab000 	C:\WINDOWS\System32\WS2_32.dll
0x00007ffbca810000 - 0x00007ffbca81f000 	C:\Program Files\Android\Android Studio\jre\jre\bin\verify.dll
0x00007ffbbdb60000 - 0x00007ffbbdb89000 	C:\Program Files\Android\Android Studio\jre\jre\bin\java.dll
0x00007ffbbdb40000 - 0x00007ffbbdb56000 	C:\Program Files\Android\Android Studio\jre\jre\bin\zip.dll
0x00007ffbd3d10000 - 0x00007ffbd4452000 	C:\WINDOWS\System32\SHELL32.dll
0x00007ffbd0220000 - 0x00007ffbd09b0000 	C:\WINDOWS\SYSTEM32\windows.storage.dll
0x00007ffbd3910000 - 0x00007ffbd3c65000 	C:\WINDOWS\System32\combase.dll
0x00007ffbd1b60000 - 0x00007ffbd1b8c000 	C:\WINDOWS\SYSTEM32\Wldp.dll
0x00007ffbd3740000 - 0x00007ffbd37ee000 	C:\WINDOWS\System32\SHCORE.dll
0x00007ffbd4590000 - 0x00007ffbd45e5000 	C:\WINDOWS\System32\shlwapi.dll
0x00007ffbd2030000 - 0x00007ffbd204f000 	C:\WINDOWS\SYSTEM32\profapi.dll
0x00007ffbbd940000 - 0x00007ffbbd95a000 	C:\Program Files\Android\Android Studio\jre\jre\bin\net.dll
0x00007ffbd18d0000 - 0x00007ffbd193a000 	C:\WINDOWS\system32\mswsock.dll
0x00007ffbbd870000 - 0x00007ffbbd883000 	C:\Program Files\Android\Android Studio\jre\jre\bin\nio.dll
0x00007ffbbdba0000 - 0x00007ffbbdbc7000 	C:\Users\mitte\.gradle\native\f6784746aeab05261644944871eae4fe03e0ef1612fff0a4a95f87b438bc6780\windows-amd64\native-platform.dll
0x00007ffbc63d0000 - 0x00007ffbc63dd000 	C:\Program Files\Android\Android Studio\jre\jre\bin\management.dll
0x00007ffbd1aa0000 - 0x00007ffbd1ab8000 	C:\WINDOWS\SYSTEM32\CRYPTSP.dll
0x00007ffbd1200000 - 0x00007ffbd1234000 	C:\WINDOWS\system32\rsaenh.dll
0x00007ffbd21c0000 - 0x00007ffbd21e7000 	C:\WINDOWS\System32\bcrypt.dll
0x00007ffbd1ff0000 - 0x00007ffbd201e000 	C:\WINDOWS\SYSTEM32\USERENV.dll
0x00007ffbd2140000 - 0x00007ffbd21c0000 	C:\WINDOWS\System32\bcryptprimitives.dll
0x00007ffbd1ac0000 - 0x00007ffbd1acc000 	C:\WINDOWS\SYSTEM32\CRYPTBASE.dll
0x00007ffbd1570000 - 0x00007ffbd15ab000 	C:\WINDOWS\SYSTEM32\IPHLPAPI.DLL
0x00007ffbd3730000 - 0x00007ffbd3738000 	C:\WINDOWS\System32\NSI.dll
0x00007ffbc9150000 - 0x00007ffbc9167000 	C:\WINDOWS\SYSTEM32\dhcpcsvc6.DLL
0x00007ffbc9130000 - 0x00007ffbc914d000 	C:\WINDOWS\SYSTEM32\dhcpcsvc.DLL
0x00007ffbd15c0000 - 0x00007ffbd168c000 	C:\WINDOWS\SYSTEM32\DNSAPI.dll
0x00007ffbca070000 - 0x00007ffbca07b000 	C:\WINDOWS\SYSTEM32\WINNSI.DLL

VM Arguments:
jvm_args: -Xmx1536m -Dfile.encoding=windows-1252 -Duser.country=GB -Duser.language=en -Duser.variant 
java_command: org.gradle.launcher.daemon.bootstrap.GradleDaemon 6.5
java_class_path (initial): C:\Users\mitte\.gradle\wrapper\dists\gradle-6.5-bin\6nifqtx7604sqp1q6g8wikw7p\gradle-6.5\lib\gradle-launcher-6.5.jar
Launcher Type: SUN_STANDARD

Environment Variables:
PATH=C:\Program Files (x86)\Common Files\Intel\Shared Libraries\redist\intel64\compiler;C:\Windows\system32;C:\Windows;C:\Windows\System32\Wbem;C:\Windows\System32\WindowsPowerShell\v1.0\;C:\Windows\System32\OpenSSH\;C:\Program Files (x86)\NVIDIA Corporation\PhysX\Common;C:\Program Files\NVIDIA Corporation\NVIDIA NvDLISR;C:\Program Files\nodejs\;C:\ProgramData\chocolatey\bin;C:\Users\mitte\AppData\Local\Programs\Python\Python39;C:\Users\mitte\AppData\Local\Programs\Python\Python39\Scripts;C:\WINDOWS\system32;C:\WINDOWS;C:\WINDOWS\System32\Wbem;C:\WINDOWS\System32\WindowsPowerShell\v1.0\;C:\WINDOWS\System32\OpenSSH\;C:\Program Files\Git\cmd;C:\Users\mitte\AppData\Local\Microsoft\WindowsApps;C:\Users\mitte\AppData\Local\Programs\Microsoft VS Code\bin;C:\Users\mitte\AppData\Roaming\npm;C:\Program Files\heroku\bin;C:\Users\mitte\AppData\Local\Programs\Python\Python39\;
USERNAME=mitte
OS=Windows_NT
PROCESSOR_IDENTIFIER=Intel64 Family 6 Model 165 Stepping 2, GenuineIntel



---------------  S Y S T E M  ---------------

OS: Windows 10.0 , 64 bit Build 19041 (10.0.19041.928)

CPU:total 12 (initial active 12) (6 cores per cpu, 2 threads per core) family 6 model 165 stepping 2, cmov, cx8, fxsr, mmx, sse, sse2, sse3, ssse3, sse4.1, sse4.2, popcnt, avx, avx2, aes, clmul, erms, 3dnowpref, lzcnt, ht, tsc, tscinvbit, bmi1, bmi2, adx

Memory: 4k page, physical 33334688k(15619240k free), swap 52534728k(5396k free)

vm_info: OpenJDK 64-Bit Server VM (25.242-b01) for windows-amd64 JRE (1.8.0_242-release-1644-b01), built by "builder" with MS VC++ 10.0 (VS2010)

time: Tue Jun 08 13:07:53 2021
timezone: Jerusalem Summer Time
elapsed time: 13 seconds (0d 0h 0m 13s)

